[2013-04-09 14:14:41] ERMRec          INFO   : Kept 100 randomly chosen users, 1519 users discarded
[2013-04-09 14:14:41] ERMRec.learning.learning DEBUG  : Learning data for user 02592 has less than 2 class values. Using DummyClassifier.
[2013-04-09 14:14:41] ERMRec          INFO   : Scoring measure AUC could not be computed for 16 out of 100 users (16.0%)
[2013-04-09 14:14:41] ERMRec          DEBUG  : Finished fold: 0, base learner: log_reg, learner: NoMerging in 0.20s
[2013-04-09 14:14:41] ERMRec.learning.learning DEBUG  : Merged data has 152 attributes and 5263 examples.
[2013-04-09 14:14:41] ERMRec          INFO   : Scoring measure AUC could not be computed for 16 out of 100 users (16.0%)
[2013-04-09 14:14:41] ERMRec          DEBUG  : Finished fold: 0, base learner: log_reg, learner: MergeAll in 0.15s
[2013-04-09 14:21:31] ERMRec.learning.learning INFO   : Learning data for merged user 02592 has less than 2 class values. Using DummyClassifier.
[2013-04-09 14:21:31] ERMRec          INFO   : Scoring measure AUC could not be computed for 16 out of 100 users (16.0%)
[2013-04-09 14:21:31] ERMRec          DEBUG  : Finished fold: 0, base learner: log_reg, learner: ERM in 405.95s
[2013-04-09 14:21:32] ERMRec          INFO   : Scoring measure AUC could not be computed for 19 out of 100 users (19.0%)
[2013-04-09 14:21:32] ERMRec          DEBUG  : Finished fold: 1, base learner: log_reg, learner: NoMerging in 0.21s
[2013-04-09 14:21:33] ERMRec.learning.learning DEBUG  : Merged data has 152 attributes and 5285 examples.
[2013-04-09 14:21:33] ERMRec          INFO   : Scoring measure AUC could not be computed for 19 out of 100 users (19.0%)
[2013-04-09 14:21:33] ERMRec          DEBUG  : Finished fold: 1, base learner: log_reg, learner: MergeAll in 0.14s
[2013-04-09 14:28:32] ERMRec          INFO   : Scoring measure AUC could not be computed for 19 out of 100 users (19.0%)
[2013-04-09 14:28:32] ERMRec          DEBUG  : Finished fold: 1, base learner: log_reg, learner: ERM in 415.63s
[2013-04-09 14:28:33] ERMRec          INFO   : Scoring measure AUC could not be computed for 18 out of 100 users (18.0%)
[2013-04-09 14:28:33] ERMRec          DEBUG  : Finished fold: 2, base learner: log_reg, learner: NoMerging in 0.19s
[2013-04-09 14:28:33] ERMRec.learning.learning DEBUG  : Merged data has 152 attributes and 5308 examples.
[2013-04-09 14:28:33] ERMRec          INFO   : Scoring measure AUC could not be computed for 18 out of 100 users (18.0%)
[2013-04-09 14:28:33] ERMRec          DEBUG  : Finished fold: 2, base learner: log_reg, learner: MergeAll in 0.14s
[2013-04-09 14:35:25] ERMRec          INFO   : Scoring measure AUC could not be computed for 18 out of 100 users (18.0%)
[2013-04-09 14:35:25] ERMRec          DEBUG  : Finished fold: 2, base learner: log_reg, learner: ERM in 408.81s
[2013-04-09 14:35:27] ERMRec          INFO   : Scoring measure AUC could not be computed for 18 out of 100 users (18.0%)
[2013-04-09 14:35:27] ERMRec          DEBUG  : Finished fold: 3, base learner: log_reg, learner: NoMerging in 0.20s
[2013-04-09 14:35:27] ERMRec.learning.learning DEBUG  : Merged data has 152 attributes and 5326 examples.
[2013-04-09 14:35:27] ERMRec          INFO   : Scoring measure AUC could not be computed for 18 out of 100 users (18.0%)
[2013-04-09 14:35:27] ERMRec          DEBUG  : Finished fold: 3, base learner: log_reg, learner: MergeAll in 0.14s
[2013-04-09 14:43:04] ERMRec          INFO   : Scoring measure AUC could not be computed for 18 out of 100 users (18.0%)
[2013-04-09 14:43:04] ERMRec          DEBUG  : Finished fold: 3, base learner: log_reg, learner: ERM in 453.45s
[2013-04-09 14:43:05] ERMRec.learning.learning DEBUG  : Learning data for user 01357 has less than 2 class values. Using DummyClassifier.
[2013-04-09 14:43:05] ERMRec          INFO   : Scoring measure AUC could not be computed for 23 out of 100 users (23.0%)
[2013-04-09 14:43:05] ERMRec          DEBUG  : Finished fold: 4, base learner: log_reg, learner: NoMerging in 0.19s
[2013-04-09 14:43:05] ERMRec.learning.learning DEBUG  : Merged data has 152 attributes and 5342 examples.
[2013-04-09 14:43:05] ERMRec          INFO   : Scoring measure AUC could not be computed for 23 out of 100 users (23.0%)
[2013-04-09 14:43:05] ERMRec          DEBUG  : Finished fold: 4, base learner: log_reg, learner: MergeAll in 0.14s
[2013-04-09 14:49:47] ERMRec.learning.learning INFO   : Learning data for merged user 01357 has less than 2 class values. Using DummyClassifier.
[2013-04-09 14:49:47] ERMRec          INFO   : Scoring measure AUC could not be computed for 23 out of 100 users (23.0%)
[2013-04-09 14:49:47] ERMRec          DEBUG  : Finished fold: 4, base learner: log_reg, learner: ERM in 398.02s
[2013-04-09 14:49:49] ERMRec          DEBUG  : Successfully pickled the results of base learner: log_reg to file: /home/tadej/ERMRec/results/users-m10-seed54-keep100/bl-log_reg.pkl
[2013-04-09 14:49:49] ERMRec          INFO   : Results of base learner: log_reg are already loaded
