[2013-06-10 21:47:52] PyMTL           DEBUG  : Report about the generated synthetic Boolean MTL problem:
[2013-06-10 21:47:52] PyMTL           DEBUG  :   Boolean function of each group:
[2013-06-10 21:47:52] PyMTL           DEBUG  :    - Group 0: (x₆ ∧ ¬ x₁ ∧ ¬ x₂) ∨ (x₁ ∧ x₁₄ ∧ ¬ x₄ ∧ ¬ x₇) ∨ (x₁₄ ∧ x₆ ∧ x₉ ∧ ¬ x₁₀) ∨ (x₃ ∧ x₄ ∧ 
¬ x₆ ∧ ¬ x₉) ∨ (x₁ ∧ x₁₁ ∧ x₁₃ ∧ x₅ ∧ ¬ x₁₂) ∨ (x₁₂ ∧ x₁₄ ∧ x₄ ∧ x₅ ∧ x₇) ∨ (x₁₃ ∧ ¬ 
x₁₀ ∧ ¬ x₁₄ ∧ ¬ x₂ ∧ ¬ x₉) ∨ (x₃ ∧ x₄ ∧ ¬ x₁₄ ∧ ¬ x₆ ∧ ¬ x₉) ∨ (x₁ ∧ x₁₅ ∧ x₆ ∧ x₇ ∧ 
¬ x₅ ∧ ¬ x₈) ∨ (x₁₀ ∧ x₃ ∧ x₄ ∧ x₅ ∧ x₆ ∧ ¬ x₁₅) ∨ (x₁₁ ∧ x₁₆ ∧ x₂ ∧ x₈ ∧ ¬ x₁₀ ∧ ¬ x
₇) ∨ (¬ x₁₀ ∧ ¬ x₁₂ ∧ ¬ x₁₃ ∧ ¬ x₁₆ ∧ ¬ x₂ ∧ ¬ x₄) ∨ (x₁ ∧ x₁₀ ∧ x₁₄ ∧ x₃ ∧ x₈ ∧ ¬ x₄
 ∧ ¬ x₉) ∨ (x₁ ∧ x₁₂ ∧ x₁₃ ∧ x₁₅ ∧ x₉ ∧ ¬ x₁₆ ∧ ¬ x₂) ∨ (x₁ ∧ x₁₆ ∧ x₃ ∧ x₇ ∧ x₈ ∧ ¬ 
x₁₁ ∧ ¬ x₆) ∨ (x₁ ∧ x₂ ∧ x₃ ∧ ¬ x₁₅ ∧ ¬ x₅ ∧ ¬ x₆ ∧ ¬ x₉) ∨ (x₁₀ ∧ x₃ ∧ ¬ x₁ ∧ ¬ x₁₆ 
∧ ¬ x₂ ∧ ¬ x₇ ∧ ¬ x₈) ∨ (x₁₁ ∧ x₁₂ ∧ x₃ ∧ x₉ ∧ ¬ x₁ ∧ ¬ x₁₃ ∧ ¬ x₅) ∨ (x₁₁ ∧ x₁₂ ∧ x₅
 ∧ x₆ ∧ ¬ x₁₃ ∧ ¬ x₂ ∧ ¬ x₇) ∨ (x₁₂ ∧ x₁₃ ∧ x₄ ∧ x₉ ∧ ¬ x₁₀ ∧ ¬ x₁₅ ∧ ¬ x₈) ∨ (x₁₃ ∧ 
x₆ ∧ ¬ x₁₂ ∧ ¬ x₃ ∧ ¬ x₇ ∧ ¬ x₈ ∧ ¬ x₉) ∨ (x₁₄ ∧ x₂ ∧ x₉ ∧ ¬ x₁ ∧ ¬ x₁₂ ∧ ¬ x₁₆ ∧ ¬ x
₈) ∨ (x₁₆ ∧ x₂ ∧ x₇ ∧ x₈ ∧ ¬ x₁ ∧ ¬ x₁₄ ∧ ¬ x₉) ∨ (x₁₆ ∧ x₃ ∧ ¬ x₁₂ ∧ ¬ x₁₄ ∧ ¬ x₇ ∧ 
¬ x₈ ∧ ¬ x₉) ∨ (x₂ ∧ x₃ ∧ x₄ ∧ ¬ x₁₂ ∧ ¬ x₁₆ ∧ ¬ x₆ ∧ ¬ x₇) ∨ (x₂ ∧ ¬ x₁₁ ∧ ¬ x₃ ∧ ¬ 
x₄ ∧ ¬ x₆ ∧ ¬ x₈ ∧ ¬ x₉) ∨ (x₃ ∧ x₆ ∧ ¬ x₁ ∧ ¬ x₁₁ ∧ ¬ x₁₃ ∧ ¬ x₁₅ ∧ ¬ x₁₆) ∨ (¬ x₁ ∧
 ¬ x₁₂ ∧ ¬ x₁₅ ∧ ¬ x₂ ∧ ¬ x₆ ∧ ¬ x₇ ∧ ¬ x₈) ∨ (x₁ ∧ x₁₀ ∧ x₁₆ ∧ x₄ ∧ x₉ ∧ ¬ x₁₁ ∧ ¬ x
₁₂ ∧ ¬ x₃) ∨ (x₁ ∧ x₁₆ ∧ x₃ ∧ x₅ ∧ x₈ ∧ ¬ x₁₃ ∧ ¬ x₂ ∧ ¬ x₉) ∨ (x₁ ∧ x₆ ∧ x₇ ∧ x₉ ∧ ¬
 x₁₀ ∧ ¬ x₁₂ ∧ ¬ x₃ ∧ ¬ x₅) ∨ (x₁₀ ∧ x₁₄ ∧ x₁₆ ∧ x₂ ∧ x₄ ∧ x₈ ∧ ¬ x₁₂ ∧ ¬ x₃) ∨ (x₁₀ 
∧ x₁₄ ∧ x₂ ∧ x₃ ∧ x₇ ∧ ¬ x₁₁ ∧ ¬ x₄ ∧ ¬ x₈) ∨ (x₁₀ ∧ x₁₅ ∧ x₇ ∧ x₉ ∧ ¬ x₁₆ ∧ ¬ x₃ ∧ ¬
 x₄ ∧ ¬ x₈) ∨ (x₁₀ ∧ x₃ ∧ x₆ ∧ x₉ ∧ ¬ x₁₄ ∧ ¬ x₁₅ ∧ ¬ x₄ ∧ ¬ x₅) ∨ (x₁₁ ∧ x₁₂ ∧ x₁₅ ∧
 x₁₆ ∧ x₄ ∧ x₈ ∧ ¬ x₁₀ ∧ ¬ x₉) ∨ (x₁₅ ∧ x₃ ∧ x₉ ∧ ¬ x₁ ∧ ¬ x₁₀ ∧ ¬ x₁₃ ∧ ¬ x₄ ∧ ¬ x₅)
 ∨ (x₁₆ ∧ x₃ ∧ x₅ ∧ x₆ ∧ x₉ ∧ ¬ x₁₁ ∧ ¬ x₁₃ ∧ ¬ x₄) ∨ (x₄ ∧ x₉ ∧ ¬ x₁ ∧ ¬ x₁₁ ∧ ¬ x₁₂
 ∧ ¬ x₃ ∧ ¬ x₅ ∧ ¬ x₇) ∨ (x₁ ∧ x₁₀ ∧ x₁₁ ∧ x₆ ∧ x₈ ∧ ¬ x₁₂ ∧ ¬ x₁₅ ∧ ¬ x₂ ∧ ¬ x₃) ∨ (
x₁ ∧ x₁₄ ∧ x₁₅ ∧ x₁₆ ∧ ¬ x₂ ∧ ¬ x₄ ∧ ¬ x₅ ∧ ¬ x₆ ∧ ¬ x₈) ∨ (x₁ ∧ x₆ ∧ ¬ x₁₂ ∧ ¬ x₁₃ ∧
 ¬ x₁₆ ∧ ¬ x₃ ∧ ¬ x₄ ∧ ¬ x₅ ∧ ¬ x₉) ∨ (x₁₀ ∧ x₁₁ ∧ x₁₃ ∧ x₃ ∧ x₅ ∧ x₈ ∧ x₉ ∧ ¬ x₁₂ ∧ 
¬ x₁₆) ∨ (x₁₀ ∧ x₁₄ ∧ x₃ ∧ ¬ x₁ ∧ ¬ x₁₁ ∧ ¬ x₁₂ ∧ ¬ x₁₃ ∧ ¬ x₁₆ ∧ ¬ x₂) ∨ (x₁₀ ∧ x₃ ∧
 x₄ ∧ ¬ x₁ ∧ ¬ x₁₁ ∧ ¬ x₁₂ ∧ ¬ x₁₆ ∧ ¬ x₇ ∧ ¬ x₈) ∨ (x₁₁ ∧ x₁₆ ∧ x₇ ∧ ¬ x₁ ∧ ¬ x₁₀ ∧ 
¬ x₁₃ ∧ ¬ x₁₄ ∧ ¬ x₅ ∧ ¬ x₆) ∨ (x₁₃ ∧ x₁₄ ∧ x₁₅ ∧ x₂ ∧ x₉ ∧ ¬ x₁₀ ∧ ¬ x₁₆ ∧ ¬ x₃ ∧ ¬ 
x₆) ∨ (x₁₃ ∧ x₂ ∧ x₃ ∧ x₅ ∧ x₆ ∧ x₈ ∧ ¬ x₁₀ ∧ ¬ x₄ ∧ ¬ x₇) ∨ (x₁₃ ∧ x₇ ∧ x₉ ∧ ¬ x₁₀ ∧
 ¬ x₁₁ ∧ ¬ x₁₂ ∧ ¬ x₁₄ ∧ ¬ x₂ ∧ ¬ x₆) ∨ (x₁ ∧ x₁₁ ∧ x₃ ∧ x₅ ∧ x₇ ∧ x₈ ∧ ¬ x₁₀ ∧ ¬ x₁₅
 ∧ ¬ x₁₆ ∧ ¬ x₂) ∨ (x₁ ∧ x₁₂ ∧ x₁₃ ∧ x₁₆ ∧ x₆ ∧ x₉ ∧ ¬ x₁₀ ∧ ¬ x₁₁ ∧ ¬ x₁₅ ∧ ¬ x₅) ∨ 
(x₁ ∧ x₁₂ ∧ x₂ ∧ x₄ ∧ ¬ x₁₁ ∧ ¬ x₁₄ ∧ ¬ x₁₆ ∧ ¬ x₅ ∧ ¬ x₆ ∧ ¬ x₉) ∨ (x₁ ∧ x₁₃ ∧ x₃ ∧ 
x₉ ∧ ¬ x₁₁ ∧ ¬ x₁₂ ∧ ¬ x₁₆ ∧ ¬ x₂ ∧ ¬ x₅ ∧ ¬ x₈) ∨ (x₁₀ ∧ x₁₁ ∧ x₁₃ ∧ x₁₄ ∧ x₃ ∧ x₅ ∧
 x₇ ∧ ¬ x₁₂ ∧ ¬ x₂ ∧ ¬ x₆) ∨ (x₁₃ ∧ x₂ ∧ x₃ ∧ ¬ x₁₀ ∧ ¬ x₁₄ ∧ ¬ x₁₆ ∧ ¬ x₄ ∧ ¬ x₆ ∧ ¬
 x₇ ∧ ¬ x₈) ∨ (x₁₄ ∧ x₁₅ ∧ x₄ ∧ x₅ ∧ x₉ ∧ ¬ x₁₁ ∧ ¬ x₁₂ ∧ ¬ x₁₃ ∧ ¬ x₆ ∧ ¬ x₇) ∨ (x₁₅
 ∧ x₇ ∧ x₈ ∧ x₉ ∧ ¬ x₁ ∧ ¬ x₁₀ ∧ ¬ x₁₁ ∧ ¬ x₂ ∧ ¬ x₄ ∧ ¬ x₆) ∨ (x₁ ∧ x₁₁ ∧ x₁₂ ∧ x₁₄ 
∧ x₄ ∧ x₅ ∧ x₆ ∧ x₇ ∧ ¬ x₁₃ ∧ ¬ x₃ ∧ ¬ x₉) ∨ (x₁ ∧ x₁₃ ∧ x₁₄ ∧ x₁₅ ∧ x₉ ∧ ¬ x₁₁ ∧ ¬ x
₃ ∧ ¬ x₄ ∧ ¬ x₆ ∧ ¬ x₇ ∧ ¬ x₈) ∨ (x₁ ∧ x₁₃ ∧ x₉ ∧ ¬ x₁₄ ∧ ¬ x₁₅ ∧ ¬ x₁₆ ∧ ¬ x₂ ∧ ¬ x₅
 ∧ ¬ x₆ ∧ ¬ x₇ ∧ ¬ x₈) ∨ (x₁₀ ∧ x₁₁ ∧ x₁₂ ∧ x₅ ∧ ¬ x₁ ∧ ¬ x₁₅ ∧ ¬ x₂ ∧ ¬ x₃ ∧ ¬ x₇ ∧ 
¬ x₈ ∧ ¬ x₉) ∨ (x₇ ∧ ¬ x₁ ∧ ¬ x₁₀ ∧ ¬ x₁₂ ∧ ¬ x₁₄ ∧ ¬ x₂ ∧ ¬ x₃ ∧ ¬ x₄ ∧ ¬ x₆ ∧ ¬ x₈ 
∧ ¬ x₉) ∨ (x₁₀ ∧ x₁₁ ∧ x₁₂ ∧ x₁₄ ∧ ¬ x₁₃ ∧ ¬ x₁₅ ∧ ¬ x₁₆ ∧ ¬ x₂ ∧ ¬ x₃ ∧ ¬ x₄ ∧ ¬ x₅ 
∧ ¬ x₇ ∧ ¬ x₈) ∨ (x₁₄ ∧ x₃ ∧ ¬ x₁ ∧ ¬ x₁₁ ∧ ¬ x₁₂ ∧ ¬ x₁₃ ∧ ¬ x₁₅ ∧ ¬ x₁₆ ∧ ¬ x₂ ∧ ¬ 
x₄ ∧ ¬ x₅ ∧ ¬ x₇ ∧ ¬ x₈)
[2013-06-10 21:47:52] PyMTL           DEBUG  :    - Group 1: (x₁ ∧ x₁₄ ∧ x₂ ∧ ¬ x₁₆ ∧ ¬ x₅) ∨ (x₁₃ ∧ x₈ ∧ ¬ x₁ ∧ ¬ x₁₂ ∧ ¬ x₂) ∨ (x₁₃ ∧ ¬ x₁₄ ∧ ¬ 
x₁₆ ∧ ¬ x₃ ∧ ¬ x₆) ∨ (x₁₄ ∧ x₁₅ ∧ ¬ x₁ ∧ ¬ x₁₀ ∧ ¬ x₈) ∨ (x₆ ∧ ¬ x₁₂ ∧ ¬ x₃ ∧ ¬ x₅ ∧ 
¬ x₇) ∨ (x₁₃ ∧ x₁₄ ∧ x₃ ∧ x₄ ∧ ¬ x₁₀ ∧ ¬ x₁₅) ∨ (x₁₃ ∧ x₃ ∧ ¬ x₁ ∧ ¬ x₁₁ ∧ ¬ x₇ ∧ ¬ x
₈) ∨ (x₁₄ ∧ x₁₅ ∧ x₃ ∧ ¬ x₁₂ ∧ ¬ x₁₆ ∧ ¬ x₂) ∨ (x₁₄ ∧ x₅ ∧ x₆ ∧ x₉ ∧ ¬ x₁₅ ∧ ¬ x₈) ∨ 
(x₁₅ ∧ x₃ ∧ x₆ ∧ x₇ ∧ ¬ x₁ ∧ ¬ x₁₄) ∨ (x₁₅ ∧ x₄ ∧ x₈ ∧ ¬ x₁₁ ∧ ¬ x₁₂ ∧ ¬ x₂) ∨ (x₁₅ ∧
 ¬ x₁₃ ∧ ¬ x₁₆ ∧ ¬ x₃ ∧ ¬ x₄ ∧ ¬ x₅) ∨ (x₁₆ ∧ x₂ ∧ x₈ ∧ ¬ x₁₀ ∧ ¬ x₁₂ ∧ ¬ x₁₃) ∨ (x₁₆
 ∧ x₂ ∧ ¬ x₁₁ ∧ ¬ x₁₅ ∧ ¬ x₃ ∧ ¬ x₈) ∨ (x₁₆ ∧ x₃ ∧ ¬ x₁ ∧ ¬ x₁₂ ∧ ¬ x₁₄ ∧ ¬ x₇) ∨ (x₁
 ∧ x₁₀ ∧ x₁₂ ∧ x₆ ∧ x₈ ∧ ¬ x₃ ∧ ¬ x₄) ∨ (x₁ ∧ x₁₁ ∧ x₁₂ ∧ x₁₃ ∧ ¬ x₅ ∧ ¬ x₇ ∧ ¬ x₈) ∨
 (x₁ ∧ x₁₁ ∧ x₁₂ ∧ x₂ ∧ x₆ ∧ ¬ x₁₅ ∧ ¬ x₁₆) ∨ (x₁ ∧ x₁₂ ∧ x₁₃ ∧ x₃ ∧ x₆ ∧ x₉ ∧ ¬ x₅) 
∨ (x₁ ∧ x₁₆ ∧ x₉ ∧ ¬ x₁₀ ∧ ¬ x₁₁ ∧ ¬ x₁₄ ∧ ¬ x₅) ∨ (x₁ ∧ x₈ ∧ ¬ x₁₀ ∧ ¬ x₁₃ ∧ ¬ x₁₆ ∧
 ¬ x₃ ∧ ¬ x₄) ∨ (x₁₃ ∧ x₁₅ ∧ x₁₆ ∧ ¬ x₁₀ ∧ ¬ x₁₁ ∧ ¬ x₄ ∧ ¬ x₇) ∨ (x₁₄ ∧ x₁₆ ∧ x₂ ∧ x
₃ ∧ ¬ x₄ ∧ ¬ x₆ ∧ ¬ x₉) ∨ (x₁₅ ∧ x₈ ∧ ¬ x₂ ∧ ¬ x₃ ∧ ¬ x₅ ∧ ¬ x₆ ∧ ¬ x₇) ∨ (x₁₆ ∧ x₂ ∧
 ¬ x₁ ∧ ¬ x₁₁ ∧ ¬ x₁₄ ∧ ¬ x₁₅ ∧ ¬ x₆) ∨ (x₂ ∧ x₃ ∧ x₄ ∧ x₅ ∧ ¬ x₁₁ ∧ ¬ x₁₄ ∧ ¬ x₇) ∨ 
(x₃ ∧ x₄ ∧ x₆ ∧ ¬ x₁₂ ∧ ¬ x₁₃ ∧ ¬ x₇ ∧ ¬ x₈) ∨ (x₁ ∧ x₁₁ ∧ x₁₅ ∧ ¬ x₁₄ ∧ ¬ x₂ ∧ ¬ x₃ 
∧ ¬ x₄ ∧ ¬ x₇) ∨ (x₁ ∧ x₁₅ ∧ x₂ ∧ x₅ ∧ ¬ x₁₁ ∧ ¬ x₁₂ ∧ ¬ x₁₆ ∧ ¬ x₄) ∨ (x₁ ∧ x₁₅ ∧ x₆
 ∧ ¬ x₁₁ ∧ ¬ x₁₂ ∧ ¬ x₁₃ ∧ ¬ x₁₆ ∧ ¬ x₄) ∨ (x₁ ∧ x₁₆ ∧ x₃ ∧ x₆ ∧ x₇ ∧ ¬ x₄ ∧ ¬ x₅ ∧ ¬
 x₉) ∨ (x₁₀ ∧ x₁₂ ∧ x₃ ∧ x₅ ∧ ¬ x₁ ∧ ¬ x₁₁ ∧ ¬ x₂ ∧ ¬ x₉) ∨ (x₁₁ ∧ x₁₂ ∧ x₁₄ ∧ x₁₅ ∧ 
x₇ ∧ ¬ x₁₀ ∧ ¬ x₈ ∧ ¬ x₉) ∨ (x₁₁ ∧ x₁₃ ∧ x₁₆ ∧ x₂ ∧ ¬ x₁ ∧ ¬ x₁₀ ∧ ¬ x₄ ∧ ¬ x₆) ∨ (x₁
₁ ∧ x₁₅ ∧ x₇ ∧ ¬ x₁₀ ∧ ¬ x₁₄ ∧ ¬ x₂ ∧ ¬ x₄ ∧ ¬ x₆) ∨ (x₁₁ ∧ x₆ ∧ x₇ ∧ x₈ ∧ ¬ x₁₆ ∧ ¬ 
x₂ ∧ ¬ x₃ ∧ ¬ x₉) ∨ (x₁₂ ∧ x₁₆ ∧ x₂ ∧ x₅ ∧ x₇ ∧ ¬ x₃ ∧ ¬ x₈ ∧ ¬ x₉) ∨ (x₁₃ ∧ x₁₅ ∧ x₆
 ∧ x₉ ∧ ¬ x₁₂ ∧ ¬ x₁₆ ∧ ¬ x₃ ∧ ¬ x₇) ∨ (x₁₃ ∧ x₂ ∧ x₃ ∧ x₆ ∧ x₇ ∧ ¬ x₁₀ ∧ ¬ x₄ ∧ ¬ x₈
) ∨ (x₁₅ ∧ x₃ ∧ x₇ ∧ x₉ ∧ ¬ x₁₁ ∧ ¬ x₁₆ ∧ ¬ x₅ ∧ ¬ x₆) ∨ (x₁₅ ∧ x₄ ∧ x₆ ∧ ¬ x₁₀ ∧ ¬ x
₁₁ ∧ ¬ x₁₄ ∧ ¬ x₇ ∧ ¬ x₉) ∨ (x₁₆ ∧ x₉ ∧ ¬ x₁₀ ∧ ¬ x₁₁ ∧ ¬ x₄ ∧ ¬ x₅ ∧ ¬ x₆ ∧ ¬ x₇) ∨ 
(x₂ ∧ x₃ ∧ x₅ ∧ ¬ x₁₀ ∧ ¬ x₁₁ ∧ ¬ x₁₂ ∧ ¬ x₁₅ ∧ ¬ x₇) ∨ (x₁ ∧ x₁₄ ∧ ¬ x₁₂ ∧ ¬ x₁₅ ∧ ¬
 x₁₆ ∧ ¬ x₂ ∧ ¬ x₃ ∧ ¬ x₇ ∧ ¬ x₉) ∨ (x₁₀ ∧ x₁₆ ∧ x₈ ∧ x₉ ∧ ¬ x₁₁ ∧ ¬ x₁₂ ∧ ¬ x₁₃ ∧ ¬ 
x₁₅ ∧ ¬ x₆) ∨ (x₁₁ ∧ x₁₂ ∧ x₇ ∧ ¬ x₁₆ ∧ ¬ x₂ ∧ ¬ x₃ ∧ ¬ x₄ ∧ ¬ x₅ ∧ ¬ x₉) ∨ (x₁₁ ∧ x₁
₄ ∧ x₁₆ ∧ x₃ ∧ x₄ ∧ x₈ ∧ ¬ x₁ ∧ ¬ x₅ ∧ ¬ x₆) ∨ (x₁₃ ∧ x₁₆ ∧ x₄ ∧ x₇ ∧ x₉ ∧ ¬ x₁₀ ∧ ¬ 
x₁₁ ∧ ¬ x₁₅ ∧ ¬ x₃) ∨ (x₁₃ ∧ x₂ ∧ x₆ ∧ ¬ x₁ ∧ ¬ x₁₀ ∧ ¬ x₁₁ ∧ ¬ x₁₂ ∧ ¬ x₄ ∧ ¬ x₅) ∨ 
(x₁ ∧ x₁₀ ∧ x₁₁ ∧ x₁₃ ∧ x₁₄ ∧ x₁₅ ∧ x₃ ∧ x₄ ∧ x₇ ∧ ¬ x₉) ∨ (x₁ ∧ x₁₀ ∧ x₆ ∧ x₇ ∧ ¬ x₁
₂ ∧ ¬ x₁₃ ∧ ¬ x₁₄ ∧ ¬ x₁₅ ∧ ¬ x₁₆ ∧ ¬ x₃) ∨ (x₁ ∧ x₁₁ ∧ x₁₅ ∧ ¬ x₁₀ ∧ ¬ x₁₄ ∧ ¬ x₁₆ ∧
 ¬ x₂ ∧ ¬ x₄ ∧ ¬ x₅ ∧ ¬ x₇) ∨ (x₁ ∧ x₄ ∧ x₆ ∧ x₉ ∧ ¬ x₁₃ ∧ ¬ x₁₆ ∧ ¬ x₂ ∧ ¬ x₃ ∧ ¬ x₅
 ∧ ¬ x₇) ∨ (x₁₂ ∧ x₁₃ ∧ x₄ ∧ x₇ ∧ ¬ x₁₁ ∧ ¬ x₁₆ ∧ ¬ x₃ ∧ ¬ x₅ ∧ ¬ x₈ ∧ ¬ x₉) ∨ (x₁₅ ∧
 x₁₆ ∧ x₂ ∧ x₆ ∧ x₇ ∧ x₉ ∧ ¬ x₁ ∧ ¬ x₁₁ ∧ ¬ x₃ ∧ ¬ x₈) ∨ (x₁₅ ∧ x₃ ∧ x₅ ∧ ¬ x₁₀ ∧ ¬ x
₁₁ ∧ ¬ x₁₂ ∧ ¬ x₂ ∧ ¬ x₆ ∧ ¬ x₇ ∧ ¬ x₉) ∨ (x₁ ∧ x₁₁ ∧ x₁₂ ∧ x₇ ∧ x₈ ∧ x₉ ∧ ¬ x₁₀ ∧ ¬ 
x₁₃ ∧ ¬ x₁₄ ∧ ¬ x₂ ∧ ¬ x₆) ∨ (x₁ ∧ x₂ ∧ x₄ ∧ x₅ ∧ x₆ ∧ x₈ ∧ ¬ x₁₁ ∧ ¬ x₁₂ ∧ ¬ x₁₄ ∧ ¬
 x₁₅ ∧ ¬ x₃) ∨ (x₁₀ ∧ x₁₂ ∧ x₁₃ ∧ x₁₅ ∧ x₁₆ ∧ x₃ ∧ ¬ x₅ ∧ ¬ x₆ ∧ ¬ x₇ ∧ ¬ x₈ ∧ ¬ x₉) 
∨ (x₁₁ ∧ x₁₃ ∧ x₁₄ ∧ x₁₆ ∧ x₂ ∧ x₅ ∧ x₈ ∧ x₉ ∧ ¬ x₁ ∧ ¬ x₁₀ ∧ ¬ x₁₂) ∨ (x₁₂ ∧ x₂ ∧ x₈
 ∧ ¬ x₁ ∧ ¬ x₁₁ ∧ ¬ x₁₃ ∧ ¬ x₁₅ ∧ ¬ x₁₆ ∧ ¬ x₃ ∧ ¬ x₄ ∧ ¬ x₇) ∨ (x₁₄ ∧ x₁₅ ∧ x₆ ∧ x₇ 
∧ x₈ ∧ x₉ ∧ ¬ x₁ ∧ ¬ x₁₀ ∧ ¬ x₁₁ ∧ ¬ x₃ ∧ ¬ x₄) ∨ (x₁ ∧ x₁₀ ∧ x₁₁ ∧ x₁₃ ∧ x₄ ∧ x₅ ∧ x
₇ ∧ ¬ x₁₆ ∧ ¬ x₃ ∧ ¬ x₆ ∧ ¬ x₈ ∧ ¬ x₉) ∨ (x₁₂ ∧ x₁₆ ∧ x₃ ∧ x₆ ∧ x₇ ∧ x₉ ∧ ¬ x₁₀ ∧ ¬ x
₁₁ ∧ ¬ x₁₃ ∧ ¬ x₂ ∧ ¬ x₄ ∧ ¬ x₈)
[2013-06-10 21:47:52] PyMTL           DEBUG  :    - Group 2: (x₁₀ ∧ x₁₃ ∧ x₄ ∧ x₇) ∨ (x₁₀ ∧ x₁₆ ∧ x₆ ∧ ¬ x₃) ∨ (x₁₂ ∧ x₁₆ ∧ x₃ ∧ x₄) ∨ (x₁₃ ∧ x₄ ∧
 ¬ x₁₀ ∧ ¬ x₁₄) ∨ (x₁ ∧ x₁₁ ∧ x₁₂ ∧ ¬ x₁₃ ∧ ¬ x₂) ∨ (x₁ ∧ x₁₆ ∧ x₈ ∧ ¬ x₁₃ ∧ ¬ x₃) ∨ 
(x₁ ∧ x₈ ∧ ¬ x₁₁ ∧ ¬ x₁₅ ∧ ¬ x₂) ∨ (x₁₁ ∧ x₁₆ ∧ x₃ ∧ x₅ ∧ ¬ x₁₄) ∨ (x₁₁ ∧ x₂ ∧ x₆ ∧ x
₉ ∧ ¬ x₃) ∨ (x₁₃ ∧ x₈ ∧ ¬ x₁₀ ∧ ¬ x₁₁ ∧ ¬ x₅) ∨ (x₁ ∧ x₁₄ ∧ x₁₆ ∧ ¬ x₁₀ ∧ ¬ x₄ ∧ ¬ x₆
) ∨ (x₁ ∧ x₂ ∧ ¬ x₁₂ ∧ ¬ x₁₃ ∧ ¬ x₁₅ ∧ ¬ x₉) ∨ (x₁₃ ∧ ¬ x₁ ∧ ¬ x₁₆ ∧ ¬ x₃ ∧ ¬ x₄ ∧ ¬ 
x₈) ∨ (x₁₄ ∧ x₆ ∧ x₇ ∧ x₉ ∧ ¬ x₁ ∧ ¬ x₅) ∨ (x₂ ∧ ¬ x₁₁ ∧ ¬ x₁₅ ∧ ¬ x₆ ∧ ¬ x₇ ∧ ¬ x₈) 
∨ (x₅ ∧ ¬ x₁₁ ∧ ¬ x₁₃ ∧ ¬ x₃ ∧ ¬ x₄ ∧ ¬ x₉) ∨ (¬ x₁₃ ∧ ¬ x₁₆ ∧ ¬ x₂ ∧ ¬ x₃ ∧ ¬ x₈ ∧ ¬
 x₉) ∨ (x₁ ∧ x₁₀ ∧ x₁₃ ∧ x₇ ∧ ¬ x₁₁ ∧ ¬ x₂ ∧ ¬ x₄) ∨ (x₁ ∧ x₁₀ ∧ x₁₄ ∧ x₅ ∧ x₇ ∧ ¬ x₁
₃ ∧ ¬ x₆) ∨ (x₁₀ ∧ x₁₁ ∧ x₁₃ ∧ x₅ ∧ ¬ x₁₂ ∧ ¬ x₁₅ ∧ ¬ x₃) ∨ (x₁₀ ∧ x₁₄ ∧ x₆ ∧ x₇ ∧ x₉
 ∧ ¬ x₄ ∧ ¬ x₅) ∨ (x₁₂ ∧ x₁₄ ∧ x₁₆ ∧ x₅ ∧ x₈ ∧ ¬ x₁₀ ∧ ¬ x₇) ∨ (x₁₃ ∧ x₁₅ ∧ x₁₆ ∧ ¬ x
₂ ∧ ¬ x₄ ∧ ¬ x₇ ∧ ¬ x₈) ∨ (x₁₄ ∧ x₂ ∧ x₃ ∧ x₈ ∧ ¬ x₄ ∧ ¬ x₅ ∧ ¬ x₇) ∨ (x₁₄ ∧ x₆ ∧ x₉ 
∧ ¬ x₁₀ ∧ ¬ x₁₂ ∧ ¬ x₁₆ ∧ ¬ x₃) ∨ (x₃ ∧ x₅ ∧ x₇ ∧ x₉ ∧ ¬ x₁ ∧ ¬ x₄ ∧ ¬ x₈) ∨ (x₃ ∧ x₆
 ∧ x₇ ∧ x₉ ∧ ¬ x₁₄ ∧ ¬ x₂ ∧ ¬ x₄) ∨ (x₁ ∧ x₁₀ ∧ x₁₃ ∧ x₁₄ ∧ x₈ ∧ ¬ x₁₅ ∧ ¬ x₆ ∧ ¬ x₇)
 ∨ (x₁ ∧ x₁₁ ∧ x₁₄ ∧ x₄ ∧ ¬ x₁₀ ∧ ¬ x₁₃ ∧ ¬ x₂ ∧ ¬ x₃) ∨ (x₁ ∧ x₁₃ ∧ x₁₆ ∧ x₂ ∧ x₉ ∧ 
¬ x₁₅ ∧ ¬ x₇ ∧ ¬ x₈) ∨ (x₁ ∧ x₁₄ ∧ x₂ ∧ x₇ ∧ x₈ ∧ ¬ x₁₀ ∧ ¬ x₁₂ ∧ ¬ x₃) ∨ (x₁₀ ∧ x₇ ∧
 ¬ x₁₂ ∧ ¬ x₁₄ ∧ ¬ x₁₅ ∧ ¬ x₂ ∧ ¬ x₅ ∧ ¬ x₈) ∨ (x₁₁ ∧ x₁₂ ∧ x₄ ∧ x₈ ∧ ¬ x₁₃ ∧ ¬ x₁₆ ∧
 ¬ x₃ ∧ ¬ x₉) ∨ (x₁₂ ∧ x₁₄ ∧ x₁₆ ∧ x₅ ∧ ¬ x₁ ∧ ¬ x₁₀ ∧ ¬ x₁₃ ∧ ¬ x₉) ∨ (x₁₂ ∧ x₁₅ ∧ x
₈ ∧ ¬ x₁₃ ∧ ¬ x₁₄ ∧ ¬ x₂ ∧ ¬ x₃ ∧ ¬ x₆) ∨ (x₁₂ ∧ x₃ ∧ x₈ ∧ ¬ x₁₁ ∧ ¬ x₁₃ ∧ ¬ x₄ ∧ ¬ x
₅ ∧ ¬ x₉) ∨ (x₁₂ ∧ x₃ ∧ ¬ x₁ ∧ ¬ x₁₀ ∧ ¬ x₁₃ ∧ ¬ x₁₄ ∧ ¬ x₁₅ ∧ ¬ x₂) ∨ (x₁₄ ∧ x₃ ∧ x₈
 ∧ ¬ x₁ ∧ ¬ x₁₁ ∧ ¬ x₅ ∧ ¬ x₆ ∧ ¬ x₇) ∨ (x₁₆ ∧ x₃ ∧ x₄ ∧ x₆ ∧ x₇ ∧ ¬ x₁₂ ∧ ¬ x₁₅ ∧ ¬ 
x₉) ∨ (x₁₆ ∧ x₄ ∧ x₈ ∧ ¬ x₁ ∧ ¬ x₁₁ ∧ ¬ x₁₃ ∧ ¬ x₁₄ ∧ ¬ x₆) ∨ (x₃ ∧ x₉ ∧ ¬ x₁₀ ∧ ¬ x₁
₁ ∧ ¬ x₁₆ ∧ ¬ x₂ ∧ ¬ x₄ ∧ ¬ x₅) ∨ (x₄ ∧ x₆ ∧ x₉ ∧ ¬ x₁₀ ∧ ¬ x₁₁ ∧ ¬ x₁₂ ∧ ¬ x₃ ∧ ¬ x₈
) ∨ (x₁ ∧ x₁₀ ∧ x₁₃ ∧ x₁₄ ∧ x₂ ∧ ¬ x₁₂ ∧ ¬ x₁₅ ∧ ¬ x₆ ∧ ¬ x₇) ∨ (x₁ ∧ x₁₁ ∧ x₁₃ ∧ x₃ 
∧ ¬ x₁₀ ∧ ¬ x₁₆ ∧ ¬ x₅ ∧ ¬ x₇ ∧ ¬ x₉) ∨ (x₁ ∧ x₁₂ ∧ x₁₃ ∧ x₁₅ ∧ x₂ ∧ x₄ ∧ x₆ ∧ ¬ x₁₁ 
∧ ¬ x₃) ∨ (x₁ ∧ x₁₆ ∧ x₂ ∧ x₉ ∧ ¬ x₁₀ ∧ ¬ x₁₂ ∧ ¬ x₄ ∧ ¬ x₅ ∧ ¬ x₈) ∨ (x₁₀ ∧ x₁₁ ∧ x₁
₃ ∧ x₂ ∧ x₃ ∧ x₆ ∧ x₈ ∧ ¬ x₁₅ ∧ ¬ x₇) ∨ (x₁₁ ∧ x₁₂ ∧ x₁₃ ∧ x₁₄ ∧ x₁₅ ∧ x₄ ∧ ¬ x₁ ∧ ¬ 
x₇ ∧ ¬ x₉) ∨ (x₁₁ ∧ x₂ ∧ ¬ x₁₀ ∧ ¬ x₁₃ ∧ ¬ x₁₅ ∧ ¬ x₃ ∧ ¬ x₄ ∧ ¬ x₇ ∧ ¬ x₉) ∨ (x₁₄ ∧ 
x₂ ∧ x₃ ∧ x₈ ∧ ¬ x₁ ∧ ¬ x₁₅ ∧ ¬ x₄ ∧ ¬ x₇ ∧ ¬ x₉) ∨ (x₁₅ ∧ x₆ ∧ x₈ ∧ ¬ x₁ ∧ ¬ x₁₀ ∧ ¬
 x₁₁ ∧ ¬ x₁₆ ∧ ¬ x₂ ∧ ¬ x₉) ∨ (x₃ ∧ x₅ ∧ x₆ ∧ x₈ ∧ x₉ ∧ ¬ x₁ ∧ ¬ x₁₂ ∧ ¬ x₁₃ ∧ ¬ x₁₅)
 ∨ (x₁ ∧ x₁₀ ∧ x₁₁ ∧ x₁₆ ∧ x₄ ∧ x₇ ∧ ¬ x₁₅ ∧ ¬ x₂ ∧ ¬ x₅ ∧ ¬ x₆) ∨ (x₁ ∧ x₁₀ ∧ x₁₃ ∧ 
x₁₅ ∧ x₂ ∧ x₄ ∧ ¬ x₁₁ ∧ ¬ x₃ ∧ ¬ x₇ ∧ ¬ x₈) ∨ (x₁ ∧ x₁₁ ∧ x₁₅ ∧ x₄ ∧ x₆ ∧ x₈ ∧ ¬ x₁₀ 
∧ ¬ x₁₂ ∧ ¬ x₂ ∧ ¬ x₃) ∨ (x₁ ∧ x₁₃ ∧ x₁₆ ∧ x₇ ∧ ¬ x₁₁ ∧ ¬ x₁₅ ∧ ¬ x₃ ∧ ¬ x₆ ∧ ¬ x₈ ∧ 
¬ x₉) ∨ (x₁ ∧ x₁₆ ∧ x₆ ∧ x₉ ∧ ¬ x₁₁ ∧ ¬ x₁₂ ∧ ¬ x₁₃ ∧ ¬ x₂ ∧ ¬ x₇ ∧ ¬ x₈) ∨ (x₁₀ ∧ x₁
₂ ∧ x₁₅ ∧ x₂ ∧ x₃ ∧ x₅ ∧ x₇ ∧ x₉ ∧ ¬ x₁₆ ∧ ¬ x₈) ∨ (x₁₁ ∧ x₁₄ ∧ x₂ ∧ x₄ ∧ x₅ ∧ x₉ ∧ ¬
 x₁₂ ∧ ¬ x₁₃ ∧ ¬ x₁₅ ∧ ¬ x₈) ∨ (x₁₁ ∧ x₁₅ ∧ x₁₆ ∧ x₇ ∧ ¬ x₁₀ ∧ ¬ x₁₃ ∧ ¬ x₁₄ ∧ ¬ x₆ ∧
 ¬ x₈ ∧ ¬ x₉) ∨ (x₁₂ ∧ x₁₄ ∧ x₆ ∧ x₉ ∧ ¬ x₁ ∧ ¬ x₁₀ ∧ ¬ x₁₃ ∧ ¬ x₁₅ ∧ ¬ x₂ ∧ ¬ x₃) ∨ 
(x₁₃ ∧ x₅ ∧ ¬ x₁₀ ∧ ¬ x₁₅ ∧ ¬ x₁₆ ∧ ¬ x₂ ∧ ¬ x₆ ∧ ¬ x₇ ∧ ¬ x₈ ∧ ¬ x₉) ∨ (x₁ ∧ x₁₀ ∧ x
₁₃ ∧ x₁₅ ∧ x₂ ∧ x₃ ∧ x₅ ∧ x₇ ∧ ¬ x₁₁ ∧ ¬ x₁₂ ∧ ¬ x₆) ∨ (x₁₀ ∧ x₁₂ ∧ x₁₅ ∧ x₂ ∧ x₄ ∧ ¬
 x₁ ∧ ¬ x₁₁ ∧ ¬ x₁₆ ∧ ¬ x₅ ∧ ¬ x₆ ∧ ¬ x₇)
[2013-06-10 21:47:52] PyMTL           DEBUG  :    - Group 3: (x₁ ∧ x₅ ∧ ¬ x₇) ∨ (x₁ ∧ x₁₃ ∧ x₁₅ ∧ x₃ ∧ ¬ x₂) ∨ (x₁ ∧ x₁₃ ∧ x₄ ∧ ¬ x₁₄ ∧ ¬ x₉) ∨ (x
₁₂ ∧ x₂ ∧ ¬ x₁₀ ∧ ¬ x₁₁ ∧ ¬ x₆) ∨ (x₁₆ ∧ x₇ ∧ ¬ x₁₀ ∧ ¬ x₁₅ ∧ ¬ x₆) ∨ (x₂ ∧ x₄ ∧ ¬ x₁
₀ ∧ ¬ x₁₄ ∧ ¬ x₃) ∨ (x₁ ∧ x₁₀ ∧ x₈ ∧ ¬ x₁₃ ∧ ¬ x₃ ∧ ¬ x₉) ∨ (x₁ ∧ x₁₁ ∧ x₅ ∧ ¬ x₁₃ ∧ 
¬ x₆ ∧ ¬ x₉) ∨ (x₁ ∧ x₁₂ ∧ x₄ ∧ x₅ ∧ x₆ ∧ ¬ x₈) ∨ (x₁ ∧ x₁₂ ∧ ¬ x₁₀ ∧ ¬ x₄ ∧ ¬ x₈ ∧ ¬
 x₉) ∨ (x₁ ∧ x₁₃ ∧ x₄ ∧ ¬ x₁₅ ∧ ¬ x₃ ∧ ¬ x₉) ∨ (x₁₀ ∧ x₁₅ ∧ x₃ ∧ x₄ ∧ ¬ x₅ ∧ ¬ x₆) ∨ 
(x₁₀ ∧ x₁₅ ∧ x₉ ∧ ¬ x₁ ∧ ¬ x₁₄ ∧ ¬ x₄) ∨ (x₁₄ ∧ x₁₅ ∧ x₁₆ ∧ x₇ ∧ x₈ ∧ ¬ x₉) ∨ (x₁₅ ∧ 
x₁₆ ∧ x₇ ∧ x₈ ∧ ¬ x₁₃ ∧ ¬ x₂) ∨ (x₄ ∧ x₇ ∧ ¬ x₁₂ ∧ ¬ x₁₅ ∧ ¬ x₂ ∧ ¬ x₃) ∨ (x₁ ∧ x₁₀ ∧
 x₁₅ ∧ x₈ ∧ ¬ x₁₁ ∧ ¬ x₁₄ ∧ ¬ x₅) ∨ (x₁ ∧ x₁₀ ∧ x₁₆ ∧ ¬ x₁₃ ∧ ¬ x₅ ∧ ¬ x₆ ∧ ¬ x₈) ∨ (
x₁ ∧ x₁₁ ∧ x₁₆ ∧ x₉ ∧ ¬ x₂ ∧ ¬ x₃ ∧ ¬ x₄) ∨ (x₁ ∧ x₁₂ ∧ x₁₅ ∧ x₁₆ ∧ x₆ ∧ x₉ ∧ ¬ x₄) ∨
 (x₁ ∧ x₁₄ ∧ x₅ ∧ ¬ x₁₁ ∧ ¬ x₂ ∧ ¬ x₃ ∧ ¬ x₄) ∨ (x₁ ∧ x₈ ∧ x₉ ∧ ¬ x₁₁ ∧ ¬ x₁₃ ∧ ¬ x₁₆
 ∧ ¬ x₇) ∨ (x₁₀ ∧ x₁₅ ∧ x₄ ∧ x₈ ∧ ¬ x₁₃ ∧ ¬ x₁₄ ∧ ¬ x₂) ∨ (x₁₀ ∧ x₄ ∧ x₇ ∧ ¬ x₁ ∧ ¬ x
₁₃ ∧ ¬ x₁₅ ∧ ¬ x₂) ∨ (x₁₂ ∧ x₃ ∧ x₅ ∧ x₈ ∧ ¬ x₁ ∧ ¬ x₂ ∧ ¬ x₆) ∨ (x₁₃ ∧ x₁₆ ∧ x₃ ∧ ¬ 
x₄ ∧ ¬ x₅ ∧ ¬ x₈ ∧ ¬ x₉) ∨ (x₁₄ ∧ x₆ ∧ ¬ x₁ ∧ ¬ x₁₆ ∧ ¬ x₂ ∧ ¬ x₅ ∧ ¬ x₈) ∨ (x₁₄ ∧ x₇
 ∧ x₉ ∧ ¬ x₁₅ ∧ ¬ x₅ ∧ ¬ x₆ ∧ ¬ x₈) ∨ (x₁₆ ∧ x₃ ∧ x₉ ∧ ¬ x₁ ∧ ¬ x₁₂ ∧ ¬ x₂ ∧ ¬ x₄) ∨ 
(x₁ ∧ x₁₀ ∧ x₁₄ ∧ x₁₆ ∧ x₇ ∧ ¬ x₁₃ ∧ ¬ x₃ ∧ ¬ x₆) ∨ (x₁ ∧ x₁₁ ∧ x₁₄ ∧ x₈ ∧ x₉ ∧ ¬ x₁₀
 ∧ ¬ x₁₂ ∧ ¬ x₁₅) ∨ (x₁ ∧ x₁₄ ∧ x₁₆ ∧ ¬ x₁₅ ∧ ¬ x₂ ∧ ¬ x₅ ∧ ¬ x₈ ∧ ¬ x₉) ∨ (x₁ ∧ x₁₄ 
∧ x₉ ∧ ¬ x₁₅ ∧ ¬ x₄ ∧ ¬ x₆ ∧ ¬ x₇ ∧ ¬ x₈) ∨ (x₁ ∧ x₁₅ ∧ x₂ ∧ x₃ ∧ ¬ x₁₆ ∧ ¬ x₄ ∧ ¬ x₅
 ∧ ¬ x₈) ∨ (x₁₀ ∧ x₁₂ ∧ x₁₅ ∧ ¬ x₁₁ ∧ ¬ x₃ ∧ ¬ x₄ ∧ ¬ x₆ ∧ ¬ x₉) ∨ (x₁₁ ∧ x₁₂ ∧ x₁₃ ∧
 x₁₅ ∧ x₅ ∧ x₈ ∧ ¬ x₁₄ ∧ ¬ x₁₆) ∨ (x₁₁ ∧ x₁₅ ∧ x₆ ∧ x₈ ∧ ¬ x₁ ∧ ¬ x₁₀ ∧ ¬ x₁₃ ∧ ¬ x₅)
 ∨ (x₁₂ ∧ x₁₃ ∧ x₁₅ ∧ x₆ ∧ ¬ x₃ ∧ ¬ x₄ ∧ ¬ x₈ ∧ ¬ x₉) ∨ (x₁₂ ∧ x₁₃ ∧ x₃ ∧ x₅ ∧ ¬ x₁ ∧
 ¬ x₁₀ ∧ ¬ x₁₁ ∧ ¬ x₇) ∨ (x₁₄ ∧ x₂ ∧ x₈ ∧ ¬ x₁₀ ∧ ¬ x₁₅ ∧ ¬ x₃ ∧ ¬ x₄ ∧ ¬ x₉) ∨ (x₁₅ 
∧ x₄ ∧ x₅ ∧ x₆ ∧ x₇ ∧ x₈ ∧ ¬ x₁₀ ∧ ¬ x₃) ∨ (x₁₅ ∧ x₅ ∧ ¬ x₁ ∧ ¬ x₁₀ ∧ ¬ x₁₆ ∧ ¬ x₆ ∧ 
¬ x₈ ∧ ¬ x₉) ∨ (x₁₆ ∧ x₃ ∧ x₅ ∧ x₆ ∧ x₇ ∧ ¬ x₁ ∧ ¬ x₁₁ ∧ ¬ x₂) ∨ (x₂ ∧ x₃ ∧ x₄ ∧ ¬ x₁
₃ ∧ ¬ x₁₅ ∧ ¬ x₆ ∧ ¬ x₇ ∧ ¬ x₈) ∨ (x₂ ∧ x₆ ∧ x₇ ∧ x₈ ∧ ¬ x₁₂ ∧ ¬ x₁₄ ∧ ¬ x₄ ∧ ¬ x₅) ∨
 (x₄ ∧ x₇ ∧ ¬ x₁₀ ∧ ¬ x₁₁ ∧ ¬ x₁₃ ∧ ¬ x₃ ∧ ¬ x₈ ∧ ¬ x₉) ∨ (x₁ ∧ x₁₁ ∧ x₃ ∧ x₄ ∧ x₇ ∧ 
¬ x₁₀ ∧ ¬ x₁₂ ∧ ¬ x₁₃ ∧ ¬ x₁₅) ∨ (x₁₀ ∧ x₁₂ ∧ x₁₃ ∧ x₁₆ ∧ x₇ ∧ x₈ ∧ ¬ x₃ ∧ ¬ x₄ ∧ ¬ x
₆) ∨ (x₁₀ ∧ x₁₃ ∧ x₁₄ ∧ x₁₅ ∧ x₁₆ ∧ x₄ ∧ x₇ ∧ ¬ x₆ ∧ ¬ x₈) ∨ (x₁₀ ∧ x₇ ∧ ¬ x₁₁ ∧ ¬ x₁
₃ ∧ ¬ x₁₄ ∧ ¬ x₁₆ ∧ ¬ x₂ ∧ ¬ x₄ ∧ ¬ x₆) ∨ (x₁₁ ∧ x₂ ∧ x₄ ∧ x₆ ∧ ¬ x₁₂ ∧ ¬ x₁₃ ∧ ¬ x₁₆
 ∧ ¬ x₃ ∧ ¬ x₅) ∨ (x₁₂ ∧ x₁₆ ∧ x₇ ∧ ¬ x₁₀ ∧ ¬ x₁₃ ∧ ¬ x₃ ∧ ¬ x₄ ∧ ¬ x₅ ∧ ¬ x₉) ∨ (x₁₃
 ∧ x₁₄ ∧ x₁₆ ∧ x₂ ∧ x₃ ∧ x₄ ∧ x₅ ∧ ¬ x₁ ∧ ¬ x₇) ∨ (x₃ ∧ x₇ ∧ x₉ ∧ ¬ x₁₁ ∧ ¬ x₁₂ ∧ ¬ x
₁₅ ∧ ¬ x₂ ∧ ¬ x₄ ∧ ¬ x₈) ∨ (x₄ ∧ ¬ x₁ ∧ ¬ x₁₀ ∧ ¬ x₁₂ ∧ ¬ x₁₃ ∧ ¬ x₁₄ ∧ ¬ x₁₆ ∧ ¬ x₂ 
∧ ¬ x₆) ∨ (x₁ ∧ x₁₂ ∧ x₁₆ ∧ x₃ ∧ ¬ x₁₁ ∧ ¬ x₁₃ ∧ ¬ x₄ ∧ ¬ x₅ ∧ ¬ x₆ ∧ ¬ x₈) ∨ (x₁₀ ∧ 
x₁₃ ∧ x₁₅ ∧ x₁₆ ∧ x₆ ∧ x₇ ∧ ¬ x₁ ∧ ¬ x₁₄ ∧ ¬ x₄ ∧ ¬ x₈) ∨ (x₁₁ ∧ x₁₂ ∧ x₂ ∧ x₅ ∧ x₈ ∧
 x₉ ∧ ¬ x₁₀ ∧ ¬ x₁₃ ∧ ¬ x₁₄ ∧ ¬ x₁₅) ∨ (x₁ ∧ x₁₀ ∧ x₁₂ ∧ x₁₃ ∧ x₁₄ ∧ x₅ ∧ x₇ ∧ ¬ x₁₁ 
∧ ¬ x₃ ∧ ¬ x₄ ∧ ¬ x₈) ∨ (x₁ ∧ x₁₀ ∧ x₁₂ ∧ x₁₄ ∧ x₁₆ ∧ ¬ x₁₃ ∧ ¬ x₁₅ ∧ ¬ x₂ ∧ ¬ x₃ ∧ ¬
 x₇ ∧ ¬ x₈) ∨ (x₁ ∧ x₁₀ ∧ x₁₄ ∧ x₁₆ ∧ x₅ ∧ ¬ x₁₂ ∧ ¬ x₁₅ ∧ ¬ x₂ ∧ ¬ x₃ ∧ ¬ x₇ ∧ ¬ x₈)
 ∨ (x₁₁ ∧ x₁₅ ∧ x₁₆ ∧ x₂ ∧ x₃ ∧ x₈ ∧ x₉ ∧ ¬ x₁ ∧ ¬ x₁₂ ∧ ¬ x₁₃ ∧ ¬ x₆) ∨ (x₁ ∧ x₁₁ ∧ 
x₃ ∧ x₅ ∧ x₇ ∧ x₈ ∧ ¬ x₁₀ ∧ ¬ x₁₂ ∧ ¬ x₂ ∧ ¬ x₄ ∧ ¬ x₆ ∧ ¬ x₉) ∨ (x₁ ∧ x₁₀ ∧ x₁₁ ∧ x₁
₂ ∧ x₁₄ ∧ x₂ ∧ x₄ ∧ x₆ ∧ x₇ ∧ x₉ ∧ ¬ x₁₅ ∧ ¬ x₃ ∧ ¬ x₅ ∧ ¬ x₈)
[2013-06-10 21:47:52] PyMTL           DEBUG  :    - Group 4: (x₁₁ ∧ x₁₃ ∧ x₄ ∧ x₆ ∧ x₇) ∨ (x₁₂ ∧ x₅ ∧ ¬ x₁₁ ∧ ¬ x₆ ∧ ¬ x₉) ∨ (x₁₃ ∧ x₂ ∧ x₅ ∧ ¬ x₁
₄ ∧ ¬ x₈) ∨ (x₁₆ ∧ x₃ ∧ ¬ x₁₁ ∧ ¬ x₁₃ ∧ ¬ x₆) ∨ (x₈ ∧ ¬ x₃ ∧ ¬ x₅ ∧ ¬ x₆ ∧ ¬ x₉) ∨ (¬
 x₁₁ ∧ ¬ x₁₂ ∧ ¬ x₁₅ ∧ ¬ x₂ ∧ ¬ x₉) ∨ (x₁ ∧ x₁₀ ∧ x₉ ∧ ¬ x₁₁ ∧ ¬ x₁₃ ∧ ¬ x₁₅) ∨ (x₁₁ 
∧ x₁₂ ∧ x₁₆ ∧ x₄ ∧ x₈ ∧ ¬ x₅) ∨ (x₁₁ ∧ x₁₄ ∧ x₄ ∧ x₅ ∧ ¬ x₁₂ ∧ ¬ x₈) ∨ (x₁₂ ∧ ¬ x₁ ∧ 
¬ x₁₃ ∧ ¬ x₁₅ ∧ ¬ x₁₆ ∧ ¬ x₄) ∨ (x₁₃ ∧ x₇ ∧ x₉ ∧ ¬ x₂ ∧ ¬ x₃ ∧ ¬ x₈) ∨ (x₁₄ ∧ x₄ ∧ x₅
 ∧ ¬ x₁₃ ∧ ¬ x₂ ∧ ¬ x₆) ∨ (x₁₆ ∧ x₇ ∧ ¬ x₁₀ ∧ ¬ x₁₄ ∧ ¬ x₆ ∧ ¬ x₉) ∨ (x₂ ∧ x₇ ∧ ¬ x₁ 
∧ ¬ x₁₁ ∧ ¬ x₁₅ ∧ ¬ x₅) ∨ (x₁ ∧ x₁₁ ∧ x₁₆ ∧ x₉ ∧ ¬ x₆ ∧ ¬ x₇ ∧ ¬ x₈) ∨ (x₁ ∧ x₁₃ ∧ x₁
₄ ∧ x₁₅ ∧ x₄ ∧ ¬ x₁₁ ∧ ¬ x₃) ∨ (x₁ ∧ x₂ ∧ x₆ ∧ x₈ ∧ ¬ x₁₀ ∧ ¬ x₁₆ ∧ ¬ x₉) ∨ (x₁₀ ∧ x₁
₃ ∧ x₂ ∧ x₉ ∧ ¬ x₁₁ ∧ ¬ x₃ ∧ ¬ x₇) ∨ (x₁₂ ∧ x₁₅ ∧ x₆ ∧ x₉ ∧ ¬ x₂ ∧ ¬ x₃ ∧ ¬ x₄) ∨ (x₁
₅ ∧ x₇ ∧ x₉ ∧ ¬ x₁ ∧ ¬ x₁₄ ∧ ¬ x₆ ∧ ¬ x₈) ∨ (x₁₆ ∧ x₈ ∧ x₉ ∧ ¬ x₁₀ ∧ ¬ x₁₅ ∧ ¬ x₂ ∧ ¬
 x₆) ∨ (x₃ ∧ x₉ ∧ ¬ x₁ ∧ ¬ x₁₀ ∧ ¬ x₁₃ ∧ ¬ x₄ ∧ ¬ x₈) ∨ (x₁ ∧ x₁₁ ∧ x₁₂ ∧ x₁₅ ∧ x₉ ∧ 
¬ x₁₀ ∧ ¬ x₁₄ ∧ ¬ x₄) ∨ (x₁₀ ∧ x₁₁ ∧ x₆ ∧ ¬ x₁₃ ∧ ¬ x₁₄ ∧ ¬ x₁₆ ∧ ¬ x₇ ∧ ¬ x₉) ∨ (x₁₀
 ∧ x₁₂ ∧ x₁₆ ∧ x₂ ∧ x₅ ∧ x₈ ∧ x₉ ∧ ¬ x₁₄) ∨ (x₁₀ ∧ x₁₂ ∧ x₃ ∧ x₈ ∧ x₉ ∧ ¬ x₁₃ ∧ ¬ x₄ 
∧ ¬ x₇) ∨ (x₁₀ ∧ x₁₃ ∧ x₁₄ ∧ x₂ ∧ x₅ ∧ x₇ ∧ ¬ x₁ ∧ ¬ x₃) ∨ (x₁₀ ∧ x₁₆ ∧ x₃ ∧ x₉ ∧ ¬ x
₁ ∧ ¬ x₁₂ ∧ ¬ x₁₅ ∧ ¬ x₂) ∨ (x₁₁ ∧ x₁₂ ∧ x₁₄ ∧ x₂ ∧ x₃ ∧ ¬ x₁₀ ∧ ¬ x₈ ∧ ¬ x₉) ∨ (x₁₂ 
∧ x₁₅ ∧ x₁₆ ∧ x₂ ∧ ¬ x₁ ∧ ¬ x₁₄ ∧ ¬ x₄ ∧ ¬ x₉) ∨ (x₁₂ ∧ x₅ ∧ ¬ x₁ ∧ ¬ x₁₀ ∧ ¬ x₁₃ ∧ ¬
 x₁₅ ∧ ¬ x₁₆ ∧ ¬ x₃) ∨ (x₁₃ ∧ x₁₄ ∧ x₁₅ ∧ x₁₆ ∧ x₄ ∧ ¬ x₃ ∧ ¬ x₅ ∧ ¬ x₆) ∨ (x₁₃ ∧ x₁₅
 ∧ x₁₆ ∧ x₇ ∧ ¬ x₁ ∧ ¬ x₁₀ ∧ ¬ x₆ ∧ ¬ x₈) ∨ (x₁₃ ∧ x₂ ∧ x₃ ∧ x₉ ∧ ¬ x₁₀ ∧ ¬ x₁₁ ∧ ¬ x
₆ ∧ ¬ x₈) ∨ (x₁₄ ∧ x₁₆ ∧ x₄ ∧ x₉ ∧ ¬ x₁₀ ∧ ¬ x₁₁ ∧ ¬ x₂ ∧ ¬ x₃) ∨ (x₁₅ ∧ x₃ ∧ ¬ x₁₃ ∧
 ¬ x₁₆ ∧ ¬ x₅ ∧ ¬ x₆ ∧ ¬ x₇ ∧ ¬ x₈) ∨ (x₁₆ ∧ ¬ x₁ ∧ ¬ x₁₀ ∧ ¬ x₁₁ ∧ ¬ x₁₅ ∧ ¬ x₃ ∧ ¬ 
x₅ ∧ ¬ x₆) ∨ (x₁ ∧ x₁₀ ∧ x₁₁ ∧ x₁₃ ∧ x₁₄ ∧ ¬ x₁₅ ∧ ¬ x₂ ∧ ¬ x₅ ∧ ¬ x₇) ∨ (x₁ ∧ x₁₀ ∧ 
x₁₅ ∧ x₁₆ ∧ x₉ ∧ ¬ x₁₂ ∧ ¬ x₅ ∧ ¬ x₆ ∧ ¬ x₈) ∨ (x₁ ∧ x₁₀ ∧ x₁₆ ∧ x₆ ∧ x₇ ∧ x₈ ∧ ¬ x₁₂
 ∧ ¬ x₁₃ ∧ ¬ x₅) ∨ (x₁ ∧ x₁₁ ∧ x₁₂ ∧ x₃ ∧ x₆ ∧ ¬ x₁₃ ∧ ¬ x₁₅ ∧ ¬ x₈ ∧ ¬ x₉) ∨ (x₁ ∧ x
₁₄ ∧ x₆ ∧ x₇ ∧ ¬ x₁₀ ∧ ¬ x₁₃ ∧ ¬ x₁₆ ∧ ¬ x₂ ∧ ¬ x₉) ∨ (x₁₀ ∧ x₁₁ ∧ x₁₂ ∧ x₇ ∧ x₈ ∧ ¬ 
x₁₃ ∧ ¬ x₁₆ ∧ ¬ x₂ ∧ ¬ x₄) ∨ (x₁₀ ∧ x₁₃ ∧ x₁₅ ∧ x₆ ∧ x₈ ∧ x₉ ∧ ¬ x₁₄ ∧ ¬ x₁₆ ∧ ¬ x₃) 
∨ (x₁₀ ∧ x₃ ∧ x₆ ∧ x₇ ∧ x₈ ∧ ¬ x₁₂ ∧ ¬ x₁₄ ∧ ¬ x₄ ∧ ¬ x₅) ∨ (x₁₂ ∧ x₁₃ ∧ x₁₅ ∧ x₅ ∧ x
₆ ∧ x₇ ∧ x₈ ∧ ¬ x₁₆ ∧ ¬ x₄) ∨ (x₁₂ ∧ x₁₄ ∧ x₁₅ ∧ x₆ ∧ x₇ ∧ ¬ x₁₁ ∧ ¬ x₁₆ ∧ ¬ x₂ ∧ ¬ x
₉) ∨ (x₁₂ ∧ x₄ ∧ x₉ ∧ ¬ x₁₁ ∧ ¬ x₁₄ ∧ ¬ x₁₅ ∧ ¬ x₁₆ ∧ ¬ x₂ ∧ ¬ x₆) ∨ (x₁₄ ∧ x₁₅ ∧ x₃ 
∧ x₄ ∧ x₆ ∧ ¬ x₁₀ ∧ ¬ x₂ ∧ ¬ x₇ ∧ ¬ x₉) ∨ (x₄ ∧ x₇ ∧ x₉ ∧ ¬ x₁₃ ∧ ¬ x₁₄ ∧ ¬ x₁₆ ∧ ¬ x
₃ ∧ ¬ x₅ ∧ ¬ x₆) ∨ (x₁ ∧ x₁₁ ∧ x₁₅ ∧ x₁₆ ∧ x₅ ∧ x₇ ∧ ¬ x₁₃ ∧ ¬ x₂ ∧ ¬ x₃ ∧ ¬ x₄) ∨ (x
₁ ∧ x₁₄ ∧ x₁₅ ∧ x₂ ∧ x₅ ∧ x₈ ∧ x₉ ∧ ¬ x₁₃ ∧ ¬ x₆ ∧ ¬ x₇) ∨ (x₁₀ ∧ x₁₃ ∧ x₁₄ ∧ x₁₅ ∧ x
₄ ∧ x₅ ∧ x₇ ∧ ¬ x₂ ∧ ¬ x₃ ∧ ¬ x₆) ∨ (x₁₁ ∧ x₁₃ ∧ x₁₄ ∧ x₆ ∧ x₉ ∧ ¬ x₁ ∧ ¬ x₁₂ ∧ ¬ x₅ 
∧ ¬ x₇ ∧ ¬ x₈) ∨ (x₁₁ ∧ x₁₅ ∧ x₃ ∧ x₄ ∧ x₆ ∧ x₇ ∧ x₈ ∧ ¬ x₁ ∧ ¬ x₁₃ ∧ ¬ x₁₆) ∨ (x₁₁ ∧
 x₅ ∧ x₆ ∧ x₈ ∧ ¬ x₁ ∧ ¬ x₁₃ ∧ ¬ x₁₄ ∧ ¬ x₁₅ ∧ ¬ x₃ ∧ ¬ x₄) ∨ (x₁₃ ∧ x₃ ∧ x₄ ∧ x₇ ∧ x
₉ ∧ ¬ x₁ ∧ ¬ x₁₁ ∧ ¬ x₁₄ ∧ ¬ x₁₆ ∧ ¬ x₅) ∨ (x₁₀ ∧ x₁₃ ∧ x₁₄ ∧ x₅ ∧ ¬ x₁₁ ∧ ¬ x₁₆ ∧ ¬ 
x₂ ∧ ¬ x₃ ∧ ¬ x₇ ∧ ¬ x₈ ∧ ¬ x₉) ∨ (x₁₁ ∧ x₁₂ ∧ x₃ ∧ x₅ ∧ x₆ ∧ x₈ ∧ ¬ x₁ ∧ ¬ x₁₀ ∧ ¬ x
₁₃ ∧ ¬ x₁₆ ∧ ¬ x₇) ∨ (x₁₃ ∧ x₁₄ ∧ x₁₆ ∧ x₄ ∧ x₆ ∧ x₇ ∧ x₈ ∧ ¬ x₁ ∧ ¬ x₁₁ ∧ ¬ x₁₂ ∧ ¬ 
x₁₅) ∨ (x₁ ∧ x₁₀ ∧ x₁₁ ∧ x₁₄ ∧ x₁₆ ∧ x₉ ∧ ¬ x₁₅ ∧ ¬ x₃ ∧ ¬ x₅ ∧ ¬ x₆ ∧ ¬ x₇ ∧ ¬ x₈) ∨
 (x₁ ∧ x₁₁ ∧ x₁₅ ∧ x₇ ∧ x₈ ∧ ¬ x₁₀ ∧ ¬ x₁₂ ∧ ¬ x₁₃ ∧ ¬ x₁₄ ∧ ¬ x₃ ∧ ¬ x₄ ∧ ¬ x₆) ∨ (x
₁ ∧ x₁₂ ∧ x₁₄ ∧ x₁₅ ∧ x₁₆ ∧ x₂ ∧ x₅ ∧ ¬ x₁₀ ∧ ¬ x₁₃ ∧ ¬ x₃ ∧ ¬ x₆ ∧ ¬ x₉) ∨ (x₁₁ ∧ x₁
₃ ∧ x₁₄ ∧ x₁₅ ∧ x₄ ∧ x₆ ∧ ¬ x₁₂ ∧ ¬ x₂ ∧ ¬ x₃ ∧ ¬ x₅ ∧ ¬ x₇ ∧ ¬ x₈ ∧ ¬ x₉)
[2013-06-10 21:47:52] PyMTL           DEBUG  :    - Group 5: (x₁₀ ∧ x₁₄ ∧ x₁₆) ∨ (x₆ ∧ x₉ ∧ ¬ x₅) ∨ (x₁ ∧ x₁₄ ∧ x₈ ∧ ¬ x₅) ∨ (x₈ ∧ ¬ x₁₀ ∧ ¬ x₁₃ ∧
 ¬ x₃) ∨ (x₁₀ ∧ x₁₁ ∧ x₉ ∧ ¬ x₁₂ ∧ ¬ x₈) ∨ (x₁₁ ∧ x₁₂ ∧ x₇ ∧ ¬ x₁₅ ∧ ¬ x₄) ∨ (x₁ ∧ x₁
₀ ∧ x₁₂ ∧ x₆ ∧ ¬ x₅ ∧ ¬ x₇) ∨ (x₁ ∧ x₁₀ ∧ x₁₃ ∧ x₃ ∧ ¬ x₁₄ ∧ ¬ x₇) ∨ (x₁₂ ∧ x₁₆ ∧ x₃ 
∧ x₅ ∧ ¬ x₁₄ ∧ ¬ x₆) ∨ (x₁₃ ∧ x₁₄ ∧ x₁₅ ∧ x₆ ∧ x₉ ∧ ¬ x₃) ∨ (x₁₄ ∧ x₃ ∧ x₉ ∧ ¬ x₁₆ ∧ 
¬ x₂ ∧ ¬ x₈) ∨ (x₁₆ ∧ x₆ ∧ ¬ x₁₃ ∧ ¬ x₁₄ ∧ ¬ x₂ ∧ ¬ x₈) ∨ (x₂ ∧ x₃ ∧ x₄ ∧ x₇ ∧ ¬ x₁₃ 
∧ ¬ x₅) ∨ (x₁ ∧ x₁₀ ∧ x₁₁ ∧ x₁₅ ∧ x₂ ∧ x₉ ∧ ¬ x₄) ∨ (x₁ ∧ x₁₀ ∧ x₄ ∧ x₇ ∧ ¬ x₁₂ ∧ ¬ x
₂ ∧ ¬ x₅) ∨ (x₁ ∧ x₁₃ ∧ x₁₄ ∧ x₉ ∧ ¬ x₄ ∧ ¬ x₅ ∧ ¬ x₈) ∨ (x₁ ∧ x₁₄ ∧ x₂ ∧ x₄ ∧ x₉ ∧ ¬
 x₁₅ ∧ ¬ x₇) ∨ (x₁ ∧ x₁₅ ∧ x₂ ∧ x₄ ∧ x₈ ∧ ¬ x₁₀ ∧ ¬ x₅) ∨ (x₁ ∧ x₁₅ ∧ x₄ ∧ ¬ x₁₁ ∧ ¬ 
x₁₄ ∧ ¬ x₇ ∧ ¬ x₉) ∨ (x₁₀ ∧ x₁₂ ∧ x₁₃ ∧ ¬ x₁ ∧ ¬ x₂ ∧ ¬ x₇ ∧ ¬ x₈) ∨ (x₁₀ ∧ x₁₅ ∧ x₁₆
 ∧ x₆ ∧ ¬ x₁₄ ∧ ¬ x₃ ∧ ¬ x₅) ∨ (x₁₁ ∧ x₁₂ ∧ x₆ ∧ x₈ ∧ ¬ x₁ ∧ ¬ x₅ ∧ ¬ x₉) ∨ (x₁₁ ∧ x₁
₃ ∧ x₂ ∧ x₃ ∧ x₆ ∧ x₇ ∧ ¬ x₁₆) ∨ (x₁₁ ∧ x₇ ∧ ¬ x₁₀ ∧ ¬ x₁₃ ∧ ¬ x₁₆ ∧ ¬ x₂ ∧ ¬ x₈) ∨ (
x₁₂ ∧ x₈ ∧ ¬ x₁₁ ∧ ¬ x₁₅ ∧ ¬ x₁₆ ∧ ¬ x₆ ∧ ¬ x₉) ∨ (x₁₄ ∧ x₃ ∧ x₄ ∧ x₈ ∧ ¬ x₁₅ ∧ ¬ x₂ 
∧ ¬ x₉) ∨ (x₁₄ ∧ x₄ ∧ x₆ ∧ x₉ ∧ ¬ x₁₆ ∧ ¬ x₇ ∧ ¬ x₈) ∨ (x₁₅ ∧ x₃ ∧ x₅ ∧ x₆ ∧ x₈ ∧ ¬ x
₁₂ ∧ ¬ x₁₄) ∨ (x₃ ∧ x₅ ∧ x₈ ∧ ¬ x₁₀ ∧ ¬ x₁₃ ∧ ¬ x₁₆ ∧ ¬ x₉) ∨ (x₆ ∧ x₇ ∧ ¬ x₁₀ ∧ ¬ x₁
₁ ∧ ¬ x₂ ∧ ¬ x₄ ∧ ¬ x₈) ∨ (x₁ ∧ x₁₁ ∧ x₁₅ ∧ x₄ ∧ ¬ x₁₆ ∧ ¬ x₂ ∧ ¬ x₅ ∧ ¬ x₈) ∨ (x₁ ∧ 
x₁₃ ∧ x₁₆ ∧ x₄ ∧ x₉ ∧ ¬ x₁₂ ∧ ¬ x₁₅ ∧ ¬ x₅) ∨ (x₁₁ ∧ x₁₄ ∧ x₃ ∧ x₇ ∧ x₈ ∧ ¬ x₁ ∧ ¬ x₁
₅ ∧ ¬ x₂) ∨ (x₁₁ ∧ x₁₅ ∧ x₁₆ ∧ x₆ ∧ ¬ x₁ ∧ ¬ x₁₀ ∧ ¬ x₁₃ ∧ ¬ x₄) ∨ (x₁₁ ∧ x₄ ∧ x₆ ∧ x
₇ ∧ x₈ ∧ ¬ x₁ ∧ ¬ x₁₀ ∧ ¬ x₁₆) ∨ (x₁₃ ∧ x₁₄ ∧ x₁₅ ∧ x₄ ∧ x₇ ∧ ¬ x₁₁ ∧ ¬ x₃ ∧ ¬ x₅) ∨ 
(x₁₃ ∧ x₁₄ ∧ x₄ ∧ x₇ ∧ x₈ ∧ ¬ x₁₆ ∧ ¬ x₂ ∧ ¬ x₆) ∨ (x₁₃ ∧ x₁₄ ∧ x₅ ∧ x₆ ∧ x₉ ∧ ¬ x₁₁ 
∧ ¬ x₃ ∧ ¬ x₄) ∨ (x₁₄ ∧ x₁₆ ∧ ¬ x₁ ∧ ¬ x₁₀ ∧ ¬ x₃ ∧ ¬ x₄ ∧ ¬ x₆ ∧ ¬ x₈) ∨ (x₁₄ ∧ ¬ x₁
₁ ∧ ¬ x₁₆ ∧ ¬ x₃ ∧ ¬ x₄ ∧ ¬ x₅ ∧ ¬ x₆ ∧ ¬ x₉) ∨ (x₁₅ ∧ x₁₆ ∧ x₂ ∧ x₅ ∧ x₆ ∧ ¬ x₁₀ ∧ ¬
 x₄ ∧ ¬ x₈) ∨ (x₁₅ ∧ x₁₆ ∧ x₂ ∧ x₇ ∧ ¬ x₁₃ ∧ ¬ x₃ ∧ ¬ x₄ ∧ ¬ x₆) ∨ (x₁₅ ∧ x₄ ∧ x₆ ∧ x
₇ ∧ x₉ ∧ ¬ x₁ ∧ ¬ x₁₂ ∧ ¬ x₅) ∨ (x₁ ∧ x₁₀ ∧ x₁₃ ∧ x₁₆ ∧ x₂ ∧ ¬ x₁₅ ∧ ¬ x₇ ∧ ¬ x₈ ∧ ¬ 
x₉) ∨ (x₁ ∧ x₁₀ ∧ x₂ ∧ x₃ ∧ x₈ ∧ x₉ ∧ ¬ x₁₃ ∧ ¬ x₁₆ ∧ ¬ x₇) ∨ (x₁ ∧ x₁₁ ∧ x₁₃ ∧ x₁₄ ∧
 x₁₅ ∧ x₆ ∧ ¬ x₂ ∧ ¬ x₅ ∧ ¬ x₇) ∨ (x₁ ∧ x₁₁ ∧ x₃ ∧ x₅ ∧ ¬ x₁₅ ∧ ¬ x₂ ∧ ¬ x₄ ∧ ¬ x₈ ∧ 
¬ x₉) ∨ (x₁ ∧ x₁₄ ∧ x₁₆ ∧ x₃ ∧ x₄ ∧ x₇ ∧ ¬ x₁₃ ∧ ¬ x₁₅ ∧ ¬ x₆) ∨ (x₁ ∧ x₄ ∧ ¬ x₁₁ ∧ ¬
 x₁₄ ∧ ¬ x₁₅ ∧ ¬ x₁₆ ∧ ¬ x₂ ∧ ¬ x₈ ∧ ¬ x₉) ∨ (x₁₀ ∧ x₁₁ ∧ x₁₂ ∧ x₄ ∧ x₇ ∧ x₈ ∧ x₉ ∧ ¬
 x₁ ∧ ¬ x₁₅) ∨ (x₁₀ ∧ x₁₄ ∧ x₆ ∧ ¬ x₁₂ ∧ ¬ x₂ ∧ ¬ x₃ ∧ ¬ x₅ ∧ ¬ x₈ ∧ ¬ x₉) ∨ (x₁₁ ∧ x
₁₃ ∧ x₁₆ ∧ ¬ x₁ ∧ ¬ x₁₀ ∧ ¬ x₁₅ ∧ ¬ x₃ ∧ ¬ x₇ ∧ ¬ x₈) ∨ (x₁₁ ∧ x₁₃ ∧ x₉ ∧ ¬ x₁₀ ∧ ¬ x
₁₅ ∧ ¬ x₃ ∧ ¬ x₄ ∧ ¬ x₅ ∧ ¬ x₈) ∨ (x₁₃ ∧ x₁₅ ∧ x₂ ∧ x₄ ∧ x₅ ∧ x₆ ∧ ¬ x₁₀ ∧ ¬ x₁₆ ∧ ¬ 
x₇) ∨ (x₁₃ ∧ x₁₆ ∧ x₃ ∧ x₅ ∧ x₉ ∧ ¬ x₁₅ ∧ ¬ x₂ ∧ ¬ x₄ ∧ ¬ x₈) ∨ (x₁₅ ∧ x₁₆ ∧ x₂ ∧ x₆ 
∧ x₈ ∧ ¬ x₁₀ ∧ ¬ x₁₄ ∧ ¬ x₅ ∧ ¬ x₉) ∨ (x₁₁ ∧ x₁₄ ∧ x₂ ∧ x₃ ∧ ¬ x₁₀ ∧ ¬ x₁₂ ∧ ¬ x₁₅ ∧ 
¬ x₄ ∧ ¬ x₅ ∧ ¬ x₈) ∨ (x₁₃ ∧ x₁₄ ∧ x₁₅ ∧ x₅ ∧ x₈ ∧ x₉ ∧ ¬ x₁ ∧ ¬ x₁₀ ∧ ¬ x₃ ∧ ¬ x₆) ∨
 (x₁₃ ∧ x₁₆ ∧ x₂ ∧ x₅ ∧ ¬ x₁₂ ∧ ¬ x₁₄ ∧ ¬ x₁₅ ∧ ¬ x₇ ∧ ¬ x₈ ∧ ¬ x₉) ∨ (x₁₃ ∧ x₂ ∧ x₄ 
∧ x₆ ∧ x₉ ∧ ¬ x₁ ∧ ¬ x₁₂ ∧ ¬ x₅ ∧ ¬ x₇ ∧ ¬ x₈) ∨ (x₁₄ ∧ x₁₅ ∧ x₅ ∧ ¬ x₁₀ ∧ ¬ x₁₁ ∧ ¬ 
x₃ ∧ ¬ x₆ ∧ ¬ x₇ ∧ ¬ x₈ ∧ ¬ x₉) ∨ (x₁₄ ∧ x₈ ∧ ¬ x₁₀ ∧ ¬ x₁₁ ∧ ¬ x₁₆ ∧ ¬ x₃ ∧ ¬ x₄ ∧ ¬
 x₅ ∧ ¬ x₆ ∧ ¬ x₉) ∨ (x₁ ∧ x₁₀ ∧ x₁₅ ∧ x₁₆ ∧ x₃ ∧ x₅ ∧ x₇ ∧ x₈ ∧ x₉ ∧ ¬ x₁₄ ∧ ¬ x₆) ∨
 (x₁ ∧ x₁₀ ∧ x₁₁ ∧ x₁₂ ∧ x₂ ∧ x₅ ∧ ¬ x₁₃ ∧ ¬ x₁₅ ∧ ¬ x₁₆ ∧ ¬ x₃ ∧ ¬ x₇ ∧ ¬ x₈)
[2013-06-10 21:47:52] PyMTL           DEBUG  :    - Group 6: (x₁₁ ∧ x₁₃ ∧ x₄ ∧ x₆ ∧ x₇) ∨ (x₁₂ ∧ x₅ ∧ ¬ x₁₁ ∧ ¬ x₆ ∧ ¬ x₉) ∨ (x₁₃ ∧ x₂ ∧ x₅ ∧ ¬ x₁
₄ ∧ ¬ x₈) ∨ (x₁₆ ∧ x₃ ∧ ¬ x₁₁ ∧ ¬ x₁₃ ∧ ¬ x₆) ∨ (x₈ ∧ ¬ x₃ ∧ ¬ x₅ ∧ ¬ x₆ ∧ ¬ x₉) ∨ (¬
 x₁₁ ∧ ¬ x₁₂ ∧ ¬ x₁₅ ∧ ¬ x₂ ∧ ¬ x₉) ∨ (x₁ ∧ x₁₀ ∧ x₉ ∧ ¬ x₁₁ ∧ ¬ x₁₃ ∧ ¬ x₁₅) ∨ (x₁₁ 
∧ x₁₂ ∧ x₁₆ ∧ x₄ ∧ x₈ ∧ ¬ x₅) ∨ (x₁₁ ∧ x₁₄ ∧ x₄ ∧ x₅ ∧ ¬ x₁₂ ∧ ¬ x₈) ∨ (x₁₂ ∧ ¬ x₁ ∧ 
¬ x₁₃ ∧ ¬ x₁₅ ∧ ¬ x₁₆ ∧ ¬ x₄) ∨ (x₁₃ ∧ x₇ ∧ x₉ ∧ ¬ x₂ ∧ ¬ x₃ ∧ ¬ x₈) ∨ (x₁₄ ∧ x₄ ∧ x₅
 ∧ ¬ x₁₃ ∧ ¬ x₂ ∧ ¬ x₆) ∨ (x₁₆ ∧ x₇ ∧ ¬ x₁₀ ∧ ¬ x₁₄ ∧ ¬ x₆ ∧ ¬ x₉) ∨ (x₂ ∧ x₇ ∧ ¬ x₁ 
∧ ¬ x₁₁ ∧ ¬ x₁₅ ∧ ¬ x₅) ∨ (x₁ ∧ x₁₁ ∧ x₁₆ ∧ x₉ ∧ ¬ x₆ ∧ ¬ x₇ ∧ ¬ x₈) ∨ (x₁ ∧ x₁₃ ∧ x₁
₄ ∧ x₁₅ ∧ x₄ ∧ ¬ x₁₁ ∧ ¬ x₃) ∨ (x₁ ∧ x₂ ∧ x₆ ∧ x₈ ∧ ¬ x₁₀ ∧ ¬ x₁₆ ∧ ¬ x₉) ∨ (x₁₀ ∧ x₁
₃ ∧ x₂ ∧ x₉ ∧ ¬ x₁₁ ∧ ¬ x₃ ∧ ¬ x₇) ∨ (x₁₂ ∧ x₁₅ ∧ x₆ ∧ x₉ ∧ ¬ x₂ ∧ ¬ x₃ ∧ ¬ x₄) ∨ (x₁
₅ ∧ x₇ ∧ x₉ ∧ ¬ x₁ ∧ ¬ x₁₄ ∧ ¬ x₆ ∧ ¬ x₈) ∨ (x₁₆ ∧ x₈ ∧ x₉ ∧ ¬ x₁₀ ∧ ¬ x₁₅ ∧ ¬ x₂ ∧ ¬
 x₆) ∨ (x₃ ∧ x₉ ∧ ¬ x₁ ∧ ¬ x₁₀ ∧ ¬ x₁₃ ∧ ¬ x₄ ∧ ¬ x₈) ∨ (x₁ ∧ x₁₁ ∧ x₁₂ ∧ x₁₅ ∧ x₉ ∧ 
¬ x₁₀ ∧ ¬ x₁₄ ∧ ¬ x₄) ∨ (x₁₀ ∧ x₁₁ ∧ x₆ ∧ ¬ x₁₃ ∧ ¬ x₁₄ ∧ ¬ x₁₆ ∧ ¬ x₇ ∧ ¬ x₉) ∨ (x₁₀
 ∧ x₁₂ ∧ x₁₆ ∧ x₂ ∧ x₅ ∧ x₈ ∧ x₉ ∧ ¬ x₁₄) ∨ (x₁₀ ∧ x₁₂ ∧ x₃ ∧ x₈ ∧ x₉ ∧ ¬ x₁₃ ∧ ¬ x₄ 
∧ ¬ x₇) ∨ (x₁₀ ∧ x₁₃ ∧ x₁₄ ∧ x₂ ∧ x₅ ∧ x₇ ∧ ¬ x₁ ∧ ¬ x₃) ∨ (x₁₀ ∧ x₁₆ ∧ x₃ ∧ x₉ ∧ ¬ x
₁ ∧ ¬ x₁₂ ∧ ¬ x₁₅ ∧ ¬ x₂) ∨ (x₁₁ ∧ x₁₂ ∧ x₁₄ ∧ x₂ ∧ x₃ ∧ ¬ x₁₀ ∧ ¬ x₈ ∧ ¬ x₉) ∨ (x₁₂ 
∧ x₁₅ ∧ x₁₆ ∧ x₂ ∧ ¬ x₁ ∧ ¬ x₁₄ ∧ ¬ x₄ ∧ ¬ x₉) ∨ (x₁₂ ∧ x₅ ∧ ¬ x₁ ∧ ¬ x₁₀ ∧ ¬ x₁₃ ∧ ¬
 x₁₅ ∧ ¬ x₁₆ ∧ ¬ x₃) ∨ (x₁₃ ∧ x₁₄ ∧ x₁₅ ∧ x₁₆ ∧ x₄ ∧ ¬ x₃ ∧ ¬ x₅ ∧ ¬ x₆) ∨ (x₁₃ ∧ x₁₅
 ∧ x₁₆ ∧ x₇ ∧ ¬ x₁ ∧ ¬ x₁₀ ∧ ¬ x₆ ∧ ¬ x₈) ∨ (x₁₃ ∧ x₂ ∧ x₃ ∧ x₉ ∧ ¬ x₁₀ ∧ ¬ x₁₁ ∧ ¬ x
₆ ∧ ¬ x₈) ∨ (x₁₄ ∧ x₁₆ ∧ x₄ ∧ x₉ ∧ ¬ x₁₀ ∧ ¬ x₁₁ ∧ ¬ x₂ ∧ ¬ x₃) ∨ (x₁₅ ∧ x₃ ∧ ¬ x₁₃ ∧
 ¬ x₁₆ ∧ ¬ x₅ ∧ ¬ x₆ ∧ ¬ x₇ ∧ ¬ x₈) ∨ (x₁₆ ∧ ¬ x₁ ∧ ¬ x₁₀ ∧ ¬ x₁₁ ∧ ¬ x₁₅ ∧ ¬ x₃ ∧ ¬ 
x₅ ∧ ¬ x₆) ∨ (x₁ ∧ x₁₀ ∧ x₁₁ ∧ x₁₃ ∧ x₁₄ ∧ ¬ x₁₅ ∧ ¬ x₂ ∧ ¬ x₅ ∧ ¬ x₇) ∨ (x₁ ∧ x₁₀ ∧ 
x₁₅ ∧ x₁₆ ∧ x₉ ∧ ¬ x₁₂ ∧ ¬ x₅ ∧ ¬ x₆ ∧ ¬ x₈) ∨ (x₁ ∧ x₁₀ ∧ x₁₆ ∧ x₆ ∧ x₇ ∧ x₈ ∧ ¬ x₁₂
 ∧ ¬ x₁₃ ∧ ¬ x₅) ∨ (x₁ ∧ x₁₁ ∧ x₁₂ ∧ x₃ ∧ x₆ ∧ ¬ x₁₃ ∧ ¬ x₁₅ ∧ ¬ x₈ ∧ ¬ x₉) ∨ (x₁ ∧ x
₁₄ ∧ x₆ ∧ x₇ ∧ ¬ x₁₀ ∧ ¬ x₁₃ ∧ ¬ x₁₆ ∧ ¬ x₂ ∧ ¬ x₉) ∨ (x₁₀ ∧ x₁₁ ∧ x₁₂ ∧ x₇ ∧ x₈ ∧ ¬ 
x₁₃ ∧ ¬ x₁₆ ∧ ¬ x₂ ∧ ¬ x₄) ∨ (x₁₀ ∧ x₁₃ ∧ x₁₅ ∧ x₆ ∧ x₈ ∧ x₉ ∧ ¬ x₁₄ ∧ ¬ x₁₆ ∧ ¬ x₃) 
∨ (x₁₀ ∧ x₃ ∧ x₆ ∧ x₇ ∧ x₈ ∧ ¬ x₁₂ ∧ ¬ x₁₄ ∧ ¬ x₄ ∧ ¬ x₅) ∨ (x₁₂ ∧ x₁₃ ∧ x₁₅ ∧ x₅ ∧ x
₆ ∧ x₇ ∧ x₈ ∧ ¬ x₁₆ ∧ ¬ x₄) ∨ (x₁₂ ∧ x₁₄ ∧ x₁₅ ∧ x₆ ∧ x₇ ∧ ¬ x₁₁ ∧ ¬ x₁₆ ∧ ¬ x₂ ∧ ¬ x
₉) ∨ (x₁₂ ∧ x₄ ∧ x₉ ∧ ¬ x₁₁ ∧ ¬ x₁₄ ∧ ¬ x₁₅ ∧ ¬ x₁₆ ∧ ¬ x₂ ∧ ¬ x₆) ∨ (x₁₄ ∧ x₁₅ ∧ x₃ 
∧ x₄ ∧ x₆ ∧ ¬ x₁₀ ∧ ¬ x₂ ∧ ¬ x₇ ∧ ¬ x₉) ∨ (x₄ ∧ x₇ ∧ x₉ ∧ ¬ x₁₃ ∧ ¬ x₁₄ ∧ ¬ x₁₆ ∧ ¬ x
₃ ∧ ¬ x₅ ∧ ¬ x₆) ∨ (x₁ ∧ x₁₁ ∧ x₁₅ ∧ x₁₆ ∧ x₅ ∧ x₇ ∧ ¬ x₁₃ ∧ ¬ x₂ ∧ ¬ x₃ ∧ ¬ x₄) ∨ (x
₁ ∧ x₁₄ ∧ x₁₅ ∧ x₂ ∧ x₅ ∧ x₈ ∧ x₉ ∧ ¬ x₁₃ ∧ ¬ x₆ ∧ ¬ x₇) ∨ (x₁₀ ∧ x₁₃ ∧ x₁₄ ∧ x₁₅ ∧ x
₄ ∧ x₅ ∧ x₇ ∧ ¬ x₂ ∧ ¬ x₃ ∧ ¬ x₆) ∨ (x₁₁ ∧ x₁₃ ∧ x₁₄ ∧ x₆ ∧ x₉ ∧ ¬ x₁ ∧ ¬ x₁₂ ∧ ¬ x₅ 
∧ ¬ x₇ ∧ ¬ x₈) ∨ (x₁₁ ∧ x₁₅ ∧ x₃ ∧ x₄ ∧ x₆ ∧ x₇ ∧ x₈ ∧ ¬ x₁ ∧ ¬ x₁₃ ∧ ¬ x₁₆) ∨ (x₁₁ ∧
 x₅ ∧ x₆ ∧ x₈ ∧ ¬ x₁ ∧ ¬ x₁₃ ∧ ¬ x₁₄ ∧ ¬ x₁₅ ∧ ¬ x₃ ∧ ¬ x₄) ∨ (x₁₃ ∧ x₃ ∧ x₄ ∧ x₇ ∧ x
₉ ∧ ¬ x₁ ∧ ¬ x₁₁ ∧ ¬ x₁₄ ∧ ¬ x₁₆ ∧ ¬ x₅) ∨ (x₁₀ ∧ x₁₃ ∧ x₁₄ ∧ x₅ ∧ ¬ x₁₁ ∧ ¬ x₁₆ ∧ ¬ 
x₂ ∧ ¬ x₃ ∧ ¬ x₇ ∧ ¬ x₈ ∧ ¬ x₉) ∨ (x₁₁ ∧ x₁₂ ∧ x₃ ∧ x₅ ∧ x₆ ∧ x₈ ∧ ¬ x₁ ∧ ¬ x₁₀ ∧ ¬ x
₁₃ ∧ ¬ x₁₆ ∧ ¬ x₇) ∨ (x₁₃ ∧ x₁₄ ∧ x₁₆ ∧ x₄ ∧ x₆ ∧ x₇ ∧ x₈ ∧ ¬ x₁ ∧ ¬ x₁₁ ∧ ¬ x₁₂ ∧ ¬ 
x₁₅) ∨ (x₁ ∧ x₁₀ ∧ x₁₁ ∧ x₁₄ ∧ x₁₆ ∧ x₉ ∧ ¬ x₁₅ ∧ ¬ x₃ ∧ ¬ x₅ ∧ ¬ x₆ ∧ ¬ x₇ ∧ ¬ x₈) ∨
 (x₁ ∧ x₁₁ ∧ x₁₅ ∧ x₇ ∧ x₈ ∧ ¬ x₁₀ ∧ ¬ x₁₂ ∧ ¬ x₁₃ ∧ ¬ x₁₄ ∧ ¬ x₃ ∧ ¬ x₄ ∧ ¬ x₆) ∨ (x
₁ ∧ x₁₂ ∧ x₁₄ ∧ x₁₅ ∧ x₁₆ ∧ x₂ ∧ x₅ ∧ ¬ x₁₀ ∧ ¬ x₁₃ ∧ ¬ x₃ ∧ ¬ x₆ ∧ ¬ x₉) ∨ (x₁₁ ∧ x₁
₃ ∧ x₁₄ ∧ x₁₅ ∧ x₄ ∧ x₆ ∧ ¬ x₁₂ ∧ ¬ x₂ ∧ ¬ x₃ ∧ ¬ x₅ ∧ ¬ x₇ ∧ ¬ x₈ ∧ ¬ x₉)
[2013-06-10 21:47:52] PyMTL           DEBUG  :    - Group 7: (x₁₀ ∧ x₁₅ ∧ x₅ ∧ ¬ x₁) ∨ (x₁₁ ∧ ¬ x₁₀ ∧ ¬ x₁₂ ∧ ¬ x₈) ∨ (x₁₀ ∧ x₉ ∧ ¬ x₂ ∧ ¬ x₃ ∧ ¬ 
x₇) ∨ (x₁₄ ∧ x₅ ∧ x₆ ∧ ¬ x₁₁ ∧ ¬ x₈) ∨ (x₁₅ ∧ x₇ ∧ ¬ x₁ ∧ ¬ x₁₁ ∧ ¬ x₁₃) ∨ (¬ x₁₀ ∧ ¬
 x₁₁ ∧ ¬ x₁₄ ∧ ¬ x₆ ∧ ¬ x₉) ∨ (x₁ ∧ x₁₀ ∧ x₂ ∧ x₄ ∧ ¬ x₁₁ ∧ ¬ x₇) ∨ (x₁ ∧ x₁₀ ∧ x₃ ∧ 
x₉ ∧ ¬ x₁₄ ∧ ¬ x₂) ∨ (x₁₀ ∧ x₅ ∧ x₈ ∧ ¬ x₁ ∧ ¬ x₁₄ ∧ ¬ x₂) ∨ (x₁₀ ∧ x₆ ∧ x₇ ∧ x₉ ∧ ¬ 
x₁₆ ∧ ¬ x₄) ∨ (x₁₅ ∧ x₂ ∧ x₃ ∧ x₄ ∧ x₆ ∧ ¬ x₁₄) ∨ (x₁₅ ∧ ¬ x₁₃ ∧ ¬ x₁₄ ∧ ¬ x₃ ∧ ¬ x₄ 
∧ ¬ x₇) ∨ (x₁₆ ∧ x₉ ∧ ¬ x₁₀ ∧ ¬ x₁₄ ∧ ¬ x₂ ∧ ¬ x₆) ∨ (x₂ ∧ x₈ ∧ ¬ x₁₁ ∧ ¬ x₁₄ ∧ ¬ x₁₅
 ∧ ¬ x₃) ∨ (x₂ ∧ ¬ x₁₀ ∧ ¬ x₁₂ ∧ ¬ x₁₆ ∧ ¬ x₅ ∧ ¬ x₇) ∨ (x₅ ∧ x₉ ∧ ¬ x₁ ∧ ¬ x₁₆ ∧ ¬ x
₄ ∧ ¬ x₈) ∨ (x₁ ∧ x₁₀ ∧ x₁₁ ∧ x₆ ∧ ¬ x₁₄ ∧ ¬ x₄ ∧ ¬ x₉) ∨ (x₁₃ ∧ x₁₄ ∧ x₅ ∧ x₈ ∧ x₉ ∧
 ¬ x₁₆ ∧ ¬ x₃) ∨ (x₁₄ ∧ x₁₅ ∧ x₅ ∧ x₆ ∧ x₇ ∧ x₉ ∧ ¬ x₄) ∨ (x₁ ∧ x₂ ∧ x₃ ∧ x₇ ∧ x₈ ∧ ¬
 x₁₃ ∧ ¬ x₁₄ ∧ ¬ x₁₅) ∨ (x₁ ∧ x₂ ∧ x₆ ∧ ¬ x₁₀ ∧ ¬ x₁₄ ∧ ¬ x₄ ∧ ¬ x₅ ∧ ¬ x₇) ∨ (x₁ ∧ x
₂ ∧ x₉ ∧ ¬ x₁₃ ∧ ¬ x₁₅ ∧ ¬ x₄ ∧ ¬ x₆ ∧ ¬ x₇) ∨ (x₁₀ ∧ x₁₁ ∧ x₁₂ ∧ x₃ ∧ x₈ ∧ ¬ x₁₅ ∧ ¬
 x₅ ∧ ¬ x₆) ∨ (x₁₀ ∧ x₁₁ ∧ x₁₂ ∧ ¬ x₁ ∧ ¬ x₁₄ ∧ ¬ x₁₅ ∧ ¬ x₃ ∧ ¬ x₉) ∨ (x₁₀ ∧ x₁₁ ∧ x
₁₃ ∧ x₃ ∧ x₉ ∧ ¬ x₁ ∧ ¬ x₁₆ ∧ ¬ x₇) ∨ (x₁₀ ∧ x₁₃ ∧ x₁₄ ∧ ¬ x₁₂ ∧ ¬ x₁₅ ∧ ¬ x₃ ∧ ¬ x₅ 
∧ ¬ x₆) ∨ (x₁₀ ∧ x₁₆ ∧ x₂ ∧ x₇ ∧ ¬ x₁₁ ∧ ¬ x₁₅ ∧ ¬ x₅ ∧ ¬ x₈) ∨ (x₁₁ ∧ x₁₃ ∧ x₄ ∧ x₅ 
∧ x₆ ∧ ¬ x₁₀ ∧ ¬ x₁₂ ∧ ¬ x₂) ∨ (x₁₃ ∧ x₃ ∧ ¬ x₁ ∧ ¬ x₁₅ ∧ ¬ x₁₆ ∧ ¬ x₄ ∧ ¬ x₇ ∧ ¬ x₉)
 ∨ (x₁₅ ∧ x₁₆ ∧ x₇ ∧ ¬ x₁₀ ∧ ¬ x₁₄ ∧ ¬ x₂ ∧ ¬ x₄ ∧ ¬ x₈) ∨ (x₁ ∧ x₁₀ ∧ x₁₅ ∧ x₁₆ ∧ x₅
 ∧ x₇ ∧ ¬ x₁₃ ∧ ¬ x₆ ∧ ¬ x₈) ∨ (x₁ ∧ x₁₂ ∧ x₁₅ ∧ x₃ ∧ x₈ ∧ ¬ x₁₁ ∧ ¬ x₁₃ ∧ ¬ x₂ ∧ ¬ x
₉) ∨ (x₁₀ ∧ x₁₁ ∧ x₂ ∧ x₃ ∧ ¬ x₁ ∧ ¬ x₁₃ ∧ ¬ x₁₄ ∧ ¬ x₁₅ ∧ ¬ x₆) ∨ (x₁₀ ∧ x₁₁ ∧ x₂ ∧ 
x₉ ∧ ¬ x₁ ∧ ¬ x₁₆ ∧ ¬ x₃ ∧ ¬ x₅ ∧ ¬ x₆) ∨ (x₁₁ ∧ x₁₂ ∧ x₁₅ ∧ x₃ ∧ x₅ ∧ x₈ ∧ ¬ x₁₃ ∧ ¬
 x₁₄ ∧ ¬ x₂) ∨ (x₁₁ ∧ x₁₃ ∧ x₁₄ ∧ x₁₅ ∧ x₁₆ ∧ x₂ ∧ x₄ ∧ x₅ ∧ x₇) ∨ (x₁₁ ∧ x₁₃ ∧ x₄ ∧ 
x₅ ∧ x₇ ∧ ¬ x₁₀ ∧ ¬ x₁₂ ∧ ¬ x₆ ∧ ¬ x₉) ∨ (x₁₁ ∧ x₁₅ ∧ x₁₆ ∧ x₃ ∧ x₄ ∧ ¬ x₁₄ ∧ ¬ x₂ ∧ 
¬ x₆ ∧ ¬ x₇) ∨ (x₁₁ ∧ x₁₅ ∧ x₃ ∧ x₆ ∧ x₇ ∧ x₉ ∧ ¬ x₁₂ ∧ ¬ x₁₆ ∧ ¬ x₈) ∨ (x₁₁ ∧ x₁₅ ∧ 
x₅ ∧ x₇ ∧ ¬ x₁ ∧ ¬ x₂ ∧ ¬ x₃ ∧ ¬ x₄ ∧ ¬ x₈) ∨ (x₁₂ ∧ x₁₃ ∧ x₁₆ ∧ x₇ ∧ ¬ x₁₄ ∧ ¬ x₁₅ ∧
 ¬ x₅ ∧ ¬ x₆ ∧ ¬ x₉) ∨ (x₁₃ ∧ x₁₄ ∧ x₁₆ ∧ x₄ ∧ x₆ ∧ ¬ x₁ ∧ ¬ x₁₀ ∧ ¬ x₁₂ ∧ ¬ x₉) ∨ (x
₁₃ ∧ x₁₅ ∧ x₁₆ ∧ ¬ x₁₀ ∧ ¬ x₁₁ ∧ ¬ x₁₂ ∧ ¬ x₂ ∧ ¬ x₆ ∧ ¬ x₈) ∨ (x₁₃ ∧ x₁₆ ∧ x₂ ∧ x₇ ∧
 x₈ ∧ ¬ x₁₀ ∧ ¬ x₁₂ ∧ ¬ x₅ ∧ ¬ x₆) ∨ (x₁₄ ∧ x₁₆ ∧ x₉ ∧ ¬ x₁₂ ∧ ¬ x₁₃ ∧ ¬ x₂ ∧ ¬ x₄ ∧ 
¬ x₇ ∧ ¬ x₈) ∨ (x₁₅ ∧ x₁₆ ∧ x₄ ∧ x₅ ∧ ¬ x₁₀ ∧ ¬ x₁₂ ∧ ¬ x₃ ∧ ¬ x₆ ∧ ¬ x₇) ∨ (x₁ ∧ x₁₀
 ∧ x₁₁ ∧ x₁₃ ∧ x₄ ∧ x₅ ∧ x₇ ∧ x₉ ∧ ¬ x₁₄ ∧ ¬ x₈) ∨ (x₁ ∧ x₁₀ ∧ x₆ ∧ x₉ ∧ ¬ x₁₄ ∧ ¬ x₁
₅ ∧ ¬ x₂ ∧ ¬ x₄ ∧ ¬ x₇ ∧ ¬ x₈) ∨ (x₁₀ ∧ x₁₂ ∧ x₃ ∧ x₅ ∧ x₇ ∧ x₈ ∧ ¬ x₁ ∧ ¬ x₁₄ ∧ ¬ x₁
₆ ∧ ¬ x₄) ∨ (x₁₀ ∧ x₁₄ ∧ x₁₅ ∧ x₆ ∧ ¬ x₁ ∧ ¬ x₁₁ ∧ ¬ x₁₃ ∧ ¬ x₂ ∧ ¬ x₄ ∧ ¬ x₅) ∨ (x₁₀
 ∧ x₁₄ ∧ x₆ ∧ x₇ ∧ ¬ x₁₂ ∧ ¬ x₁₅ ∧ ¬ x₁₆ ∧ ¬ x₂ ∧ ¬ x₄ ∧ ¬ x₈) ∨ (x₁₁ ∧ x₁₂ ∧ x₁₄ ∧ x
₁₅ ∧ x₂ ∧ x₆ ∧ ¬ x₁ ∧ ¬ x₁₀ ∧ ¬ x₁₃ ∧ ¬ x₁₆) ∨ (x₁₁ ∧ x₁₄ ∧ x₁₅ ∧ x₁₆ ∧ x₂ ∧ ¬ x₁ ∧ ¬
 x₁₃ ∧ ¬ x₅ ∧ ¬ x₇ ∧ ¬ x₉) ∨ (x₁₁ ∧ x₁₄ ∧ x₂ ∧ x₈ ∧ x₉ ∧ ¬ x₁₃ ∧ ¬ x₁₆ ∧ ¬ x₄ ∧ ¬ x₆ 
∧ ¬ x₇) ∨ (x₁₂ ∧ x₁₄ ∧ x₂ ∧ x₄ ∧ x₉ ∧ ¬ x₁ ∧ ¬ x₁₁ ∧ ¬ x₃ ∧ ¬ x₅ ∧ ¬ x₆) ∨ (x₁₄ ∧ x₁₆
 ∧ x₅ ∧ x₇ ∧ x₉ ∧ ¬ x₁ ∧ ¬ x₁₂ ∧ ¬ x₁₃ ∧ ¬ x₁₅ ∧ ¬ x₄) ∨ (x₁₆ ∧ x₃ ∧ x₅ ∧ ¬ x₁ ∧ ¬ x₁
₀ ∧ ¬ x₁₁ ∧ ¬ x₁₅ ∧ ¬ x₂ ∧ ¬ x₄ ∧ ¬ x₉) ∨ (x₁ ∧ x₁₂ ∧ x₁₄ ∧ x₁₆ ∧ x₂ ∧ x₄ ∧ x₈ ∧ x₉ ∧
 ¬ x₁₅ ∧ ¬ x₅ ∧ ¬ x₆) ∨ (x₁₀ ∧ x₁₁ ∧ x₁₃ ∧ x₁₆ ∧ x₆ ∧ x₉ ∧ ¬ x₁ ∧ ¬ x₁₄ ∧ ¬ x₃ ∧ ¬ x₄
 ∧ ¬ x₅) ∨ (x₁₁ ∧ x₁₃ ∧ x₉ ∧ ¬ x₁₄ ∧ ¬ x₁₅ ∧ ¬ x₁₆ ∧ ¬ x₂ ∧ ¬ x₄ ∧ ¬ x₆ ∧ ¬ x₇ ∧ ¬ x₈
) ∨ (x₁ ∧ x₁₅ ∧ x₁₆ ∧ x₂ ∧ x₅ ∧ x₆ ∧ x₇ ∧ x₈ ∧ x₉ ∧ ¬ x₁₀ ∧ ¬ x₁₄ ∧ ¬ x₃) ∨ (x₁₄ ∧ x₄
 ∧ x₅ ∧ ¬ x₁ ∧ ¬ x₁₂ ∧ ¬ x₁₃ ∧ ¬ x₁₅ ∧ ¬ x₂ ∧ ¬ x₃ ∧ ¬ x₆ ∧ ¬ x₇ ∧ ¬ x₉) ∨ (x₁₅ ∧ x₁₆
 ∧ x₈ ∧ ¬ x₁ ∧ ¬ x₁₀ ∧ ¬ x₁₁ ∧ ¬ x₁₂ ∧ ¬ x₁₃ ∧ ¬ x₄ ∧ ¬ x₅ ∧ ¬ x₆ ∧ ¬ x₇) ∨ (x₁₃ ∧ x₄
 ∧ x₅ ∧ ¬ x₁₀ ∧ ¬ x₁₁ ∧ ¬ x₁₂ ∧ ¬ x₁₄ ∧ ¬ x₁₅ ∧ ¬ x₂ ∧ ¬ x₃ ∧ ¬ x₆ ∧ ¬ x₇ ∧ ¬ x₈ ∧ ¬ 
x₉)
[2013-06-10 21:47:52] PyMTL           DEBUG  :    - Group 8: (x₁₄ ∧ ¬ x₃ ∧ ¬ x₈) ∨ (x₁₅ ∧ ¬ x₁₁ ∧ ¬ x₁₂ ∧ ¬ x₃) ∨ (x₁ ∧ x₁₀ ∧ x₁₁ ∧ x₁₆ ∧ ¬ x₁₄) ∨
 (x₁ ∧ x₁₃ ∧ ¬ x₆ ∧ ¬ x₇ ∧ ¬ x₉) ∨ (x₁₀ ∧ x₁₂ ∧ x₁₆ ∧ x₇ ∧ ¬ x₉) ∨ (x₁₀ ∧ x₃ ∧ ¬ x₁₄ 
∧ ¬ x₅ ∧ ¬ x₆) ∨ (x₁₃ ∧ x₁₆ ∧ x₇ ∧ ¬ x₅ ∧ ¬ x₈) ∨ (¬ x₁₁ ∧ ¬ x₁₂ ∧ ¬ x₁₅ ∧ ¬ x₃ ∧ ¬ x
₇) ∨ (x₁ ∧ x₅ ∧ ¬ x₁₀ ∧ ¬ x₁₆ ∧ ¬ x₂ ∧ ¬ x₉) ∨ (x₁₀ ∧ x₁₆ ∧ x₃ ∧ x₄ ∧ ¬ x₁₂ ∧ ¬ x₅) ∨
 (x₁₁ ∧ x₃ ∧ x₄ ∧ x₈ ∧ x₉ ∧ ¬ x₆) ∨ (x₃ ∧ x₆ ∧ ¬ x₁₀ ∧ ¬ x₁₄ ∧ ¬ x₅ ∧ ¬ x₇) ∨ (x₁ ∧ x
₁₁ ∧ x₁₂ ∧ x₇ ∧ ¬ x₁₆ ∧ ¬ x₃ ∧ ¬ x₄) ∨ (x₁ ∧ x₁₁ ∧ x₂ ∧ ¬ x₁₀ ∧ ¬ x₁₂ ∧ ¬ x₁₅ ∧ ¬ x₅)
 ∨ (x₁ ∧ x₂ ∧ x₆ ∧ ¬ x₁₆ ∧ ¬ x₇ ∧ ¬ x₈ ∧ ¬ x₉) ∨ (x₁₀ ∧ x₁₁ ∧ x₁₄ ∧ x₈ ∧ ¬ x₁₂ ∧ ¬ x₁
₆ ∧ ¬ x₃) ∨ (x₁₁ ∧ x₁₂ ∧ x₁₅ ∧ x₁₆ ∧ x₈ ∧ ¬ x₁₃ ∧ ¬ x₄) ∨ (x₁₁ ∧ x₁₃ ∧ x₁₅ ∧ x₆ ∧ x₉ 
∧ ¬ x₁₀ ∧ ¬ x₁₄) ∨ (x₁₁ ∧ x₂ ∧ x₅ ∧ ¬ x₁₀ ∧ ¬ x₁₂ ∧ ¬ x₁₄ ∧ ¬ x₉) ∨ (x₁₂ ∧ x₁₄ ∧ ¬ x₁
₀ ∧ ¬ x₁₁ ∧ ¬ x₁₃ ∧ ¬ x₂ ∧ ¬ x₉) ∨ (x₁₂ ∧ x₂ ∧ x₅ ∧ ¬ x₁ ∧ ¬ x₁₅ ∧ ¬ x₃ ∧ ¬ x₆) ∨ (x₁
₂ ∧ x₃ ∧ x₅ ∧ x₆ ∧ x₇ ∧ ¬ x₁₀ ∧ ¬ x₉) ∨ (x₁₃ ∧ x₂ ∧ x₄ ∧ x₈ ∧ x₉ ∧ ¬ x₁₀ ∧ ¬ x₆) ∨ (x
₁₅ ∧ x₁₆ ∧ x₃ ∧ x₄ ∧ x₆ ∧ ¬ x₇ ∧ ¬ x₈) ∨ (x₅ ∧ x₆ ∧ x₇ ∧ x₉ ∧ ¬ x₁₀ ∧ ¬ x₁₃ ∧ ¬ x₃) ∨
 (x₅ ∧ x₆ ∧ x₈ ∧ ¬ x₁₅ ∧ ¬ x₁₆ ∧ ¬ x₂ ∧ ¬ x₄) ∨ (x₁ ∧ x₁₁ ∧ x₁₂ ∧ x₁₅ ∧ x₂ ∧ x₇ ∧ ¬ x
₁₄ ∧ ¬ x₄) ∨ (x₁ ∧ x₁₄ ∧ x₁₅ ∧ x₄ ∧ x₆ ∧ x₇ ∧ x₉ ∧ ¬ x₁₀) ∨ (x₁ ∧ x₁₅ ∧ x₃ ∧ x₄ ∧ x₈ 
∧ ¬ x₁₃ ∧ ¬ x₁₆ ∧ ¬ x₅) ∨ (x₁ ∧ x₅ ∧ x₇ ∧ x₉ ∧ ¬ x₁₃ ∧ ¬ x₂ ∧ ¬ x₃ ∧ ¬ x₆) ∨ (x₁₀ ∧ x
₁₅ ∧ x₂ ∧ x₆ ∧ x₉ ∧ ¬ x₁₂ ∧ ¬ x₁₃ ∧ ¬ x₄) ∨ (x₁₁ ∧ x₁₃ ∧ x₁₄ ∧ x₄ ∧ x₆ ∧ x₉ ∧ ¬ x₁₅ ∧
 ¬ x₃) ∨ (x₁₁ ∧ x₁₃ ∧ x₁₅ ∧ x₁₆ ∧ x₃ ∧ x₄ ∧ ¬ x₁ ∧ ¬ x₉) ∨ (x₁₃ ∧ x₁₄ ∧ x₁₅ ∧ x₃ ∧ x₇
 ∧ x₈ ∧ ¬ x₁₆ ∧ ¬ x₅) ∨ (x₇ ∧ x₈ ∧ ¬ x₁ ∧ ¬ x₁₁ ∧ ¬ x₁₂ ∧ ¬ x₁₆ ∧ ¬ x₂ ∧ ¬ x₄) ∨ (x₁ 
∧ x₁₀ ∧ x₁₃ ∧ x₉ ∧ ¬ x₁₂ ∧ ¬ x₁₆ ∧ ¬ x₂ ∧ ¬ x₅ ∧ ¬ x₈) ∨ (x₁ ∧ x₃ ∧ x₄ ∧ ¬ x₁₁ ∧ ¬ x₁
₂ ∧ ¬ x₁₆ ∧ ¬ x₂ ∧ ¬ x₅ ∧ ¬ x₇) ∨ (x₁₀ ∧ x₁₁ ∧ x₁₆ ∧ x₂ ∧ x₆ ∧ x₇ ∧ x₈ ∧ ¬ x₁₄ ∧ ¬ x₄
) ∨ (x₁₀ ∧ x₁₂ ∧ x₄ ∧ ¬ x₁ ∧ ¬ x₃ ∧ ¬ x₅ ∧ ¬ x₇ ∧ ¬ x₈ ∧ ¬ x₉) ∨ (x₁₀ ∧ x₁₄ ∧ x₁₆ ∧ x
₆ ∧ ¬ x₁ ∧ ¬ x₁₂ ∧ ¬ x₁₃ ∧ ¬ x₃ ∧ ¬ x₈) ∨ (x₁₀ ∧ x₁₆ ∧ x₂ ∧ x₄ ∧ x₅ ∧ x₇ ∧ ¬ x₁ ∧ ¬ x
₆ ∧ ¬ x₉) ∨ (x₁₁ ∧ x₁₃ ∧ x₁₄ ∧ x₂ ∧ x₃ ∧ x₈ ∧ x₉ ∧ ¬ x₁₅ ∧ ¬ x₆) ∨ (x₁₁ ∧ x₁₃ ∧ x₁₆ ∧
 x₈ ∧ x₉ ∧ ¬ x₁ ∧ ¬ x₁₀ ∧ ¬ x₄ ∧ ¬ x₅) ∨ (x₁₁ ∧ x₁₄ ∧ x₂ ∧ x₆ ∧ x₈ ∧ ¬ x₁₃ ∧ ¬ x₁₅ ∧ 
¬ x₃ ∧ ¬ x₉) ∨ (x₁₃ ∧ x₁₆ ∧ x₅ ∧ x₉ ∧ ¬ x₁₁ ∧ ¬ x₁₂ ∧ ¬ x₂ ∧ ¬ x₆ ∧ ¬ x₈) ∨ (x₁₃ ∧ x₅
 ∧ ¬ x₁ ∧ ¬ x₁₄ ∧ ¬ x₁₆ ∧ ¬ x₂ ∧ ¬ x₆ ∧ ¬ x₈ ∧ ¬ x₉) ∨ (x₁ ∧ x₁₀ ∧ x₁₂ ∧ x₄ ∧ ¬ x₁₅ ∧
 ¬ x₁₆ ∧ ¬ x₅ ∧ ¬ x₇ ∧ ¬ x₈ ∧ ¬ x₉) ∨ (x₁ ∧ x₁₂ ∧ x₁₄ ∧ x₃ ∧ x₄ ∧ x₅ ∧ x₈ ∧ ¬ x₁₃ ∧ ¬
 x₁₅ ∧ ¬ x₇) ∨ (x₁₀ ∧ x₁₂ ∧ x₂ ∧ x₄ ∧ x₆ ∧ x₈ ∧ ¬ x₁₄ ∧ ¬ x₁₅ ∧ ¬ x₃ ∧ ¬ x₅) ∨ (x₁₀ ∧
 x₁₃ ∧ x₁₄ ∧ x₃ ∧ x₆ ∧ x₈ ∧ x₉ ∧ ¬ x₄ ∧ ¬ x₅ ∧ ¬ x₇) ∨ (x₁₁ ∧ x₁₂ ∧ x₅ ∧ x₇ ∧ ¬ x₁ ∧ 
¬ x₁₅ ∧ ¬ x₁₆ ∧ ¬ x₃ ∧ ¬ x₆ ∧ ¬ x₉) ∨ (x₁₁ ∧ x₁₄ ∧ x₁₅ ∧ x₂ ∧ x₃ ∧ x₄ ∧ x₈ ∧ ¬ x₁₃ ∧ 
¬ x₅ ∧ ¬ x₉) ∨ (x₁₂ ∧ x₁₆ ∧ x₈ ∧ ¬ x₁ ∧ ¬ x₁₅ ∧ ¬ x₃ ∧ ¬ x₄ ∧ ¬ x₅ ∧ ¬ x₇ ∧ ¬ x₉) ∨ (
x₁₂ ∧ x₂ ∧ x₄ ∧ ¬ x₁ ∧ ¬ x₁₁ ∧ ¬ x₁₄ ∧ ¬ x₃ ∧ ¬ x₆ ∧ ¬ x₈ ∧ ¬ x₉) ∨ (x₁₂ ∧ x₃ ∧ x₅ ∧ 
x₆ ∧ x₈ ∧ ¬ x₁ ∧ ¬ x₁₀ ∧ ¬ x₁₁ ∧ ¬ x₂ ∧ ¬ x₄) ∨ (x₁₄ ∧ x₁₅ ∧ x₇ ∧ x₉ ∧ ¬ x₁₀ ∧ ¬ x₁₁ 
∧ ¬ x₄ ∧ ¬ x₅ ∧ ¬ x₆ ∧ ¬ x₈) ∨ (x₁₄ ∧ x₁₆ ∧ x₃ ∧ x₆ ∧ ¬ x₁ ∧ ¬ x₁₀ ∧ ¬ x₁₃ ∧ ¬ x₂ ∧ ¬
 x₇ ∧ ¬ x₉) ∨ (x₅ ∧ x₉ ∧ ¬ x₁ ∧ ¬ x₁₀ ∧ ¬ x₁₁ ∧ ¬ x₁₃ ∧ ¬ x₁₄ ∧ ¬ x₁₅ ∧ ¬ x₄ ∧ ¬ x₈) 
∨ (x₁ ∧ x₁₀ ∧ x₁₁ ∧ x₂ ∧ x₃ ∧ x₄ ∧ x₈ ∧ ¬ x₁₂ ∧ ¬ x₅ ∧ ¬ x₆ ∧ ¬ x₇) ∨ (x₁ ∧ x₁₂ ∧ x₁₃
 ∧ x₁₄ ∧ x₁₅ ∧ x₁₆ ∧ x₂ ∧ x₃ ∧ x₅ ∧ x₇ ∧ ¬ x₉) ∨ (x₁ ∧ x₁₃ ∧ x₁₄ ∧ x₁₅ ∧ x₁₆ ∧ x₄ ∧ x
₅ ∧ ¬ x₁₂ ∧ ¬ x₂ ∧ ¬ x₃ ∧ ¬ x₉) ∨ (x₁₀ ∧ x₁₁ ∧ x₅ ∧ x₆ ∧ x₈ ∧ ¬ x₁ ∧ ¬ x₁₃ ∧ ¬ x₁₄ ∧ 
¬ x₂ ∧ ¬ x₄ ∧ ¬ x₇) ∨ (x₁₀ ∧ x₁₄ ∧ x₁₅ ∧ x₄ ∧ x₇ ∧ x₈ ∧ ¬ x₁ ∧ ¬ x₁₃ ∧ ¬ x₁₆ ∧ ¬ x₆ ∧
 ¬ x₉) ∨ (x₁₀ ∧ x₂ ∧ x₆ ∧ x₇ ∧ ¬ x₁₂ ∧ ¬ x₁₃ ∧ ¬ x₁₄ ∧ ¬ x₁₅ ∧ ¬ x₁₆ ∧ ¬ x₈ ∧ ¬ x₉)
[2013-06-10 21:47:52] PyMTL           DEBUG  :    - Group 9: (x₄ ∧ ¬ x₃) ∨ (¬ x₁₁ ∧ ¬ x₁₆ ∧ ¬ x₉) ∨ (x₁₀ ∧ x₁₂ ∧ x₃ ∧ ¬ x₁₃) ∨ (x₁₄ ∧ x₁₅ ∧ ¬ x₁₂ 
∧ ¬ x₄) ∨ (x₆ ∧ ¬ x₁ ∧ ¬ x₁₅ ∧ ¬ x₁₆) ∨ (x₁ ∧ x₅ ∧ x₇ ∧ ¬ x₁₅ ∧ ¬ x₃) ∨ (x₁₃ ∧ ¬ x₁₂ 
∧ ¬ x₃ ∧ ¬ x₄ ∧ ¬ x₆) ∨ (x₆ ∧ ¬ x₁₁ ∧ ¬ x₁₆ ∧ ¬ x₃ ∧ ¬ x₅) ∨ (x₁ ∧ x₁₀ ∧ x₃ ∧ ¬ x₁₁ ∧
 ¬ x₁₃ ∧ ¬ x₅) ∨ (x₁₀ ∧ x₁₂ ∧ x₈ ∧ ¬ x₃ ∧ ¬ x₆ ∧ ¬ x₉) ∨ (x₁₀ ∧ x₅ ∧ ¬ x₁₃ ∧ ¬ x₄ ∧ ¬
 x₆ ∧ ¬ x₈) ∨ (x₁₂ ∧ x₆ ∧ ¬ x₁₀ ∧ ¬ x₁₃ ∧ ¬ x₁₆ ∧ ¬ x₃) ∨ (x₁₄ ∧ x₂ ∧ x₃ ∧ ¬ x₁₁ ∧ ¬ 
x₁₃ ∧ ¬ x₈) ∨ (x₂ ∧ x₇ ∧ ¬ x₁₂ ∧ ¬ x₄ ∧ ¬ x₅ ∧ ¬ x₉) ∨ (x₃ ∧ x₆ ∧ x₈ ∧ x₉ ∧ ¬ x₅ ∧ ¬ 
x₇) ∨ (x₁ ∧ x₁₀ ∧ x₃ ∧ x₄ ∧ x₈ ∧ ¬ x₂ ∧ ¬ x₉) ∨ (x₁ ∧ x₁₃ ∧ x₁₄ ∧ x₁₆ ∧ x₉ ∧ ¬ x₁₂ ∧ 
¬ x₃) ∨ (x₁₀ ∧ x₁₁ ∧ x₁₃ ∧ x₂ ∧ x₃ ∧ ¬ x₁₆ ∧ ¬ x₈) ∨ (x₁₀ ∧ x₁₁ ∧ x₂ ∧ x₅ ∧ x₉ ∧ ¬ x₃
 ∧ ¬ x₇) ∨ (x₁₀ ∧ x₁₃ ∧ x₄ ∧ x₆ ∧ x₉ ∧ ¬ x₁₁ ∧ ¬ x₂) ∨ (x₁₀ ∧ x₁₄ ∧ ¬ x₁ ∧ ¬ x₁₂ ∧ ¬ 
x₁₅ ∧ ¬ x₄ ∧ ¬ x₉) ∨ (x₁₁ ∧ x₁₂ ∧ x₁₅ ∧ x₅ ∧ ¬ x₁₄ ∧ ¬ x₁₆ ∧ ¬ x₂) ∨ (x₁₂ ∧ x₁₃ ∧ x₁₆
 ∧ x₅ ∧ x₇ ∧ ¬ x₁ ∧ ¬ x₃) ∨ (x₁₂ ∧ x₁₆ ∧ x₉ ∧ ¬ x₁₁ ∧ ¬ x₁₃ ∧ ¬ x₁₄ ∧ ¬ x₈) ∨ (x₁₃ ∧ 
x₁₄ ∧ x₅ ∧ x₈ ∧ ¬ x₁₁ ∧ ¬ x₃ ∧ ¬ x₉) ∨ (x₁₃ ∧ x₁₅ ∧ ¬ x₁ ∧ ¬ x₁₀ ∧ ¬ x₁₁ ∧ ¬ x₆ ∧ ¬ x
₇) ∨ (x₁₄ ∧ x₁₆ ∧ x₂ ∧ ¬ x₁₂ ∧ ¬ x₁₅ ∧ ¬ x₃ ∧ ¬ x₅) ∨ (x₁₄ ∧ x₃ ∧ x₄ ∧ x₈ ∧ ¬ x₁₂ ∧ ¬
 x₂ ∧ ¬ x₉) ∨ (x₇ ∧ ¬ x₁₀ ∧ ¬ x₁₁ ∧ ¬ x₁₅ ∧ ¬ x₁₆ ∧ ¬ x₂ ∧ ¬ x₄) ∨ (x₁ ∧ x₁₀ ∧ x₁₁ ∧ 
x₄ ∧ x₇ ∧ ¬ x₁₄ ∧ ¬ x₁₆ ∧ ¬ x₂) ∨ (x₁ ∧ x₁₀ ∧ x₁₂ ∧ x₁₃ ∧ x₇ ∧ ¬ x₁₆ ∧ ¬ x₅ ∧ ¬ x₈) ∨
 (x₁ ∧ x₁₂ ∧ x₁₄ ∧ x₁₆ ∧ x₆ ∧ x₇ ∧ ¬ x₁₅ ∧ ¬ x₄) ∨ (x₁ ∧ x₄ ∧ ¬ x₁₂ ∧ ¬ x₁₄ ∧ ¬ x₁₅ ∧
 ¬ x₂ ∧ ¬ x₆ ∧ ¬ x₉) ∨ (x₁₀ ∧ x₁₁ ∧ x₁₅ ∧ x₁₆ ∧ x₂ ∧ x₃ ∧ x₇ ∧ ¬ x₉) ∨ (x₁₀ ∧ x₁₂ ∧ x
₁₆ ∧ ¬ x₁₁ ∧ ¬ x₁₃ ∧ ¬ x₃ ∧ ¬ x₄ ∧ ¬ x₉) ∨ (x₁₁ ∧ x₁₄ ∧ x₃ ∧ x₅ ∧ ¬ x₁ ∧ ¬ x₁₀ ∧ ¬ x₇
 ∧ ¬ x₉) ∨ (x₁₁ ∧ x₁₄ ∧ x₆ ∧ ¬ x₁₃ ∧ ¬ x₁₅ ∧ ¬ x₂ ∧ ¬ x₈ ∧ ¬ x₉) ∨ (x₁₁ ∧ x₂ ∧ x₄ ∧ x
₉ ∧ ¬ x₁₂ ∧ ¬ x₁₃ ∧ ¬ x₁₆ ∧ ¬ x₆) ∨ (x₁₂ ∧ x₄ ∧ ¬ x₁₀ ∧ ¬ x₁₄ ∧ ¬ x₃ ∧ ¬ x₆ ∧ ¬ x₈ ∧ 
¬ x₉) ∨ (x₁₃ ∧ x₁₅ ∧ x₂ ∧ ¬ x₁ ∧ ¬ x₁₀ ∧ ¬ x₁₄ ∧ ¬ x₁₆ ∧ ¬ x₆) ∨ (x₁₄ ∧ x₁₆ ∧ x₂ ∧ x₄
 ∧ ¬ x₁ ∧ ¬ x₁₂ ∧ ¬ x₁₃ ∧ ¬ x₈) ∨ (x₁₄ ∧ x₆ ∧ x₇ ∧ ¬ x₁ ∧ ¬ x₁₁ ∧ ¬ x₄ ∧ ¬ x₅ ∧ ¬ x₉)
 ∨ (x₁₄ ∧ ¬ x₁₂ ∧ ¬ x₁₅ ∧ ¬ x₂ ∧ ¬ x₄ ∧ ¬ x₆ ∧ ¬ x₇ ∧ ¬ x₉) ∨ (x₁₅ ∧ x₃ ∧ x₄ ∧ x₅ ∧ ¬
 x₁₁ ∧ ¬ x₁₂ ∧ ¬ x₁₃ ∧ ¬ x₆) ∨ (x₄ ∧ x₇ ∧ x₈ ∧ x₉ ∧ ¬ x₁ ∧ ¬ x₁₂ ∧ ¬ x₁₆ ∧ ¬ x₅) ∨ (x
₁ ∧ x₁₀ ∧ x₁₂ ∧ x₁₆ ∧ x₂ ∧ x₄ ∧ ¬ x₁₁ ∧ ¬ x₈ ∧ ¬ x₉) ∨ (x₁ ∧ x₁₃ ∧ x₁₄ ∧ x₁₅ ∧ x₈ ∧ ¬
 x₁₁ ∧ ¬ x₄ ∧ ¬ x₅ ∧ ¬ x₉) ∨ (x₁₀ ∧ x₁₂ ∧ x₈ ∧ x₉ ∧ ¬ x₁₁ ∧ ¬ x₁₅ ∧ ¬ x₃ ∧ ¬ x₄ ∧ ¬ x
₅) ∨ (x₁₀ ∧ x₄ ∧ x₉ ∧ ¬ x₁ ∧ ¬ x₁₂ ∧ ¬ x₁₃ ∧ ¬ x₁₄ ∧ ¬ x₁₆ ∧ ¬ x₅) ∨ (x₁₃ ∧ x₄ ∧ x₈ ∧
 x₉ ∧ ¬ x₁₀ ∧ ¬ x₁₂ ∧ ¬ x₁₄ ∧ ¬ x₁₅ ∧ ¬ x₆) ∨ (x₁₄ ∧ x₁₆ ∧ x₂ ∧ x₃ ∧ x₄ ∧ x₅ ∧ ¬ x₁₁ 
∧ ¬ x₆ ∧ ¬ x₈) ∨ (x₁ ∧ x₁₄ ∧ x₂ ∧ x₃ ∧ ¬ x₁₁ ∧ ¬ x₁₅ ∧ ¬ x₄ ∧ ¬ x₆ ∧ ¬ x₇ ∧ ¬ x₈) ∨ (
x₁ ∧ x₁₄ ∧ ¬ x₁₀ ∧ ¬ x₁₁ ∧ ¬ x₁₂ ∧ ¬ x₁₃ ∧ ¬ x₁₅ ∧ ¬ x₃ ∧ ¬ x₈ ∧ ¬ x₉) ∨ (x₁₀ ∧ x₁₂ ∧
 x₁₅ ∧ x₁₆ ∧ x₉ ∧ ¬ x₁₁ ∧ ¬ x₁₄ ∧ ¬ x₂ ∧ ¬ x₅ ∧ ¬ x₇) ∨ (x₁₁ ∧ x₁₃ ∧ x₃ ∧ x₄ ∧ ¬ x₁₀ 
∧ ¬ x₁₂ ∧ ¬ x₂ ∧ ¬ x₅ ∧ ¬ x₆ ∧ ¬ x₇) ∨ (x₁₂ ∧ x₁₃ ∧ x₁₄ ∧ x₆ ∧ x₉ ∧ ¬ x₁₀ ∧ ¬ x₁₅ ∧ ¬
 x₁₆ ∧ ¬ x₂ ∧ ¬ x₄) ∨ (x₁₄ ∧ x₁₅ ∧ ¬ x₁₀ ∧ ¬ x₁₁ ∧ ¬ x₁₆ ∧ ¬ x₅ ∧ ¬ x₆ ∧ ¬ x₇ ∧ ¬ x₈ 
∧ ¬ x₉) ∨ (x₁ ∧ x₃ ∧ x₄ ∧ x₈ ∧ ¬ x₁₀ ∧ ¬ x₁₁ ∧ ¬ x₁₂ ∧ ¬ x₁₅ ∧ ¬ x₂ ∧ ¬ x₅ ∧ ¬ x₉) ∨ 
(x₁₁ ∧ x₁₃ ∧ x₁₄ ∧ x₁₅ ∧ x₄ ∧ x₉ ∧ ¬ x₁ ∧ ¬ x₁₀ ∧ ¬ x₁₂ ∧ ¬ x₃ ∧ ¬ x₅) ∨ (x₁₁ ∧ x₁₄ ∧
 x₅ ∧ x₆ ∧ ¬ x₁ ∧ ¬ x₁₀ ∧ ¬ x₁₂ ∧ ¬ x₃ ∧ ¬ x₄ ∧ ¬ x₇ ∧ ¬ x₉) ∨ (x₁₂ ∧ x₁₃ ∧ x₁₄ ∧ x₁₅
 ∧ x₃ ∧ x₆ ∧ x₇ ∧ x₉ ∧ ¬ x₁₁ ∧ ¬ x₁₆ ∧ ¬ x₂) ∨ (x₁₀ ∧ x₁₃ ∧ x₁₆ ∧ x₆ ∧ x₇ ∧ ¬ x₁ ∧ ¬ 
x₁₄ ∧ ¬ x₂ ∧ ¬ x₃ ∧ ¬ x₄ ∧ ¬ x₅ ∧ ¬ x₉) ∨ (x₁₁ ∧ x₁₅ ∧ x₂ ∧ x₃ ∧ x₄ ∧ x₅ ∧ x₈ ∧ ¬ x₁₀
 ∧ ¬ x₁₂ ∧ ¬ x₁₃ ∧ ¬ x₆ ∧ ¬ x₉) ∨ (x₁₂ ∧ x₁₃ ∧ x₁₄ ∧ x₆ ∧ x₇ ∧ ¬ x₁ ∧ ¬ x₁₀ ∧ ¬ x₁₁ ∧
 ¬ x₂ ∧ ¬ x₃ ∧ ¬ x₄ ∧ ¬ x₉)
[2013-06-10 21:47:52] PyMTL           DEBUG  :   % of True values in y for each task:
[2013-06-10 21:47:52] PyMTL           DEBUG  :    - Group 0, task 0: 0.515
[2013-06-10 21:47:52] PyMTL           DEBUG  :    - Group 0, task 1: 0.495
[2013-06-10 21:47:52] PyMTL           DEBUG  :    - Group 0, task 2: 0.49
[2013-06-10 21:47:52] PyMTL           DEBUG  :    - Group 0, task 3: 0.44
[2013-06-10 21:47:52] PyMTL           DEBUG  :    - Group 0, task 4: 0.47
[2013-06-10 21:47:52] PyMTL           DEBUG  :    - Group 0, task 5: 0.445
[2013-06-10 21:47:52] PyMTL           DEBUG  :    - Group 0, task 6: 0.465
[2013-06-10 21:47:52] PyMTL           DEBUG  :    - Group 0, task 7: 0.475
[2013-06-10 21:47:53] PyMTL           DEBUG  :    - Group 0, task 8: 0.51
[2013-06-10 21:47:53] PyMTL           DEBUG  :    - Group 0, task 9: 0.525
[2013-06-10 21:47:53] PyMTL           DEBUG  :    - Group 1, task 0: 0.355
[2013-06-10 21:47:53] PyMTL           DEBUG  :    - Group 1, task 1: 0.365
[2013-06-10 21:47:53] PyMTL           DEBUG  :    - Group 1, task 2: 0.395
[2013-06-10 21:47:53] PyMTL           DEBUG  :    - Group 1, task 3: 0.375
[2013-06-10 21:47:53] PyMTL           DEBUG  :    - Group 1, task 4: 0.43
[2013-06-10 21:47:53] PyMTL           DEBUG  :    - Group 1, task 5: 0.425
[2013-06-10 21:47:53] PyMTL           DEBUG  :    - Group 1, task 6: 0.35
[2013-06-10 21:47:53] PyMTL           DEBUG  :    - Group 1, task 7: 0.36
[2013-06-10 21:47:53] PyMTL           DEBUG  :    - Group 1, task 8: 0.405
[2013-06-10 21:47:53] PyMTL           DEBUG  :    - Group 1, task 9: 0.385
[2013-06-10 21:47:53] PyMTL           DEBUG  :    - Group 2, task 0: 0.545
[2013-06-10 21:47:53] PyMTL           DEBUG  :    - Group 2, task 1: 0.52
[2013-06-10 21:47:53] PyMTL           DEBUG  :    - Group 2, task 2: 0.545
[2013-06-10 21:47:53] PyMTL           DEBUG  :    - Group 2, task 3: 0.49
[2013-06-10 21:47:53] PyMTL           DEBUG  :    - Group 2, task 4: 0.55
[2013-06-10 21:47:53] PyMTL           DEBUG  :    - Group 2, task 5: 0.535
[2013-06-10 21:47:53] PyMTL           DEBUG  :    - Group 2, task 6: 0.52
[2013-06-10 21:47:53] PyMTL           DEBUG  :    - Group 2, task 7: 0.565
[2013-06-10 21:47:53] PyMTL           DEBUG  :    - Group 2, task 8: 0.54
[2013-06-10 21:47:53] PyMTL           DEBUG  :    - Group 2, task 9: 0.535
[2013-06-10 21:47:53] PyMTL           DEBUG  :    - Group 3, task 0: 0.445
[2013-06-10 21:47:53] PyMTL           DEBUG  :    - Group 3, task 1: 0.445
[2013-06-10 21:47:53] PyMTL           DEBUG  :    - Group 3, task 2: 0.48
[2013-06-10 21:47:53] PyMTL           DEBUG  :    - Group 3, task 3: 0.46
[2013-06-10 21:47:53] PyMTL           DEBUG  :    - Group 3, task 4: 0.41
[2013-06-10 21:47:53] PyMTL           DEBUG  :    - Group 3, task 5: 0.485
[2013-06-10 21:47:53] PyMTL           DEBUG  :    - Group 3, task 6: 0.48
[2013-06-10 21:47:53] PyMTL           DEBUG  :    - Group 3, task 7: 0.39
[2013-06-10 21:47:53] PyMTL           DEBUG  :    - Group 3, task 8: 0.385
[2013-06-10 21:47:53] PyMTL           DEBUG  :    - Group 3, task 9: 0.44
[2013-06-10 21:47:53] PyMTL           DEBUG  :    - Group 4, task 0: 0.38
[2013-06-10 21:47:53] PyMTL           DEBUG  :    - Group 4, task 1: 0.42
[2013-06-10 21:47:53] PyMTL           DEBUG  :    - Group 4, task 2: 0.405
[2013-06-10 21:47:53] PyMTL           DEBUG  :    - Group 4, task 3: 0.4
[2013-06-10 21:47:53] PyMTL           DEBUG  :    - Group 4, task 4: 0.365
[2013-06-10 21:47:53] PyMTL           DEBUG  :    - Group 4, task 5: 0.405
[2013-06-10 21:47:53] PyMTL           DEBUG  :    - Group 4, task 6: 0.435
[2013-06-10 21:47:53] PyMTL           DEBUG  :    - Group 4, task 7: 0.4
[2013-06-10 21:47:53] PyMTL           DEBUG  :    - Group 4, task 8: 0.47
[2013-06-10 21:47:53] PyMTL           DEBUG  :    - Group 4, task 9: 0.425
[2013-06-10 21:47:53] PyMTL           DEBUG  :    - Group 5, task 0: 0.625
[2013-06-10 21:47:53] PyMTL           DEBUG  :    - Group 5, task 1: 0.565
[2013-06-10 21:47:53] PyMTL           DEBUG  :    - Group 5, task 2: 0.565
[2013-06-10 21:47:53] PyMTL           DEBUG  :    - Group 5, task 3: 0.545
[2013-06-10 21:47:53] PyMTL           DEBUG  :    - Group 5, task 4: 0.47
[2013-06-10 21:47:53] PyMTL           DEBUG  :    - Group 5, task 5: 0.51
[2013-06-10 21:47:53] PyMTL           DEBUG  :    - Group 5, task 6: 0.65
[2013-06-10 21:47:53] PyMTL           DEBUG  :    - Group 5, task 7: 0.565
[2013-06-10 21:47:53] PyMTL           DEBUG  :    - Group 5, task 8: 0.545
[2013-06-10 21:47:53] PyMTL           DEBUG  :    - Group 5, task 9: 0.585
[2013-06-10 21:47:53] PyMTL           DEBUG  :    - Group 6, task 0: 0.38
[2013-06-10 21:47:53] PyMTL           DEBUG  :    - Group 6, task 1: 0.365
[2013-06-10 21:47:53] PyMTL           DEBUG  :    - Group 6, task 2: 0.43
[2013-06-10 21:47:53] PyMTL           DEBUG  :    - Group 6, task 3: 0.41
[2013-06-10 21:47:53] PyMTL           DEBUG  :    - Group 6, task 4: 0.4
[2013-06-10 21:47:53] PyMTL           DEBUG  :    - Group 6, task 5: 0.38
[2013-06-10 21:47:53] PyMTL           DEBUG  :    - Group 6, task 6: 0.415
[2013-06-10 21:47:53] PyMTL           DEBUG  :    - Group 6, task 7: 0.37
[2013-06-10 21:47:53] PyMTL           DEBUG  :    - Group 6, task 8: 0.37
[2013-06-10 21:47:53] PyMTL           DEBUG  :    - Group 6, task 9: 0.355
[2013-06-10 21:47:53] PyMTL           DEBUG  :    - Group 7, task 0: 0.455
[2013-06-10 21:47:53] PyMTL           DEBUG  :    - Group 7, task 1: 0.41
[2013-06-10 21:47:53] PyMTL           DEBUG  :    - Group 7, task 2: 0.375
[2013-06-10 21:47:53] PyMTL           DEBUG  :    - Group 7, task 3: 0.385
[2013-06-10 21:47:53] PyMTL           DEBUG  :    - Group 7, task 4: 0.45
[2013-06-10 21:47:53] PyMTL           DEBUG  :    - Group 7, task 5: 0.385
[2013-06-10 21:47:53] PyMTL           DEBUG  :    - Group 7, task 6: 0.38
[2013-06-10 21:47:53] PyMTL           DEBUG  :    - Group 7, task 7: 0.435
[2013-06-10 21:47:53] PyMTL           DEBUG  :    - Group 7, task 8: 0.43
[2013-06-10 21:47:53] PyMTL           DEBUG  :    - Group 7, task 9: 0.38
[2013-06-10 21:47:53] PyMTL           DEBUG  :    - Group 8, task 0: 0.5
[2013-06-10 21:47:53] PyMTL           DEBUG  :    - Group 8, task 1: 0.46
[2013-06-10 21:47:53] PyMTL           DEBUG  :    - Group 8, task 2: 0.5
[2013-06-10 21:47:53] PyMTL           DEBUG  :    - Group 8, task 3: 0.47
[2013-06-10 21:47:53] PyMTL           DEBUG  :    - Group 8, task 4: 0.46
[2013-06-10 21:47:53] PyMTL           DEBUG  :    - Group 8, task 5: 0.5
[2013-06-10 21:47:53] PyMTL           DEBUG  :    - Group 8, task 6: 0.46
[2013-06-10 21:47:53] PyMTL           DEBUG  :    - Group 8, task 7: 0.475
[2013-06-10 21:47:53] PyMTL           DEBUG  :    - Group 8, task 8: 0.46
[2013-06-10 21:47:53] PyMTL           DEBUG  :    - Group 8, task 9: 0.435
[2013-06-10 21:47:53] PyMTL           DEBUG  :    - Group 9, task 0: 0.645
[2013-06-10 21:47:53] PyMTL           DEBUG  :    - Group 9, task 1: 0.67
[2013-06-10 21:47:53] PyMTL           DEBUG  :    - Group 9, task 2: 0.615
[2013-06-10 21:47:53] PyMTL           DEBUG  :    - Group 9, task 3: 0.625
[2013-06-10 21:47:53] PyMTL           DEBUG  :    - Group 9, task 4: 0.64
[2013-06-10 21:47:53] PyMTL           DEBUG  :    - Group 9, task 5: 0.63
[2013-06-10 21:47:53] PyMTL           DEBUG  :    - Group 9, task 6: 0.67
[2013-06-10 21:47:53] PyMTL           DEBUG  :    - Group 9, task 7: 0.675
[2013-06-10 21:47:53] PyMTL           DEBUG  :    - Group 9, task 8: 0.625
[2013-06-10 21:47:53] PyMTL           DEBUG  :    - Group 9, task 9: 0.655
[2013-06-10 21:47:53] PyMTL           DEBUG  :   Average % of True values in y (across all tasks): 0.473
[2013-06-10 21:47:53] PyMTL           DEBUG  : Finished repetition: 0, base learner: tree, learner: NoMerging in 0.42s
[2013-06-10 21:47:53] PyMTL           DEBUG  : Merged data has 16 attributes and 10000 examples.
[2013-06-10 21:47:54] PyMTL           DEBUG  : Finished repetition: 0, base learner: tree, learner: MergeAll in 0.63s
[2013-06-10 21:47:54] PyMTL           DEBUG  : Computing candidate pairs for merging (4950 pairs)
[2013-06-10 21:51:48] PyMTL           DEBUG  : Processing 1112 candidate pairs for merging
[2013-06-10 22:12:51] PyMTL           DEBUG  : Finished repetition: 0, base learner: tree, learner: ERM in 1452.94s
[2013-06-10 22:12:52] PyMTL           DEBUG  : Finished repetition: 0, base learner: svm_poly, learner: NoMerging in 0.83s
[2013-06-10 22:12:52] PyMTL           DEBUG  : Merged data has 16 attributes and 10000 examples.
[2013-06-10 22:14:02] PyMTL           DEBUG  : Finished repetition: 0, base learner: svm_poly, learner: MergeAll in 69.64s
[2013-06-10 22:14:02] PyMTL           DEBUG  : Computing candidate pairs for merging (4950 pairs)
[2013-06-10 22:29:40] PyMTL           DEBUG  : Processing 891 candidate pairs for merging
[2013-06-11 00:57:06] PyMTL           DEBUG  : Finished repetition: 0, base learner: svm_poly, learner: ERM in 9709.61s
[2013-06-11 00:57:07] PyMTL           DEBUG  : Finished repetition: 1, base learner: tree, learner: NoMerging in 0.31s
[2013-06-11 00:57:07] PyMTL           DEBUG  : Merged data has 16 attributes and 10000 examples.
[2013-06-11 00:57:07] PyMTL           DEBUG  : Finished repetition: 1, base learner: tree, learner: MergeAll in 0.35s
[2013-06-11 00:57:07] PyMTL           DEBUG  : Computing candidate pairs for merging (4950 pairs)
[2013-06-11 01:00:56] PyMTL           DEBUG  : Processing 1103 candidate pairs for merging
[2013-06-11 01:15:10] PyMTL           DEBUG  : Finished repetition: 1, base learner: tree, learner: ERM in 1072.92s
[2013-06-11 01:15:11] PyMTL           DEBUG  : Finished repetition: 1, base learner: svm_poly, learner: NoMerging in 0.82s
[2013-06-11 01:15:11] PyMTL           DEBUG  : Merged data has 16 attributes and 10000 examples.
[2013-06-11 01:16:09] PyMTL           DEBUG  : Finished repetition: 1, base learner: svm_poly, learner: MergeAll in 56.82s
[2013-06-11 01:16:09] PyMTL           DEBUG  : Computing candidate pairs for merging (4950 pairs)
[2013-06-11 01:31:49] PyMTL           DEBUG  : Processing 781 candidate pairs for merging
[2013-06-11 03:31:12] PyMTL           DEBUG  : Finished repetition: 1, base learner: svm_poly, learner: ERM in 8041.15s
[2013-06-11 03:31:13] PyMTL           DEBUG  : Finished repetition: 2, base learner: tree, learner: NoMerging in 0.31s
[2013-06-11 03:31:13] PyMTL           DEBUG  : Merged data has 16 attributes and 10000 examples.
[2013-06-11 03:31:13] PyMTL           DEBUG  : Finished repetition: 2, base learner: tree, learner: MergeAll in 0.37s
[2013-06-11 03:31:13] PyMTL           DEBUG  : Computing candidate pairs for merging (4950 pairs)
[2013-06-11 03:35:04] PyMTL           DEBUG  : Processing 1068 candidate pairs for merging
[2013-06-11 03:45:50] PyMTL           DEBUG  : Finished repetition: 2, base learner: tree, learner: ERM in 868.36s
[2013-06-11 03:45:51] PyMTL           DEBUG  : Finished repetition: 2, base learner: svm_poly, learner: NoMerging in 0.82s
[2013-06-11 03:45:51] PyMTL           DEBUG  : Merged data has 16 attributes and 10000 examples.
[2013-06-11 03:46:48] PyMTL           DEBUG  : Finished repetition: 2, base learner: svm_poly, learner: MergeAll in 56.72s
[2013-06-11 03:46:48] PyMTL           DEBUG  : Computing candidate pairs for merging (4950 pairs)
[2013-06-11 04:02:24] PyMTL           DEBUG  : Processing 869 candidate pairs for merging
[2013-06-11 06:29:03] PyMTL           DEBUG  : Finished repetition: 2, base learner: svm_poly, learner: ERM in 9660.09s
[2013-06-11 06:29:03] PyMTL           DEBUG  : Finished repetition: 3, base learner: tree, learner: NoMerging in 0.32s
[2013-06-11 06:29:03] PyMTL           DEBUG  : Merged data has 16 attributes and 10000 examples.
[2013-06-11 06:29:04] PyMTL           DEBUG  : Finished repetition: 3, base learner: tree, learner: MergeAll in 0.36s
[2013-06-11 06:29:04] PyMTL           DEBUG  : Computing candidate pairs for merging (4950 pairs)
[2013-06-11 06:32:57] PyMTL           DEBUG  : Processing 1047 candidate pairs for merging
[2013-06-11 06:52:20] PyMTL           DEBUG  : Finished repetition: 3, base learner: tree, learner: ERM in 1383.29s
[2013-06-11 06:52:21] PyMTL           DEBUG  : Finished repetition: 3, base learner: svm_poly, learner: NoMerging in 0.83s
[2013-06-11 06:52:21] PyMTL           DEBUG  : Merged data has 16 attributes and 10000 examples.
[2013-06-11 06:53:20] PyMTL           DEBUG  : Finished repetition: 3, base learner: svm_poly, learner: MergeAll in 58.11s
[2013-06-11 06:53:20] PyMTL           DEBUG  : Computing candidate pairs for merging (4950 pairs)
[2013-06-11 07:08:55] PyMTL           DEBUG  : Processing 903 candidate pairs for merging
[2013-06-11 09:10:38] PyMTL           DEBUG  : Finished repetition: 3, base learner: svm_poly, learner: ERM in 8174.62s
[2013-06-11 09:10:38] PyMTL           DEBUG  : Finished repetition: 4, base learner: tree, learner: NoMerging in 0.32s
[2013-06-11 09:10:38] PyMTL           DEBUG  : Merged data has 16 attributes and 10000 examples.
[2013-06-11 09:10:38] PyMTL           DEBUG  : Finished repetition: 4, base learner: tree, learner: MergeAll in 0.36s
[2013-06-11 09:10:38] PyMTL           DEBUG  : Computing candidate pairs for merging (4950 pairs)
[2013-06-11 09:14:30] PyMTL           DEBUG  : Processing 1099 candidate pairs for merging
[2013-06-11 09:25:57] PyMTL           DEBUG  : Finished repetition: 4, base learner: tree, learner: ERM in 909.29s
[2013-06-11 09:25:58] PyMTL           DEBUG  : Finished repetition: 4, base learner: svm_poly, learner: NoMerging in 0.84s
[2013-06-11 09:25:58] PyMTL           DEBUG  : Merged data has 16 attributes and 10000 examples.
[2013-06-11 09:26:55] PyMTL           DEBUG  : Finished repetition: 4, base learner: svm_poly, learner: MergeAll in 57.13s
[2013-06-11 09:26:55] PyMTL           DEBUG  : Computing candidate pairs for merging (4950 pairs)
[2013-06-11 09:42:41] PyMTL           DEBUG  : Processing 958 candidate pairs for merging
[2013-06-11 11:53:32] PyMTL           DEBUG  : Finished repetition: 4, base learner: svm_poly, learner: ERM in 8728.70s
[2013-06-11 11:53:32] PyMTL           DEBUG  : Finished repetition: 5, base learner: tree, learner: NoMerging in 0.30s
[2013-06-11 11:53:32] PyMTL           DEBUG  : Merged data has 16 attributes and 10000 examples.
[2013-06-11 11:53:32] PyMTL           DEBUG  : Finished repetition: 5, base learner: tree, learner: MergeAll in 0.34s
[2013-06-11 11:53:32] PyMTL           DEBUG  : Computing candidate pairs for merging (4950 pairs)
[2013-06-11 11:57:12] PyMTL           DEBUG  : Processing 1141 candidate pairs for merging
[2013-06-11 12:13:13] PyMTL           DEBUG  : Finished repetition: 5, base learner: tree, learner: ERM in 1169.20s
[2013-06-11 12:13:14] PyMTL           DEBUG  : Finished repetition: 5, base learner: svm_poly, learner: NoMerging in 0.81s
[2013-06-11 12:13:14] PyMTL           DEBUG  : Merged data has 16 attributes and 10000 examples.
[2013-06-11 12:14:11] PyMTL           DEBUG  : Finished repetition: 5, base learner: svm_poly, learner: MergeAll in 56.78s
[2013-06-11 12:14:11] PyMTL           DEBUG  : Computing candidate pairs for merging (4950 pairs)
[2013-06-11 12:29:40] PyMTL           DEBUG  : Processing 851 candidate pairs for merging
[2013-06-11 14:36:55] PyMTL           DEBUG  : Finished repetition: 5, base learner: svm_poly, learner: ERM in 8498.06s
[2013-06-11 14:36:55] PyMTL           DEBUG  : Finished repetition: 6, base learner: tree, learner: NoMerging in 0.30s
[2013-06-11 14:36:55] PyMTL           DEBUG  : Merged data has 16 attributes and 10000 examples.
[2013-06-11 14:36:56] PyMTL           DEBUG  : Finished repetition: 6, base learner: tree, learner: MergeAll in 0.34s
[2013-06-11 14:36:56] PyMTL           DEBUG  : Computing candidate pairs for merging (4950 pairs)
[2013-06-11 14:40:33] PyMTL           DEBUG  : Processing 1053 candidate pairs for merging
[2013-06-11 15:05:18] PyMTL           DEBUG  : Finished repetition: 6, base learner: tree, learner: ERM in 1685.86s
[2013-06-11 15:05:19] PyMTL           DEBUG  : Finished repetition: 6, base learner: svm_poly, learner: NoMerging in 0.81s
[2013-06-11 15:05:19] PyMTL           DEBUG  : Merged data has 16 attributes and 10000 examples.
[2013-06-11 15:06:16] PyMTL           DEBUG  : Finished repetition: 6, base learner: svm_poly, learner: MergeAll in 56.59s
[2013-06-11 15:06:16] PyMTL           DEBUG  : Computing candidate pairs for merging (4950 pairs)
[2013-06-11 15:21:41] PyMTL           DEBUG  : Processing 849 candidate pairs for merging
[2013-06-11 17:52:45] PyMTL           DEBUG  : Finished repetition: 6, base learner: svm_poly, learner: ERM in 9912.14s
[2013-06-11 17:52:46] PyMTL           DEBUG  : Finished repetition: 7, base learner: tree, learner: NoMerging in 0.30s
[2013-06-11 17:52:46] PyMTL           DEBUG  : Merged data has 16 attributes and 10000 examples.
[2013-06-11 17:52:46] PyMTL           DEBUG  : Finished repetition: 7, base learner: tree, learner: MergeAll in 0.34s
[2013-06-11 17:52:46] PyMTL           DEBUG  : Computing candidate pairs for merging (4950 pairs)
[2013-06-11 17:56:25] PyMTL           DEBUG  : Processing 1068 candidate pairs for merging
[2013-06-11 18:12:53] PyMTL           DEBUG  : Finished repetition: 7, base learner: tree, learner: ERM in 1195.22s
[2013-06-11 18:12:54] PyMTL           DEBUG  : Finished repetition: 7, base learner: svm_poly, learner: NoMerging in 0.81s
[2013-06-11 18:12:54] PyMTL           DEBUG  : Merged data has 16 attributes and 10000 examples.
[2013-06-11 18:13:50] PyMTL           DEBUG  : Finished repetition: 7, base learner: svm_poly, learner: MergeAll in 56.04s
[2013-06-11 18:13:50] PyMTL           DEBUG  : Computing candidate pairs for merging (4950 pairs)
[2013-06-11 18:29:22] PyMTL           DEBUG  : Processing 828 candidate pairs for merging
[2013-06-11 20:59:36] PyMTL           DEBUG  : Finished repetition: 7, base learner: svm_poly, learner: ERM in 9869.44s
[2013-06-11 20:59:36] PyMTL           DEBUG  : Finished repetition: 8, base learner: tree, learner: NoMerging in 0.30s
[2013-06-11 20:59:36] PyMTL           DEBUG  : Merged data has 16 attributes and 10000 examples.
[2013-06-11 20:59:36] PyMTL           DEBUG  : Finished repetition: 8, base learner: tree, learner: MergeAll in 0.34s
[2013-06-11 20:59:36] PyMTL           DEBUG  : Computing candidate pairs for merging (4950 pairs)
[2013-06-11 21:03:15] PyMTL           DEBUG  : Processing 1070 candidate pairs for merging
[2013-06-11 21:18:01] PyMTL           DEBUG  : Finished repetition: 8, base learner: tree, learner: ERM in 1094.23s
[2013-06-11 21:18:02] PyMTL           DEBUG  : Finished repetition: 8, base learner: svm_poly, learner: NoMerging in 0.81s
[2013-06-11 21:18:02] PyMTL           DEBUG  : Merged data has 16 attributes and 10000 examples.
[2013-06-11 21:18:58] PyMTL           DEBUG  : Finished repetition: 8, base learner: svm_poly, learner: MergeAll in 55.76s
[2013-06-11 21:18:58] PyMTL           DEBUG  : Computing candidate pairs for merging (4950 pairs)
[2013-06-11 21:34:29] PyMTL           DEBUG  : Processing 885 candidate pairs for merging
[2013-06-11 23:39:05] PyMTL           DEBUG  : Finished repetition: 8, base learner: svm_poly, learner: ERM in 8341.43s
[2013-06-11 23:39:05] PyMTL           DEBUG  : Finished repetition: 9, base learner: tree, learner: NoMerging in 0.30s
[2013-06-11 23:39:05] PyMTL           DEBUG  : Merged data has 16 attributes and 10000 examples.
[2013-06-11 23:39:05] PyMTL           DEBUG  : Finished repetition: 9, base learner: tree, learner: MergeAll in 0.34s
[2013-06-11 23:39:05] PyMTL           DEBUG  : Computing candidate pairs for merging (4950 pairs)
[2013-06-11 23:42:45] PyMTL           DEBUG  : Processing 1172 candidate pairs for merging
[2013-06-11 23:55:35] PyMTL           DEBUG  : Finished repetition: 9, base learner: tree, learner: ERM in 980.13s
[2013-06-11 23:55:36] PyMTL           DEBUG  : Finished repetition: 9, base learner: svm_poly, learner: NoMerging in 0.81s
[2013-06-11 23:55:36] PyMTL           DEBUG  : Merged data has 16 attributes and 10000 examples.
[2013-06-11 23:56:33] PyMTL           DEBUG  : Finished repetition: 9, base learner: svm_poly, learner: MergeAll in 56.39s
[2013-06-11 23:56:33] PyMTL           DEBUG  : Computing candidate pairs for merging (4950 pairs)
[2013-06-12 00:12:00] PyMTL           DEBUG  : Processing 845 candidate pairs for merging
[2013-06-12 02:44:09] PyMTL           DEBUG  : Finished repetition: 9, base learner: svm_poly, learner: ERM in 9975.17s
[2013-06-12 02:44:09] PyMTL           DEBUG  : Successfully pickled the results of base learner: tree to file: /home/tadej/PyMTL/results/synthetic_data/boolean_func-a16d8n200g10tg10rs12-seed52-repeats10/bl-tree.pkl
[2013-06-12 02:44:09] PyMTL           DEBUG  : Successfully pickled the results of base learner: svm_poly to file: /home/tadej/PyMTL/results/synthetic_data/boolean_func-a16d8n200g10tg10rs12-seed52-repeats10/bl-svm_poly.pkl
