[2013-06-10 18:14:38] PyMTL           DEBUG  : Report about the generated synthetic Boolean MTL problem:
[2013-06-10 18:14:38] PyMTL           DEBUG  :   Boolean function of each group:
[2013-06-10 18:14:38] PyMTL           DEBUG  :    - Group 0: (x₆ ∧ ¬ x₁ ∧ ¬ x₂) ∨ (x₁ ∧ x₁₄ ∧ ¬ x₄ ∧ ¬ x₇) ∨ (x₁₄ ∧ x₆ ∧ x₉ ∧ ¬ x₁₀) ∨ (x₃ ∧ x₄ ∧ 
¬ x₆ ∧ ¬ x₉) ∨ (x₁ ∧ x₁₁ ∧ x₁₃ ∧ x₅ ∧ ¬ x₁₂) ∨ (x₁₂ ∧ x₁₄ ∧ x₄ ∧ x₅ ∧ x₇) ∨ (x₁₃ ∧ ¬ 
x₁₀ ∧ ¬ x₁₄ ∧ ¬ x₂ ∧ ¬ x₉) ∨ (x₃ ∧ x₄ ∧ ¬ x₁₄ ∧ ¬ x₆ ∧ ¬ x₉) ∨ (x₁ ∧ x₁₅ ∧ x₆ ∧ x₇ ∧ 
¬ x₅ ∧ ¬ x₈) ∨ (x₁₀ ∧ x₃ ∧ x₄ ∧ x₅ ∧ x₆ ∧ ¬ x₁₅) ∨ (x₁₁ ∧ x₁₆ ∧ x₂ ∧ x₈ ∧ ¬ x₁₀ ∧ ¬ x
₇) ∨ (¬ x₁₀ ∧ ¬ x₁₂ ∧ ¬ x₁₃ ∧ ¬ x₁₆ ∧ ¬ x₂ ∧ ¬ x₄) ∨ (x₁ ∧ x₁₀ ∧ x₁₄ ∧ x₃ ∧ x₈ ∧ ¬ x₄
 ∧ ¬ x₉) ∨ (x₁ ∧ x₁₂ ∧ x₁₃ ∧ x₁₅ ∧ x₉ ∧ ¬ x₁₆ ∧ ¬ x₂) ∨ (x₁ ∧ x₁₆ ∧ x₃ ∧ x₇ ∧ x₈ ∧ ¬ 
x₁₁ ∧ ¬ x₆) ∨ (x₁ ∧ x₂ ∧ x₃ ∧ ¬ x₁₅ ∧ ¬ x₅ ∧ ¬ x₆ ∧ ¬ x₉) ∨ (x₁₀ ∧ x₃ ∧ ¬ x₁ ∧ ¬ x₁₆ 
∧ ¬ x₂ ∧ ¬ x₇ ∧ ¬ x₈) ∨ (x₁₁ ∧ x₁₂ ∧ x₃ ∧ x₉ ∧ ¬ x₁ ∧ ¬ x₁₃ ∧ ¬ x₅) ∨ (x₁₁ ∧ x₁₂ ∧ x₅
 ∧ x₆ ∧ ¬ x₁₃ ∧ ¬ x₂ ∧ ¬ x₇) ∨ (x₁₂ ∧ x₁₃ ∧ x₄ ∧ x₉ ∧ ¬ x₁₀ ∧ ¬ x₁₅ ∧ ¬ x₈) ∨ (x₁₃ ∧ 
x₆ ∧ ¬ x₁₂ ∧ ¬ x₃ ∧ ¬ x₇ ∧ ¬ x₈ ∧ ¬ x₉) ∨ (x₁₄ ∧ x₂ ∧ x₉ ∧ ¬ x₁ ∧ ¬ x₁₂ ∧ ¬ x₁₆ ∧ ¬ x
₈) ∨ (x₁₆ ∧ x₂ ∧ x₇ ∧ x₈ ∧ ¬ x₁ ∧ ¬ x₁₄ ∧ ¬ x₉) ∨ (x₁₆ ∧ x₃ ∧ ¬ x₁₂ ∧ ¬ x₁₄ ∧ ¬ x₇ ∧ 
¬ x₈ ∧ ¬ x₉) ∨ (x₂ ∧ x₃ ∧ x₄ ∧ ¬ x₁₂ ∧ ¬ x₁₆ ∧ ¬ x₆ ∧ ¬ x₇) ∨ (x₂ ∧ ¬ x₁₁ ∧ ¬ x₃ ∧ ¬ 
x₄ ∧ ¬ x₆ ∧ ¬ x₈ ∧ ¬ x₉) ∨ (x₃ ∧ x₆ ∧ ¬ x₁ ∧ ¬ x₁₁ ∧ ¬ x₁₃ ∧ ¬ x₁₅ ∧ ¬ x₁₆) ∨ (¬ x₁ ∧
 ¬ x₁₂ ∧ ¬ x₁₅ ∧ ¬ x₂ ∧ ¬ x₆ ∧ ¬ x₇ ∧ ¬ x₈) ∨ (x₁ ∧ x₁₀ ∧ x₁₆ ∧ x₄ ∧ x₉ ∧ ¬ x₁₁ ∧ ¬ x
₁₂ ∧ ¬ x₃) ∨ (x₁ ∧ x₁₆ ∧ x₃ ∧ x₅ ∧ x₈ ∧ ¬ x₁₃ ∧ ¬ x₂ ∧ ¬ x₉) ∨ (x₁ ∧ x₆ ∧ x₇ ∧ x₉ ∧ ¬
 x₁₀ ∧ ¬ x₁₂ ∧ ¬ x₃ ∧ ¬ x₅) ∨ (x₁₀ ∧ x₁₄ ∧ x₁₆ ∧ x₂ ∧ x₄ ∧ x₈ ∧ ¬ x₁₂ ∧ ¬ x₃) ∨ (x₁₀ 
∧ x₁₄ ∧ x₂ ∧ x₃ ∧ x₇ ∧ ¬ x₁₁ ∧ ¬ x₄ ∧ ¬ x₈) ∨ (x₁₀ ∧ x₁₅ ∧ x₇ ∧ x₉ ∧ ¬ x₁₆ ∧ ¬ x₃ ∧ ¬
 x₄ ∧ ¬ x₈) ∨ (x₁₀ ∧ x₃ ∧ x₆ ∧ x₉ ∧ ¬ x₁₄ ∧ ¬ x₁₅ ∧ ¬ x₄ ∧ ¬ x₅) ∨ (x₁₁ ∧ x₁₂ ∧ x₁₅ ∧
 x₁₆ ∧ x₄ ∧ x₈ ∧ ¬ x₁₀ ∧ ¬ x₉) ∨ (x₁₅ ∧ x₃ ∧ x₉ ∧ ¬ x₁ ∧ ¬ x₁₀ ∧ ¬ x₁₃ ∧ ¬ x₄ ∧ ¬ x₅)
 ∨ (x₁₆ ∧ x₃ ∧ x₅ ∧ x₆ ∧ x₉ ∧ ¬ x₁₁ ∧ ¬ x₁₃ ∧ ¬ x₄) ∨ (x₄ ∧ x₉ ∧ ¬ x₁ ∧ ¬ x₁₁ ∧ ¬ x₁₂
 ∧ ¬ x₃ ∧ ¬ x₅ ∧ ¬ x₇) ∨ (x₁ ∧ x₁₀ ∧ x₁₁ ∧ x₆ ∧ x₈ ∧ ¬ x₁₂ ∧ ¬ x₁₅ ∧ ¬ x₂ ∧ ¬ x₃) ∨ (
x₁ ∧ x₁₄ ∧ x₁₅ ∧ x₁₆ ∧ ¬ x₂ ∧ ¬ x₄ ∧ ¬ x₅ ∧ ¬ x₆ ∧ ¬ x₈) ∨ (x₁ ∧ x₆ ∧ ¬ x₁₂ ∧ ¬ x₁₃ ∧
 ¬ x₁₆ ∧ ¬ x₃ ∧ ¬ x₄ ∧ ¬ x₅ ∧ ¬ x₉) ∨ (x₁₀ ∧ x₁₁ ∧ x₁₃ ∧ x₃ ∧ x₅ ∧ x₈ ∧ x₉ ∧ ¬ x₁₂ ∧ 
¬ x₁₆) ∨ (x₁₀ ∧ x₁₄ ∧ x₃ ∧ ¬ x₁ ∧ ¬ x₁₁ ∧ ¬ x₁₂ ∧ ¬ x₁₃ ∧ ¬ x₁₆ ∧ ¬ x₂) ∨ (x₁₀ ∧ x₃ ∧
 x₄ ∧ ¬ x₁ ∧ ¬ x₁₁ ∧ ¬ x₁₂ ∧ ¬ x₁₆ ∧ ¬ x₇ ∧ ¬ x₈) ∨ (x₁₁ ∧ x₁₆ ∧ x₇ ∧ ¬ x₁ ∧ ¬ x₁₀ ∧ 
¬ x₁₃ ∧ ¬ x₁₄ ∧ ¬ x₅ ∧ ¬ x₆) ∨ (x₁₃ ∧ x₁₄ ∧ x₁₅ ∧ x₂ ∧ x₉ ∧ ¬ x₁₀ ∧ ¬ x₁₆ ∧ ¬ x₃ ∧ ¬ 
x₆) ∨ (x₁₃ ∧ x₂ ∧ x₃ ∧ x₅ ∧ x₆ ∧ x₈ ∧ ¬ x₁₀ ∧ ¬ x₄ ∧ ¬ x₇) ∨ (x₁₃ ∧ x₇ ∧ x₉ ∧ ¬ x₁₀ ∧
 ¬ x₁₁ ∧ ¬ x₁₂ ∧ ¬ x₁₄ ∧ ¬ x₂ ∧ ¬ x₆) ∨ (x₁ ∧ x₁₁ ∧ x₃ ∧ x₅ ∧ x₇ ∧ x₈ ∧ ¬ x₁₀ ∧ ¬ x₁₅
 ∧ ¬ x₁₆ ∧ ¬ x₂) ∨ (x₁ ∧ x₁₂ ∧ x₁₃ ∧ x₁₆ ∧ x₆ ∧ x₉ ∧ ¬ x₁₀ ∧ ¬ x₁₁ ∧ ¬ x₁₅ ∧ ¬ x₅) ∨ 
(x₁ ∧ x₁₂ ∧ x₂ ∧ x₄ ∧ ¬ x₁₁ ∧ ¬ x₁₄ ∧ ¬ x₁₆ ∧ ¬ x₅ ∧ ¬ x₆ ∧ ¬ x₉) ∨ (x₁ ∧ x₁₃ ∧ x₃ ∧ 
x₉ ∧ ¬ x₁₁ ∧ ¬ x₁₂ ∧ ¬ x₁₆ ∧ ¬ x₂ ∧ ¬ x₅ ∧ ¬ x₈) ∨ (x₁₀ ∧ x₁₁ ∧ x₁₃ ∧ x₁₄ ∧ x₃ ∧ x₅ ∧
 x₇ ∧ ¬ x₁₂ ∧ ¬ x₂ ∧ ¬ x₆) ∨ (x₁₃ ∧ x₂ ∧ x₃ ∧ ¬ x₁₀ ∧ ¬ x₁₄ ∧ ¬ x₁₆ ∧ ¬ x₄ ∧ ¬ x₆ ∧ ¬
 x₇ ∧ ¬ x₈) ∨ (x₁₄ ∧ x₁₅ ∧ x₄ ∧ x₅ ∧ x₉ ∧ ¬ x₁₁ ∧ ¬ x₁₂ ∧ ¬ x₁₃ ∧ ¬ x₆ ∧ ¬ x₇) ∨ (x₁₅
 ∧ x₇ ∧ x₈ ∧ x₉ ∧ ¬ x₁ ∧ ¬ x₁₀ ∧ ¬ x₁₁ ∧ ¬ x₂ ∧ ¬ x₄ ∧ ¬ x₆) ∨ (x₁ ∧ x₁₁ ∧ x₁₂ ∧ x₁₄ 
∧ x₄ ∧ x₅ ∧ x₆ ∧ x₇ ∧ ¬ x₁₃ ∧ ¬ x₃ ∧ ¬ x₉) ∨ (x₁ ∧ x₁₃ ∧ x₁₄ ∧ x₁₅ ∧ x₉ ∧ ¬ x₁₁ ∧ ¬ x
₃ ∧ ¬ x₄ ∧ ¬ x₆ ∧ ¬ x₇ ∧ ¬ x₈) ∨ (x₁ ∧ x₁₃ ∧ x₉ ∧ ¬ x₁₄ ∧ ¬ x₁₅ ∧ ¬ x₁₆ ∧ ¬ x₂ ∧ ¬ x₅
 ∧ ¬ x₆ ∧ ¬ x₇ ∧ ¬ x₈) ∨ (x₁₀ ∧ x₁₁ ∧ x₁₂ ∧ x₅ ∧ ¬ x₁ ∧ ¬ x₁₅ ∧ ¬ x₂ ∧ ¬ x₃ ∧ ¬ x₇ ∧ 
¬ x₈ ∧ ¬ x₉) ∨ (x₇ ∧ ¬ x₁ ∧ ¬ x₁₀ ∧ ¬ x₁₂ ∧ ¬ x₁₄ ∧ ¬ x₂ ∧ ¬ x₃ ∧ ¬ x₄ ∧ ¬ x₆ ∧ ¬ x₈ 
∧ ¬ x₉) ∨ (x₁₀ ∧ x₁₁ ∧ x₁₂ ∧ x₁₄ ∧ ¬ x₁₃ ∧ ¬ x₁₅ ∧ ¬ x₁₆ ∧ ¬ x₂ ∧ ¬ x₃ ∧ ¬ x₄ ∧ ¬ x₅ 
∧ ¬ x₇ ∧ ¬ x₈) ∨ (x₁₄ ∧ x₃ ∧ ¬ x₁ ∧ ¬ x₁₁ ∧ ¬ x₁₂ ∧ ¬ x₁₃ ∧ ¬ x₁₅ ∧ ¬ x₁₆ ∧ ¬ x₂ ∧ ¬ 
x₄ ∧ ¬ x₅ ∧ ¬ x₇ ∧ ¬ x₈)
[2013-06-10 18:14:38] PyMTL           DEBUG  :    - Group 1: (x₁ ∧ ¬ x₁₆ ∧ ¬ x₂) ∨ (x₁ ∧ x₇ ∧ ¬ x₁₅ ∧ ¬ x₅) ∨ (x₁₀ ∧ x₁₄ ∧ x₁₅ ∧ ¬ x₄) ∨ (x₁₁ ∧ x₁
₆ ∧ x₅ ∧ ¬ x₉) ∨ (x₂ ∧ x₃ ∧ x₅ ∧ ¬ x₈) ∨ (x₁₁ ∧ x₁₃ ∧ x₁₆ ∧ x₃ ∧ ¬ x₁₄) ∨ (x₁₄ ∧ x₄ ∧
 ¬ x₁₅ ∧ ¬ x₆ ∧ ¬ x₇) ∨ (x₁ ∧ x₁₁ ∧ x₁₃ ∧ x₁₅ ∧ ¬ x₁₄ ∧ ¬ x₁₆) ∨ (x₁ ∧ x₁₁ ∧ x₁₃ ∧ x₁
₅ ∧ ¬ x₃ ∧ ¬ x₆) ∨ (x₁ ∧ x₁₂ ∧ x₁₃ ∧ x₁₆ ∧ x₃ ∧ x₈) ∨ (x₁ ∧ x₁₂ ∧ x₂ ∧ x₇ ∧ ¬ x₁₃ ∧ ¬
 x₉) ∨ (x₁ ∧ x₁₆ ∧ x₅ ∧ ¬ x₁₀ ∧ ¬ x₁₃ ∧ ¬ x₃) ∨ (x₁₀ ∧ x₁₃ ∧ x₇ ∧ x₉ ∧ ¬ x₁₄ ∧ ¬ x₆) 
∨ (x₁₀ ∧ x₁₄ ∧ x₂ ∧ x₄ ∧ x₆ ∧ x₈) ∨ (x₁₀ ∧ ¬ x₁₄ ∧ ¬ x₂ ∧ ¬ x₃ ∧ ¬ x₄ ∧ ¬ x₅) ∨ (x₁₂ 
∧ x₁₄ ∧ x₁₅ ∧ x₁₆ ∧ x₆ ∧ ¬ x₁₃) ∨ (x₁ ∧ x₁₂ ∧ x₇ ∧ ¬ x₁₁ ∧ ¬ x₁₅ ∧ ¬ x₄ ∧ ¬ x₅) ∨ (x₁
 ∧ x₁₃ ∧ x₁₄ ∧ x₅ ∧ ¬ x₃ ∧ ¬ x₇ ∧ ¬ x₈) ∨ (x₁₀ ∧ x₁₃ ∧ x₃ ∧ ¬ x₁₅ ∧ ¬ x₂ ∧ ¬ x₅ ∧ ¬ x
₉) ∨ (x₁₁ ∧ x₁₃ ∧ x₁₅ ∧ x₃ ∧ x₈ ∧ ¬ x₁₂ ∧ ¬ x₂) ∨ (x₁₁ ∧ x₁₃ ∧ x₁₅ ∧ x₅ ∧ ¬ x₁₂ ∧ ¬ x
₁₄ ∧ ¬ x₁₆) ∨ (x₁₁ ∧ x₄ ∧ x₅ ∧ ¬ x₁ ∧ ¬ x₁₂ ∧ ¬ x₁₃ ∧ ¬ x₇) ∨ (x₁₂ ∧ x₁₄ ∧ x₆ ∧ x₈ ∧ 
¬ x₁ ∧ ¬ x₁₁ ∧ ¬ x₁₃) ∨ (x₁₂ ∧ x₁₆ ∧ x₂ ∧ x₆ ∧ x₈ ∧ ¬ x₁₁ ∧ ¬ x₁₅) ∨ (x₁₂ ∧ x₁₆ ∧ x₅ 
∧ x₇ ∧ x₈ ∧ ¬ x₁₀ ∧ ¬ x₆) ∨ (x₁₃ ∧ x₁₅ ∧ ¬ x₁₁ ∧ ¬ x₁₄ ∧ ¬ x₁₆ ∧ ¬ x₃ ∧ ¬ x₅) ∨ (x₁₃ 
∧ x₁₆ ∧ x₄ ∧ x₇ ∧ x₈ ∧ ¬ x₅ ∧ ¬ x₉) ∨ (x₁₃ ∧ x₂ ∧ x₆ ∧ x₇ ∧ ¬ x₁₄ ∧ ¬ x₁₆ ∧ ¬ x₅) ∨ (
x₁₅ ∧ x₁₆ ∧ x₄ ∧ x₈ ∧ ¬ x₁₁ ∧ ¬ x₂ ∧ ¬ x₉) ∨ (x₁₅ ∧ x₅ ∧ ¬ x₁₂ ∧ ¬ x₃ ∧ ¬ x₆ ∧ ¬ x₇ ∧
 ¬ x₉) ∨ (x₃ ∧ ¬ x₁₂ ∧ ¬ x₁₆ ∧ ¬ x₄ ∧ ¬ x₅ ∧ ¬ x₆ ∧ ¬ x₉) ∨ (x₁ ∧ x₁₁ ∧ x₁₂ ∧ x₁₆ ∧ x
₃ ∧ x₄ ∧ x₇ ∧ ¬ x₁₅) ∨ (x₁ ∧ x₁₁ ∧ x₁₅ ∧ x₆ ∧ x₇ ∧ x₈ ∧ ¬ x₁₂ ∧ ¬ x₄) ∨ (x₁₀ ∧ x₁₄ ∧ 
x₇ ∧ ¬ x₁₂ ∧ ¬ x₁₃ ∧ ¬ x₁₅ ∧ ¬ x₃ ∧ ¬ x₅) ∨ (x₁₁ ∧ x₁₄ ∧ x₁₅ ∧ x₁₆ ∧ x₃ ∧ x₆ ∧ ¬ x₂ ∧
 ¬ x₄) ∨ (x₁₂ ∧ x₁₄ ∧ x₄ ∧ x₇ ∧ x₈ ∧ ¬ x₁ ∧ ¬ x₃ ∧ ¬ x₆) ∨ (x₁₂ ∧ x₁₅ ∧ x₁₆ ∧ x₅ ∧ x₉
 ∧ ¬ x₁₁ ∧ ¬ x₁₄ ∧ ¬ x₄) ∨ (x₁₅ ∧ x₂ ∧ x₇ ∧ ¬ x₁ ∧ ¬ x₁₀ ∧ ¬ x₁₁ ∧ ¬ x₁₂ ∧ ¬ x₆) ∨ (x
₄ ∧ x₅ ∧ x₈ ∧ x₉ ∧ ¬ x₁ ∧ ¬ x₁₂ ∧ ¬ x₁₃ ∧ ¬ x₂) ∨ (x₁ ∧ x₁₀ ∧ x₁₂ ∧ x₄ ∧ x₆ ∧ x₇ ∧ ¬ 
x₁₃ ∧ ¬ x₁₄ ∧ ¬ x₂) ∨ (x₁ ∧ x₁₅ ∧ x₁₆ ∧ x₃ ∧ x₄ ∧ x₆ ∧ x₇ ∧ x₉ ∧ ¬ x₈) ∨ (x₁₀ ∧ x₃ ∧ 
x₉ ∧ ¬ x₁ ∧ ¬ x₁₁ ∧ ¬ x₁₅ ∧ ¬ x₁₆ ∧ ¬ x₂ ∧ ¬ x₇) ∨ (x₁₁ ∧ x₁₂ ∧ x₁₅ ∧ x₁₆ ∧ ¬ x₁ ∧ ¬ 
x₁₃ ∧ ¬ x₇ ∧ ¬ x₈ ∧ ¬ x₉) ∨ (x₁₁ ∧ x₁₄ ∧ x₁₆ ∧ x₂ ∧ x₆ ∧ ¬ x₁ ∧ ¬ x₁₃ ∧ ¬ x₃ ∧ ¬ x₄) 
∨ (x₁₁ ∧ x₃ ∧ x₉ ∧ ¬ x₁ ∧ ¬ x₁₀ ∧ ¬ x₁₃ ∧ ¬ x₁₆ ∧ ¬ x₂ ∧ ¬ x₈) ∨ (x₁₂ ∧ x₁₃ ∧ x₄ ∧ x₅
 ∧ ¬ x₁₅ ∧ ¬ x₂ ∧ ¬ x₃ ∧ ¬ x₆ ∧ ¬ x₈) ∨ (x₁₂ ∧ x₂ ∧ x₃ ∧ x₄ ∧ ¬ x₁ ∧ ¬ x₁₃ ∧ ¬ x₁₆ ∧ 
¬ x₈ ∧ ¬ x₉) ∨ (x₁₃ ∧ x₁₄ ∧ x₁₅ ∧ ¬ x₁ ∧ ¬ x₁₀ ∧ ¬ x₁₂ ∧ ¬ x₂ ∧ ¬ x₆ ∧ ¬ x₇) ∨ (x₁₄ ∧
 x₃ ∧ x₇ ∧ ¬ x₁₀ ∧ ¬ x₁₃ ∧ ¬ x₁₆ ∧ ¬ x₂ ∧ ¬ x₅ ∧ ¬ x₆) ∨ (x₁₄ ∧ x₃ ∧ x₈ ∧ x₉ ∧ ¬ x₁₁ 
∧ ¬ x₁₂ ∧ ¬ x₁₃ ∧ ¬ x₁₅ ∧ ¬ x₁₆) ∨ (x₁₅ ∧ x₃ ∧ ¬ x₁ ∧ ¬ x₁₁ ∧ ¬ x₁₃ ∧ ¬ x₁₄ ∧ ¬ x₁₆ ∧
 ¬ x₇ ∧ ¬ x₉) ∨ (x₁₅ ∧ x₆ ∧ x₇ ∧ x₈ ∧ ¬ x₁₀ ∧ ¬ x₁₂ ∧ ¬ x₁₃ ∧ ¬ x₂ ∧ ¬ x₅) ∨ (x₇ ∧ ¬ 
x₁₀ ∧ ¬ x₁₂ ∧ ¬ x₁₃ ∧ ¬ x₁₅ ∧ ¬ x₁₆ ∧ ¬ x₄ ∧ ¬ x₅ ∧ ¬ x₈) ∨ (x₁ ∧ x₁₀ ∧ x₁₂ ∧ x₁₃ ∧ x
₂ ∧ x₇ ∧ x₈ ∧ ¬ x₁₄ ∧ ¬ x₁₆ ∧ ¬ x₅) ∨ (x₁ ∧ x₁₄ ∧ x₈ ∧ x₉ ∧ ¬ x₁₀ ∧ ¬ x₁₂ ∧ ¬ x₁₃ ∧ ¬
 x₁₅ ∧ ¬ x₁₆ ∧ ¬ x₇) ∨ (x₁ ∧ x₁₅ ∧ x₃ ∧ x₄ ∧ x₅ ∧ x₇ ∧ x₈ ∧ ¬ x₁₀ ∧ ¬ x₁₁ ∧ ¬ x₉) ∨ (
x₁₀ ∧ x₁₁ ∧ x₁₂ ∧ x₁₆ ∧ x₂ ∧ x₇ ∧ ¬ x₁ ∧ ¬ x₁₄ ∧ ¬ x₄ ∧ ¬ x₆) ∨ (x₁₀ ∧ x₁₆ ∧ x₄ ∧ x₇ 
∧ x₈ ∧ ¬ x₁₁ ∧ ¬ x₁₃ ∧ ¬ x₁₅ ∧ ¬ x₂ ∧ ¬ x₅) ∨ (x₁ ∧ x₁₀ ∧ x₁₁ ∧ x₁₂ ∧ x₁₃ ∧ x₇ ∧ x₈ ∧
 ¬ x₁₄ ∧ ¬ x₁₅ ∧ ¬ x₂ ∧ ¬ x₉) ∨ (x₁ ∧ x₁₀ ∧ x₁₁ ∧ x₃ ∧ x₄ ∧ x₅ ∧ x₉ ∧ ¬ x₁₂ ∧ ¬ x₁₄ ∧
 ¬ x₁₅ ∧ ¬ x₈) ∨ (x₁ ∧ x₁₁ ∧ x₁₃ ∧ x₃ ∧ x₄ ∧ x₇ ∧ x₈ ∧ x₉ ∧ ¬ x₁₅ ∧ ¬ x₂ ∧ ¬ x₅) ∨ (x
₁₁ ∧ x₁₅ ∧ x₁₆ ∧ x₃ ∧ x₄ ∧ x₅ ∧ x₉ ∧ ¬ x₁₄ ∧ ¬ x₂ ∧ ¬ x₆ ∧ ¬ x₇) ∨ (x₁₁ ∧ x₄ ∧ ¬ x₁ ∧
 ¬ x₁₀ ∧ ¬ x₁₂ ∧ ¬ x₁₃ ∧ ¬ x₁₅ ∧ ¬ x₂ ∧ ¬ x₆ ∧ ¬ x₇ ∧ ¬ x₉) ∨ (x₁ ∧ x₁₀ ∧ x₁₁ ∧ x₁₄ ∧
 x₁₅ ∧ x₈ ∧ ¬ x₁₂ ∧ ¬ x₁₃ ∧ ¬ x₂ ∧ ¬ x₃ ∧ ¬ x₄ ∧ ¬ x₅ ∧ ¬ x₆)
[2013-06-10 18:14:38] PyMTL           DEBUG  :    - Group 2: (x₂ ∧ ¬ x₁₀) ∨ (x₁ ∧ x₅ ∧ ¬ x₁₅ ∧ ¬ x₉) ∨ (x₁₂ ∧ x₂ ∧ ¬ x₁₆ ∧ ¬ x₃) ∨ (x₁₁ ∧ x₁₄ ∧ x₈
 ∧ ¬ x₁₂ ∧ ¬ x₃) ∨ (x₁₁ ∧ x₂ ∧ x₄ ∧ ¬ x₁₃ ∧ ¬ x₁₄) ∨ (x₁₁ ∧ x₄ ∧ ¬ x₁₀ ∧ ¬ x₁₄ ∧ ¬ x₁
₆) ∨ (x₁₂ ∧ x₁₅ ∧ x₈ ∧ ¬ x₇ ∧ ¬ x₉) ∨ (x₁₃ ∧ x₁₆ ∧ x₃ ∧ ¬ x₁ ∧ ¬ x₉) ∨ (x₁₄ ∧ x₈ ∧ ¬ 
x₁₆ ∧ ¬ x₃ ∧ ¬ x₇) ∨ (x₇ ∧ ¬ x₁₀ ∧ ¬ x₁₂ ∧ ¬ x₂ ∧ ¬ x₈) ∨ (¬ x₁₃ ∧ ¬ x₁₆ ∧ ¬ x₄ ∧ ¬ x
₈ ∧ ¬ x₉) ∨ (x₁ ∧ x₇ ∧ x₈ ∧ ¬ x₁₃ ∧ ¬ x₅ ∧ ¬ x₆) ∨ (x₁₄ ∧ x₇ ∧ ¬ x₁ ∧ ¬ x₁₆ ∧ ¬ x₂ ∧ 
¬ x₄) ∨ (x₁₆ ∧ x₃ ∧ x₈ ∧ ¬ x₁₂ ∧ ¬ x₁₃ ∧ ¬ x₂) ∨ (x₂ ∧ x₃ ∧ ¬ x₁₃ ∧ ¬ x₁₅ ∧ ¬ x₁₆ ∧ ¬
 x₉) ∨ (x₄ ∧ x₅ ∧ ¬ x₁₂ ∧ ¬ x₁₃ ∧ ¬ x₂ ∧ ¬ x₇) ∨ (x₁ ∧ x₁₀ ∧ x₁₄ ∧ x₁₆ ∧ x₅ ∧ ¬ x₂ ∧ 
¬ x₉) ∨ (x₁ ∧ x₁₆ ∧ x₃ ∧ x₈ ∧ ¬ x₁₂ ∧ ¬ x₆ ∧ ¬ x₇) ∨ (x₁₁ ∧ x₁₂ ∧ x₁₄ ∧ x₃ ∧ x₅ ∧ ¬ x
₄ ∧ ¬ x₈) ∨ (x₁₁ ∧ x₁₂ ∧ ¬ x₁₀ ∧ ¬ x₁₄ ∧ ¬ x₅ ∧ ¬ x₆ ∧ ¬ x₉) ∨ (x₁₁ ∧ x₁₃ ∧ x₁₅ ∧ ¬ x
₁₂ ∧ ¬ x₁₄ ∧ ¬ x₄ ∧ ¬ x₅) ∨ (x₁₁ ∧ x₁₃ ∧ x₄ ∧ x₆ ∧ x₈ ∧ ¬ x₁₂ ∧ ¬ x₁₄) ∨ (x₁₁ ∧ x₂ ∧ 
x₈ ∧ x₉ ∧ ¬ x₁₀ ∧ ¬ x₃ ∧ ¬ x₇) ∨ (x₁₂ ∧ x₁₃ ∧ x₂ ∧ x₆ ∧ ¬ x₁₅ ∧ ¬ x₅ ∧ ¬ x₉) ∨ (x₁₃ ∧
 x₁₆ ∧ x₇ ∧ x₉ ∧ ¬ x₁₁ ∧ ¬ x₂ ∧ ¬ x₆) ∨ (x₁₅ ∧ x₁₆ ∧ x₂ ∧ ¬ x₁₀ ∧ ¬ x₁₁ ∧ ¬ x₅ ∧ ¬ x₉
) ∨ (x₁₆ ∧ x₂ ∧ x₃ ∧ ¬ x₁ ∧ ¬ x₁₀ ∧ ¬ x₁₃ ∧ ¬ x₈) ∨ (x₁₆ ∧ x₈ ∧ ¬ x₁₁ ∧ ¬ x₁₄ ∧ ¬ x₂ 
∧ ¬ x₃ ∧ ¬ x₆) ∨ (x₂ ∧ x₄ ∧ x₇ ∧ ¬ x₁₁ ∧ ¬ x₁₂ ∧ ¬ x₁₅ ∧ ¬ x₈) ∨ (x₅ ∧ x₇ ∧ ¬ x₁₁ ∧ ¬
 x₁₆ ∧ ¬ x₂ ∧ ¬ x₆ ∧ ¬ x₉) ∨ (x₆ ∧ x₇ ∧ x₈ ∧ ¬ x₁ ∧ ¬ x₃ ∧ ¬ x₄ ∧ ¬ x₉) ∨ (x₁₀ ∧ x₁₆ 
∧ x₈ ∧ ¬ x₁₁ ∧ ¬ x₁₄ ∧ ¬ x₂ ∧ ¬ x₃ ∧ ¬ x₄) ∨ (x₁₁ ∧ x₁₃ ∧ x₂ ∧ x₈ ∧ x₉ ∧ ¬ x₁ ∧ ¬ x₅ 
∧ ¬ x₆) ∨ (x₁₁ ∧ x₃ ∧ x₈ ∧ ¬ x₁₃ ∧ ¬ x₂ ∧ ¬ x₆ ∧ ¬ x₇ ∧ ¬ x₉) ∨ (x₁₂ ∧ x₁₃ ∧ x₂ ∧ x₃ 
∧ x₅ ∧ ¬ x₁₅ ∧ ¬ x₆ ∧ ¬ x₇) ∨ (x₇ ∧ ¬ x₁ ∧ ¬ x₁₃ ∧ ¬ x₁₅ ∧ ¬ x₁₆ ∧ ¬ x₂ ∧ ¬ x₃ ∧ ¬ x₅
) ∨ (x₁ ∧ x₁₁ ∧ x₁₄ ∧ x₅ ∧ x₆ ∧ ¬ x₁₀ ∧ ¬ x₁₂ ∧ ¬ x₄ ∧ ¬ x₈) ∨ (x₁ ∧ x₁₃ ∧ x₁₅ ∧ x₁₆ 
∧ x₉ ∧ ¬ x₁₀ ∧ ¬ x₃ ∧ ¬ x₆ ∧ ¬ x₈) ∨ (x₁₀ ∧ x₁₁ ∧ x₁₂ ∧ x₁₃ ∧ x₉ ∧ ¬ x₁ ∧ ¬ x₂ ∧ ¬ x₃
 ∧ ¬ x₇) ∨ (x₁₀ ∧ x₁₂ ∧ x₁₄ ∧ x₁₅ ∧ x₄ ∧ ¬ x₁ ∧ ¬ x₁₁ ∧ ¬ x₁₃ ∧ ¬ x₆) ∨ (x₁₀ ∧ x₁₄ ∧ 
x₁₆ ∧ x₈ ∧ ¬ x₁₁ ∧ ¬ x₁₂ ∧ ¬ x₁₅ ∧ ¬ x₂ ∧ ¬ x₃) ∨ (x₁₀ ∧ x₁₆ ∧ x₄ ∧ x₉ ∧ ¬ x₁₂ ∧ ¬ x₁
₃ ∧ ¬ x₁₅ ∧ ¬ x₃ ∧ ¬ x₆) ∨ (x₁₀ ∧ x₃ ∧ x₈ ∧ x₉ ∧ ¬ x₁₃ ∧ ¬ x₂ ∧ ¬ x₄ ∧ ¬ x₅ ∧ ¬ x₆) ∨
 (x₁₁ ∧ x₁₂ ∧ x₂ ∧ x₆ ∧ x₇ ∧ ¬ x₁₄ ∧ ¬ x₁₆ ∧ ¬ x₅ ∧ ¬ x₉) ∨ (x₁₁ ∧ x₁₄ ∧ x₁₅ ∧ x₃ ∧ ¬
 x₁ ∧ ¬ x₂ ∧ ¬ x₅ ∧ ¬ x₇ ∧ ¬ x₉) ∨ (x₁₁ ∧ x₁₅ ∧ x₂ ∧ x₆ ∧ ¬ x₁₃ ∧ ¬ x₃ ∧ ¬ x₄ ∧ ¬ x₈ 
∧ ¬ x₉) ∨ (x₁₁ ∧ x₁₆ ∧ x₂ ∧ x₄ ∧ x₈ ∧ ¬ x₁₅ ∧ ¬ x₆ ∧ ¬ x₇ ∧ ¬ x₉) ∨ (x₁₁ ∧ x₇ ∧ x₈ ∧ 
x₉ ∧ ¬ x₁₀ ∧ ¬ x₁₂ ∧ ¬ x₁₄ ∧ ¬ x₃ ∧ ¬ x₅) ∨ (x₆ ∧ ¬ x₁ ∧ ¬ x₁₀ ∧ ¬ x₁₁ ∧ ¬ x₁₂ ∧ ¬ x₃
 ∧ ¬ x₅ ∧ ¬ x₇ ∧ ¬ x₉) ∨ (x₁ ∧ x₁₀ ∧ x₁₄ ∧ x₄ ∧ x₅ ∧ x₇ ∧ ¬ x₁₃ ∧ ¬ x₁₆ ∧ ¬ x₂ ∧ ¬ x₉
) ∨ (x₁ ∧ x₁₁ ∧ x₁₂ ∧ x₃ ∧ x₄ ∧ x₅ ∧ x₈ ∧ ¬ x₁₄ ∧ ¬ x₁₆ ∧ ¬ x₂) ∨ (x₁ ∧ x₁₁ ∧ x₁₃ ∧ x
₁₄ ∧ x₂ ∧ x₇ ∧ ¬ x₁₀ ∧ ¬ x₁₂ ∧ ¬ x₃ ∧ ¬ x₅) ∨ (x₁ ∧ x₁₂ ∧ x₁₅ ∧ x₁₆ ∧ x₂ ∧ x₃ ∧ x₇ ∧ 
x₈ ∧ ¬ x₁₁ ∧ ¬ x₄) ∨ (x₁ ∧ x₁₃ ∧ x₁₅ ∧ x₇ ∧ ¬ x₁₀ ∧ ¬ x₁₁ ∧ ¬ x₁₆ ∧ ¬ x₄ ∧ ¬ x₅ ∧ ¬ x
₈) ∨ (x₁₀ ∧ x₁₅ ∧ x₈ ∧ x₉ ∧ ¬ x₁ ∧ ¬ x₁₄ ∧ ¬ x₂ ∧ ¬ x₃ ∧ ¬ x₆ ∧ ¬ x₇) ∨ (x₁₁ ∧ x₁₂ ∧ 
x₁₆ ∧ x₅ ∧ x₈ ∧ ¬ x₃ ∧ ¬ x₄ ∧ ¬ x₆ ∧ ¬ x₇ ∧ ¬ x₉) ∨ (x₂ ∧ x₇ ∧ x₈ ∧ ¬ x₁₀ ∧ ¬ x₁₂ ∧ ¬
 x₁₃ ∧ ¬ x₁₅ ∧ ¬ x₁₆ ∧ ¬ x₄ ∧ ¬ x₆) ∨ (x₁ ∧ x₁₁ ∧ x₁₃ ∧ x₁₄ ∧ x₂ ∧ x₈ ∧ x₉ ∧ ¬ x₁₀ ∧ 
¬ x₁₅ ∧ ¬ x₁₆ ∧ ¬ x₆) ∨ (x₁₀ ∧ x₁₅ ∧ x₃ ∧ x₄ ∧ x₆ ∧ ¬ x₁₆ ∧ ¬ x₂ ∧ ¬ x₅ ∧ ¬ x₇ ∧ ¬ x₈
 ∧ ¬ x₉) ∨ (x₁₁ ∧ x₁₅ ∧ x₁₆ ∧ x₂ ∧ x₅ ∧ ¬ x₁ ∧ ¬ x₁₀ ∧ ¬ x₁₄ ∧ ¬ x₃ ∧ ¬ x₆ ∧ ¬ x₈) ∨ 
(x₁₀ ∧ x₁₄ ∧ x₁₅ ∧ x₃ ∧ x₄ ∧ x₆ ∧ x₇ ∧ ¬ x₁₁ ∧ ¬ x₂ ∧ ¬ x₅ ∧ ¬ x₈ ∧ ¬ x₉) ∨ (x₁₂ ∧ x₁
₄ ∧ x₁₆ ∧ x₅ ∧ x₆ ∧ x₇ ∧ x₈ ∧ ¬ x₁ ∧ ¬ x₁₅ ∧ ¬ x₂ ∧ ¬ x₃ ∧ ¬ x₄) ∨ (x₁₀ ∧ x₁₂ ∧ x₁₅ ∧
 x₁₆ ∧ x₂ ∧ x₉ ∧ ¬ x₁ ∧ ¬ x₁₃ ∧ ¬ x₁₄ ∧ ¬ x₃ ∧ ¬ x₄ ∧ ¬ x₆ ∧ ¬ x₇) ∨ (x₁ ∧ x₁₀ ∧ x₁₁ 
∧ x₁₂ ∧ x₁₃ ∧ x₁₄ ∧ x₁₅ ∧ x₁₆ ∧ x₂ ∧ x₃ ∧ x₆ ∧ x₉ ∧ ¬ x₄ ∧ ¬ x₈)
[2013-06-10 18:14:38] PyMTL           DEBUG  :    - Group 3: (x₇ ∧ x₉ ∧ ¬ x₈) ∨ (x₈ ∧ ¬ x₁₁ ∧ ¬ x₃) ∨ (x₁ ∧ x₆ ∧ ¬ x₄ ∧ ¬ x₅) ∨ (x₁₀ ∧ x₁₁ ∧ x₃ ∧ 
x₉ ∧ ¬ x₈) ∨ (x₁₁ ∧ x₁₆ ∧ x₈ ∧ ¬ x₁₂ ∧ ¬ x₁₄) ∨ (x₁₁ ∧ x₆ ∧ ¬ x₁ ∧ ¬ x₁₄ ∧ ¬ x₇) ∨ (x
₁₂ ∧ x₈ ∧ ¬ x₁₁ ∧ ¬ x₁₄ ∧ ¬ x₂) ∨ (x₁₅ ∧ x₈ ∧ ¬ x₁ ∧ ¬ x₁₂ ∧ ¬ x₆) ∨ (x₁ ∧ x₁₀ ∧ x₁₂ 
∧ x₂ ∧ x₇ ∧ ¬ x₁₁) ∨ (x₁ ∧ x₁₂ ∧ x₁₃ ∧ ¬ x₁₅ ∧ ¬ x₆ ∧ ¬ x₈) ∨ (x₁ ∧ x₁₄ ∧ x₁₆ ∧ x₃ ∧ 
¬ x₁₃ ∧ ¬ x₁₅) ∨ (x₁₀ ∧ x₁₃ ∧ x₁₆ ∧ x₇ ∧ ¬ x₂ ∧ ¬ x₉) ∨ (x₁₀ ∧ x₂ ∧ x₈ ∧ ¬ x₃ ∧ ¬ x₇ 
∧ ¬ x₉) ∨ (x₁₁ ∧ x₄ ∧ x₆ ∧ ¬ x₁ ∧ ¬ x₁₃ ∧ ¬ x₁₄) ∨ (x₁₂ ∧ x₁₄ ∧ ¬ x₁₆ ∧ ¬ x₂ ∧ ¬ x₅ ∧
 ¬ x₈) ∨ (x₁₂ ∧ x₃ ∧ ¬ x₁₀ ∧ ¬ x₁₅ ∧ ¬ x₇ ∧ ¬ x₉) ∨ (x₁₂ ∧ x₃ ∧ ¬ x₁₆ ∧ ¬ x₂ ∧ ¬ x₄ ∧
 ¬ x₆) ∨ (x₁₃ ∧ x₁₆ ∧ x₂ ∧ x₅ ∧ ¬ x₁ ∧ ¬ x₁₄) ∨ (x₂ ∧ x₇ ∧ ¬ x₁₀ ∧ ¬ x₁₁ ∧ ¬ x₁₄ ∧ ¬ 
x₆) ∨ (x₁ ∧ x₁₁ ∧ x₁₃ ∧ x₁₄ ∧ x₈ ∧ ¬ x₁₂ ∧ ¬ x₆) ∨ (x₁₅ ∧ x₂ ∧ x₆ ∧ ¬ x₁₃ ∧ ¬ x₁₄ ∧ ¬
 x₄ ∧ ¬ x₉) ∨ (x₁₆ ∧ x₂ ∧ ¬ x₁₂ ∧ ¬ x₁₃ ∧ ¬ x₃ ∧ ¬ x₅ ∧ ¬ x₈) ∨ (x₂ ∧ x₄ ∧ x₈ ∧ ¬ x₁₂
 ∧ ¬ x₁₅ ∧ ¬ x₃ ∧ ¬ x₇) ∨ (x₆ ∧ x₇ ∧ x₈ ∧ ¬ x₁₂ ∧ ¬ x₁₃ ∧ ¬ x₁₅ ∧ ¬ x₅) ∨ (x₆ ∧ x₈ ∧ 
¬ x₁₀ ∧ ¬ x₁₂ ∧ ¬ x₁₄ ∧ ¬ x₂ ∧ ¬ x₇) ∨ (x₁ ∧ x₁₀ ∧ x₃ ∧ x₆ ∧ x₇ ∧ x₈ ∧ ¬ x₁₂ ∧ ¬ x₂) 
∨ (x₁ ∧ x₁₀ ∧ x₇ ∧ ¬ x₁₅ ∧ ¬ x₃ ∧ ¬ x₄ ∧ ¬ x₆ ∧ ¬ x₉) ∨ (x₁ ∧ x₁₂ ∧ x₆ ∧ x₇ ∧ ¬ x₁₁ ∧
 ¬ x₁₄ ∧ ¬ x₁₅ ∧ ¬ x₉) ∨ (x₁ ∧ x₁₄ ∧ x₂ ∧ x₄ ∧ x₅ ∧ ¬ x₁₁ ∧ ¬ x₁₂ ∧ ¬ x₁₅) ∨ (x₁₀ ∧ x
₁₁ ∧ x₁₄ ∧ x₃ ∧ x₉ ∧ ¬ x₁₂ ∧ ¬ x₁₅ ∧ ¬ x₆) ∨ (x₁₀ ∧ x₁₅ ∧ x₃ ∧ x₄ ∧ x₅ ∧ x₉ ∧ ¬ x₁ ∧ 
¬ x₆) ∨ (x₁₁ ∧ x₁₂ ∧ x₁₃ ∧ x₆ ∧ ¬ x₁ ∧ ¬ x₁₅ ∧ ¬ x₁₆ ∧ ¬ x₂) ∨ (x₁₁ ∧ x₁₃ ∧ x₈ ∧ x₉ ∧
 ¬ x₁ ∧ ¬ x₁₄ ∧ ¬ x₂ ∧ ¬ x₆) ∨ (x₁₁ ∧ x₁₄ ∧ x₂ ∧ x₃ ∧ x₆ ∧ x₇ ∧ ¬ x₁₆ ∧ ¬ x₈) ∨ (x₁₁ 
∧ x₂ ∧ x₃ ∧ x₆ ∧ ¬ x₁₄ ∧ ¬ x₁₅ ∧ ¬ x₇ ∧ ¬ x₉) ∨ (x₁₂ ∧ x₁₅ ∧ x₂ ∧ ¬ x₁ ∧ ¬ x₁₀ ∧ ¬ x₁
₁ ∧ ¬ x₁₃ ∧ ¬ x₃) ∨ (x₁₂ ∧ x₃ ∧ x₅ ∧ x₇ ∧ x₉ ∧ ¬ x₁₄ ∧ ¬ x₄ ∧ ¬ x₈) ∨ (x₁₂ ∧ x₃ ∧ ¬ x
₁₃ ∧ ¬ x₁₄ ∧ ¬ x₄ ∧ ¬ x₅ ∧ ¬ x₈ ∧ ¬ x₉) ∨ (x₁₄ ∧ x₁₅ ∧ x₂ ∧ ¬ x₁₂ ∧ ¬ x₁₃ ∧ ¬ x₁₆ ∧ ¬
 x₇ ∧ ¬ x₈) ∨ (x₁₄ ∧ x₄ ∧ x₇ ∧ x₈ ∧ ¬ x₁₃ ∧ ¬ x₁₅ ∧ ¬ x₃ ∧ ¬ x₉) ∨ (x₁ ∧ x₇ ∧ x₉ ∧ ¬ 
x₁₅ ∧ ¬ x₁₆ ∧ ¬ x₃ ∧ ¬ x₅ ∧ ¬ x₆ ∧ ¬ x₈) ∨ (x₁₀ ∧ x₁₂ ∧ x₁₄ ∧ x₁₅ ∧ x₂ ∧ x₆ ∧ x₉ ∧ ¬ 
x₁₆ ∧ ¬ x₄) ∨ (x₁₀ ∧ x₁₂ ∧ x₁₅ ∧ x₃ ∧ x₆ ∧ x₇ ∧ x₈ ∧ ¬ x₄ ∧ ¬ x₅) ∨ (x₁₀ ∧ x₁₂ ∧ ¬ x₁
 ∧ ¬ x₁₁ ∧ ¬ x₁₃ ∧ ¬ x₁₅ ∧ ¬ x₂ ∧ ¬ x₈ ∧ ¬ x₉) ∨ (x₁₀ ∧ x₁₅ ∧ x₂ ∧ x₈ ∧ x₉ ∧ ¬ x₁₁ ∧ 
¬ x₅ ∧ ¬ x₆ ∧ ¬ x₇) ∨ (x₁₁ ∧ x₁₂ ∧ x₁₃ ∧ x₄ ∧ x₉ ∧ ¬ x₁₀ ∧ ¬ x₁₄ ∧ ¬ x₁₅ ∧ ¬ x₈) ∨ (x
₁₁ ∧ x₁₂ ∧ x₁₄ ∧ x₁₅ ∧ x₇ ∧ x₈ ∧ ¬ x₁₀ ∧ ¬ x₁₃ ∧ ¬ x₃) ∨ (x₁₁ ∧ x₁₂ ∧ x₈ ∧ ¬ x₁ ∧ ¬ x
₁₆ ∧ ¬ x₂ ∧ ¬ x₅ ∧ ¬ x₇ ∧ ¬ x₉) ∨ (x₁₁ ∧ x₁₃ ∧ x₁₄ ∧ x₁₆ ∧ ¬ x₁₀ ∧ ¬ x₃ ∧ ¬ x₄ ∧ ¬ x₅
 ∧ ¬ x₆) ∨ (x₁₁ ∧ x₆ ∧ x₇ ∧ x₈ ∧ ¬ x₁₀ ∧ ¬ x₁₃ ∧ ¬ x₁₄ ∧ ¬ x₃ ∧ ¬ x₄) ∨ (x₁₂ ∧ x₁₃ ∧ 
x₅ ∧ ¬ x₁₁ ∧ ¬ x₁₆ ∧ ¬ x₃ ∧ ¬ x₆ ∧ ¬ x₇ ∧ ¬ x₉) ∨ (x₁₀ ∧ x₁₁ ∧ x₁₃ ∧ x₂ ∧ x₅ ∧ x₇ ∧ x
₈ ∧ x₉ ∧ ¬ x₁ ∧ ¬ x₄) ∨ (x₁₀ ∧ x₁₁ ∧ x₁₅ ∧ x₅ ∧ x₇ ∧ x₈ ∧ ¬ x₁₂ ∧ ¬ x₁₄ ∧ ¬ x₄ ∧ ¬ x₉
) ∨ (x₁₁ ∧ x₁₃ ∧ x₃ ∧ x₄ ∧ x₆ ∧ ¬ x₁₂ ∧ ¬ x₂ ∧ ¬ x₇ ∧ ¬ x₈ ∧ ¬ x₉) ∨ (x₁₂ ∧ x₁₅ ∧ x₁₆
 ∧ x₇ ∧ x₈ ∧ x₉ ∧ ¬ x₁ ∧ ¬ x₁₁ ∧ ¬ x₂ ∧ ¬ x₅) ∨ (x₁₄ ∧ ¬ x₁ ∧ ¬ x₁₀ ∧ ¬ x₁₁ ∧ ¬ x₁₃ ∧
 ¬ x₁₅ ∧ ¬ x₂ ∧ ¬ x₇ ∧ ¬ x₈ ∧ ¬ x₉) ∨ (x₁₅ ∧ x₁₆ ∧ x₈ ∧ ¬ x₁ ∧ ¬ x₁₂ ∧ ¬ x₁₄ ∧ ¬ x₂ ∧
 ¬ x₃ ∧ ¬ x₄ ∧ ¬ x₉) ∨ (x₁ ∧ x₁₀ ∧ x₁₁ ∧ x₁₂ ∧ x₁₅ ∧ x₁₆ ∧ x₂ ∧ x₆ ∧ ¬ x₁₄ ∧ ¬ x₅ ∧ ¬
 x₇) ∨ (x₁ ∧ x₂ ∧ x₆ ∧ x₇ ∧ x₉ ∧ ¬ x₁₀ ∧ ¬ x₁₂ ∧ ¬ x₁₃ ∧ ¬ x₁₅ ∧ ¬ x₅ ∧ ¬ x₈) ∨ (x₁₀ 
∧ x₁₁ ∧ x₁₅ ∧ x₁₆ ∧ x₆ ∧ ¬ x₁ ∧ ¬ x₁₂ ∧ ¬ x₁₄ ∧ ¬ x₂ ∧ ¬ x₄ ∧ ¬ x₉) ∨ (x₁₅ ∧ x₁₆ ∧ x₂
 ∧ x₄ ∧ x₅ ∧ x₆ ∧ x₈ ∧ x₉ ∧ ¬ x₁ ∧ ¬ x₁₁ ∧ ¬ x₇) ∨ (x₁ ∧ x₁₀ ∧ x₁₃ ∧ x₁₄ ∧ x₃ ∧ x₄ ∧ 
x₆ ∧ x₉ ∧ ¬ x₁₂ ∧ ¬ x₁₅ ∧ ¬ x₁₆ ∧ ¬ x₈) ∨ (x₁₀ ∧ x₁₂ ∧ x₁₅ ∧ x₃ ∧ x₄ ∧ x₉ ∧ ¬ x₁₁ ∧ ¬
 x₁₃ ∧ ¬ x₁₆ ∧ ¬ x₆ ∧ ¬ x₇ ∧ ¬ x₈) ∨ (x₁₀ ∧ x₁₂ ∧ x₃ ∧ x₆ ∧ x₇ ∧ x₉ ∧ ¬ x₁ ∧ ¬ x₁₁ ∧ 
¬ x₁₃ ∧ ¬ x₁₄ ∧ ¬ x₁₅ ∧ ¬ x₁₆ ∧ ¬ x₂ ∧ ¬ x₅)
[2013-06-10 18:14:38] PyMTL           DEBUG  :    - Group 4: (x₁₂ ∧ x₅ ∧ x₆ ∧ ¬ x₇) ∨ (x₃ ∧ ¬ x₁₂ ∧ ¬ x₅ ∧ ¬ x₇) ∨ (x₇ ∧ x₈ ∧ ¬ x₁ ∧ ¬ x₄) ∨ (x₂ ∧
 ¬ x₁ ∧ ¬ x₁₂ ∧ ¬ x₁₃ ∧ ¬ x₈) ∨ (x₁ ∧ x₁₁ ∧ x₈ ∧ x₉ ∧ ¬ x₁₄ ∧ ¬ x₄) ∨ (x₁ ∧ x₁₃ ∧ x₉ 
∧ ¬ x₁₀ ∧ ¬ x₄ ∧ ¬ x₅) ∨ (x₁₂ ∧ x₆ ∧ x₈ ∧ ¬ x₁₃ ∧ ¬ x₁₄ ∧ ¬ x₁₆) ∨ (x₁₄ ∧ x₂ ∧ x₆ ∧ x
₈ ∧ ¬ x₁₂ ∧ ¬ x₁₃) ∨ (x₁₅ ∧ x₃ ∧ x₆ ∧ x₉ ∧ ¬ x₁₁ ∧ ¬ x₁₄) ∨ (x₂ ∧ x₃ ∧ x₆ ∧ x₈ ∧ ¬ x₄
 ∧ ¬ x₅) ∨ (x₂ ∧ ¬ x₁₅ ∧ ¬ x₁₆ ∧ ¬ x₄ ∧ ¬ x₅ ∧ ¬ x₈) ∨ (x₃ ∧ x₈ ∧ ¬ x₁₄ ∧ ¬ x₂ ∧ ¬ x₄
 ∧ ¬ x₇) ∨ (x₁ ∧ x₁₁ ∧ x₁₆ ∧ x₅ ∧ x₆ ∧ ¬ x₁₀ ∧ ¬ x₁₄) ∨ (x₁ ∧ x₁₆ ∧ x₂ ∧ x₄ ∧ x₅ ∧ ¬ 
x₁₂ ∧ ¬ x₃) ∨ (x₁ ∧ x₃ ∧ ¬ x₁₁ ∧ ¬ x₁₃ ∧ ¬ x₁₄ ∧ ¬ x₄ ∧ ¬ x₈) ∨ (x₁₀ ∧ x₁₃ ∧ x₁₆ ∧ ¬ 
x₁₁ ∧ ¬ x₆ ∧ ¬ x₇ ∧ ¬ x₈) ∨ (x₁₁ ∧ x₁₂ ∧ x₁₄ ∧ x₈ ∧ ¬ x₁ ∧ ¬ x₃ ∧ ¬ x₆) ∨ (x₁₁ ∧ x₁₄ 
∧ x₇ ∧ ¬ x₁ ∧ ¬ x₁₅ ∧ ¬ x₃ ∧ ¬ x₉) ∨ (x₁₁ ∧ x₇ ∧ x₈ ∧ ¬ x₁₄ ∧ ¬ x₄ ∧ ¬ x₅ ∧ ¬ x₆) ∨ (
x₁₃ ∧ x₁₄ ∧ x₁₅ ∧ x₁₆ ∧ ¬ x₁ ∧ ¬ x₁₁ ∧ ¬ x₈) ∨ (x₁₃ ∧ x₁₆ ∧ x₄ ∧ x₉ ∧ ¬ x₁ ∧ ¬ x₁₀ ∧ 
¬ x₃) ∨ (x₁₄ ∧ x₂ ∧ x₃ ∧ x₈ ∧ ¬ x₁₀ ∧ ¬ x₁₂ ∧ ¬ x₄) ∨ (x₁ ∧ x₁₀ ∧ x₁₅ ∧ x₂ ∧ x₆ ∧ ¬ x
₁₆ ∧ ¬ x₃ ∧ ¬ x₉) ∨ (x₁ ∧ x₂ ∧ ¬ x₁₃ ∧ ¬ x₁₅ ∧ ¬ x₁₆ ∧ ¬ x₆ ∧ ¬ x₇ ∧ ¬ x₉) ∨ (x₁₀ ∧ x
₁₁ ∧ x₁₂ ∧ x₁₅ ∧ x₆ ∧ ¬ x₁₃ ∧ ¬ x₁₄ ∧ ¬ x₉) ∨ (x₁₀ ∧ x₁₁ ∧ x₁₅ ∧ x₃ ∧ ¬ x₁₃ ∧ ¬ x₂ ∧ 
¬ x₅ ∧ ¬ x₆) ∨ (x₁₀ ∧ x₁₁ ∧ x₂ ∧ x₇ ∧ ¬ x₁ ∧ ¬ x₁₃ ∧ ¬ x₃ ∧ ¬ x₈) ∨ (x₁₀ ∧ x₁₄ ∧ x₂ ∧
 x₃ ∧ x₅ ∧ x₇ ∧ ¬ x₁₁ ∧ ¬ x₁₂) ∨ (x₁₁ ∧ x₁₂ ∧ x₂ ∧ x₃ ∧ x₄ ∧ x₅ ∧ x₉ ∧ ¬ x₁₄) ∨ (x₁₂ 
∧ x₁₃ ∧ x₁₅ ∧ x₅ ∧ ¬ x₁ ∧ ¬ x₁₀ ∧ ¬ x₁₆ ∧ ¬ x₄) ∨ (x₁₂ ∧ x₁₃ ∧ x₅ ∧ x₆ ∧ ¬ x₁₄ ∧ ¬ x₄
 ∧ ¬ x₇ ∧ ¬ x₉) ∨ (x₁₂ ∧ x₁₄ ∧ x₁₅ ∧ x₁₆ ∧ x₅ ∧ x₆ ∧ ¬ x₁₃ ∧ ¬ x₂) ∨ (x₁₅ ∧ x₄ ∧ x₅ ∧
 x₆ ∧ ¬ x₁ ∧ ¬ x₁₀ ∧ ¬ x₁₂ ∧ ¬ x₁₄) ∨ (x₁₅ ∧ x₉ ∧ ¬ x₁₁ ∧ ¬ x₁₂ ∧ ¬ x₁₃ ∧ ¬ x₄ ∧ ¬ x₅
 ∧ ¬ x₇) ∨ (x₅ ∧ x₇ ∧ x₉ ∧ ¬ x₁₂ ∧ ¬ x₁₆ ∧ ¬ x₂ ∧ ¬ x₄ ∧ ¬ x₆) ∨ (x₆ ∧ x₇ ∧ x₈ ∧ ¬ x₁
₃ ∧ ¬ x₁₄ ∧ ¬ x₁₆ ∧ ¬ x₃ ∧ ¬ x₅) ∨ (x₇ ∧ ¬ x₁ ∧ ¬ x₁₁ ∧ ¬ x₁₄ ∧ ¬ x₁₆ ∧ ¬ x₃ ∧ ¬ x₄ ∧
 ¬ x₉) ∨ (x₁₁ ∧ x₁₄ ∧ x₁₅ ∧ x₂ ∧ x₆ ∧ x₉ ∧ ¬ x₁₀ ∧ ¬ x₃ ∧ ¬ x₇) ∨ (x₁₂ ∧ x₁₆ ∧ x₂ ∧ x
₅ ∧ x₆ ∧ x₈ ∧ ¬ x₁₁ ∧ ¬ x₃ ∧ ¬ x₉) ∨ (x₁₃ ∧ x₁₆ ∧ x₂ ∧ x₇ ∧ ¬ x₁₁ ∧ ¬ x₁₂ ∧ ¬ x₁₄ ∧ ¬
 x₈ ∧ ¬ x₉) ∨ (x₁₄ ∧ x₁₅ ∧ x₅ ∧ x₉ ∧ ¬ x₁ ∧ ¬ x₃ ∧ ¬ x₄ ∧ ¬ x₆ ∧ ¬ x₇) ∨ (x₁₄ ∧ x₂ ∧ 
x₄ ∧ x₅ ∧ x₇ ∧ x₉ ∧ ¬ x₁₅ ∧ ¬ x₆ ∧ ¬ x₈) ∨ (x₁₆ ∧ x₄ ∧ x₇ ∧ ¬ x₁ ∧ ¬ x₁₀ ∧ ¬ x₁₁ ∧ ¬ 
x₁₂ ∧ ¬ x₃ ∧ ¬ x₈) ∨ (x₃ ∧ x₆ ∧ x₈ ∧ x₉ ∧ ¬ x₁ ∧ ¬ x₁₄ ∧ ¬ x₁₅ ∧ ¬ x₅ ∧ ¬ x₇) ∨ (x₁ ∧
 x₁₀ ∧ x₁₆ ∧ x₄ ∧ x₆ ∧ ¬ x₁₁ ∧ ¬ x₁₄ ∧ ¬ x₁₅ ∧ ¬ x₈ ∧ ¬ x₉) ∨ (x₁ ∧ x₁₃ ∧ x₂ ∧ x₃ ∧ x
₇ ∧ x₉ ∧ ¬ x₁₀ ∧ ¬ x₁₄ ∧ ¬ x₁₆ ∧ ¬ x₆) ∨ (x₁₀ ∧ x₁₁ ∧ x₁₂ ∧ x₅ ∧ x₆ ∧ x₉ ∧ ¬ x₁ ∧ ¬ x
₄ ∧ ¬ x₇ ∧ ¬ x₈) ∨ (x₁₀ ∧ x₁₄ ∧ x₁₅ ∧ x₁₆ ∧ x₇ ∧ x₈ ∧ ¬ x₁ ∧ ¬ x₁₁ ∧ ¬ x₄ ∧ ¬ x₉) ∨ (
x₁₁ ∧ x₁₂ ∧ x₁₄ ∧ x₂ ∧ x₄ ∧ x₆ ∧ ¬ x₁₅ ∧ ¬ x₃ ∧ ¬ x₇ ∧ ¬ x₈) ∨ (x₁₁ ∧ x₄ ∧ x₈ ∧ ¬ x₁₂
 ∧ ¬ x₁₃ ∧ ¬ x₁₄ ∧ ¬ x₁₆ ∧ ¬ x₃ ∧ ¬ x₅ ∧ ¬ x₆) ∨ (x₁₂ ∧ x₁₃ ∧ x₁₅ ∧ x₄ ∧ x₆ ∧ x₇ ∧ ¬ 
x₁ ∧ ¬ x₁₀ ∧ ¬ x₁₁ ∧ ¬ x₂) ∨ (x₁₃ ∧ x₁₆ ∧ x₂ ∧ x₄ ∧ ¬ x₁₀ ∧ ¬ x₁₅ ∧ ¬ x₃ ∧ ¬ x₅ ∧ ¬ x
₇ ∧ ¬ x₉) ∨ (x₁₅ ∧ x₅ ∧ x₆ ∧ x₇ ∧ x₈ ∧ ¬ x₁₀ ∧ ¬ x₁₂ ∧ ¬ x₁₆ ∧ ¬ x₄ ∧ ¬ x₉) ∨ (x₁ ∧ x
₁₅ ∧ x₁₆ ∧ x₄ ∧ x₆ ∧ x₇ ∧ x₉ ∧ ¬ x₁₃ ∧ ¬ x₁₄ ∧ ¬ x₃ ∧ ¬ x₈) ∨ (x₁₀ ∧ x₁₁ ∧ x₁₃ ∧ x₁₄ 
∧ x₅ ∧ x₉ ∧ ¬ x₁ ∧ ¬ x₁₅ ∧ ¬ x₂ ∧ ¬ x₇ ∧ ¬ x₈) ∨ (x₁₀ ∧ x₁₃ ∧ x₁₅ ∧ x₁₆ ∧ x₆ ∧ x₉ ∧ ¬
 x₁ ∧ ¬ x₁₄ ∧ ¬ x₄ ∧ ¬ x₅ ∧ ¬ x₈) ∨ (x₁₂ ∧ x₁₅ ∧ x₃ ∧ x₇ ∧ ¬ x₁₃ ∧ ¬ x₁₄ ∧ ¬ x₁₆ ∧ ¬ 
x₂ ∧ ¬ x₄ ∧ ¬ x₅ ∧ ¬ x₈) ∨ (x₁₃ ∧ x₁₅ ∧ x₂ ∧ x₄ ∧ x₇ ∧ ¬ x₁₀ ∧ ¬ x₁₄ ∧ ¬ x₁₆ ∧ ¬ x₅ ∧
 ¬ x₆ ∧ ¬ x₈) ∨ (x₁₃ ∧ x₁₆ ∧ x₂ ∧ x₅ ∧ x₇ ∧ ¬ x₁ ∧ ¬ x₁₄ ∧ ¬ x₁₅ ∧ ¬ x₃ ∧ ¬ x₄ ∧ ¬ x₉
) ∨ (x₂ ∧ x₅ ∧ x₆ ∧ x₇ ∧ x₈ ∧ ¬ x₁ ∧ ¬ x₁₀ ∧ ¬ x₁₁ ∧ ¬ x₁₄ ∧ ¬ x₁₅ ∧ ¬ x₁₆) ∨ (x₁ ∧ x
₁₂ ∧ x₁₄ ∧ x₄ ∧ x₆ ∧ x₉ ∧ ¬ x₁₀ ∧ ¬ x₁₅ ∧ ¬ x₁₆ ∧ ¬ x₂ ∧ ¬ x₅ ∧ ¬ x₇) ∨ (x₁ ∧ x₁₂ ∧ x
₁₅ ∧ x₃ ∧ x₄ ∧ x₅ ∧ x₈ ∧ x₉ ∧ ¬ x₁₀ ∧ ¬ x₁₄ ∧ ¬ x₆ ∧ ¬ x₇) ∨ (x₁₂ ∧ x₃ ∧ x₄ ∧ x₅ ∧ x₇
 ∧ ¬ x₁ ∧ ¬ x₁₁ ∧ ¬ x₁₃ ∧ ¬ x₁₆ ∧ ¬ x₂ ∧ ¬ x₆ ∧ ¬ x₈) ∨ (x₁₀ ∧ x₁₃ ∧ x₁₄ ∧ x₁₅ ∧ x₂ ∧
 x₃ ∧ x₄ ∧ x₅ ∧ x₆ ∧ x₉ ∧ ¬ x₁ ∧ ¬ x₁₁ ∧ ¬ x₇)
[2013-06-10 18:14:38] PyMTL           DEBUG  :   % of True values in y for each task:
[2013-06-10 18:14:38] PyMTL           DEBUG  :    - Group 0, task 0: 0.515
[2013-06-10 18:14:38] PyMTL           DEBUG  :    - Group 0, task 1: 0.495
[2013-06-10 18:14:38] PyMTL           DEBUG  :    - Group 0, task 2: 0.49
[2013-06-10 18:14:38] PyMTL           DEBUG  :    - Group 0, task 3: 0.44
[2013-06-10 18:14:38] PyMTL           DEBUG  :    - Group 0, task 4: 0.47
[2013-06-10 18:14:38] PyMTL           DEBUG  :    - Group 1, task 0: 0.49
[2013-06-10 18:14:38] PyMTL           DEBUG  :    - Group 1, task 1: 0.58
[2013-06-10 18:14:38] PyMTL           DEBUG  :    - Group 1, task 2: 0.53
[2013-06-10 18:14:38] PyMTL           DEBUG  :    - Group 1, task 3: 0.56
[2013-06-10 18:14:38] PyMTL           DEBUG  :    - Group 1, task 4: 0.53
[2013-06-10 18:14:38] PyMTL           DEBUG  :    - Group 2, task 0: 0.575
[2013-06-10 18:14:38] PyMTL           DEBUG  :    - Group 2, task 1: 0.545
[2013-06-10 18:14:38] PyMTL           DEBUG  :    - Group 2, task 2: 0.645
[2013-06-10 18:14:38] PyMTL           DEBUG  :    - Group 2, task 3: 0.62
[2013-06-10 18:14:38] PyMTL           DEBUG  :    - Group 2, task 4: 0.585
[2013-06-10 18:14:38] PyMTL           DEBUG  :    - Group 3, task 0: 0.495
[2013-06-10 18:14:38] PyMTL           DEBUG  :    - Group 3, task 1: 0.555
[2013-06-10 18:14:38] PyMTL           DEBUG  :    - Group 3, task 2: 0.535
[2013-06-10 18:14:38] PyMTL           DEBUG  :    - Group 3, task 3: 0.555
[2013-06-10 18:14:38] PyMTL           DEBUG  :    - Group 3, task 4: 0.525
[2013-06-10 18:14:38] PyMTL           DEBUG  :    - Group 4, task 0: 0.46
[2013-06-10 18:14:38] PyMTL           DEBUG  :    - Group 4, task 1: 0.38
[2013-06-10 18:14:38] PyMTL           DEBUG  :    - Group 4, task 2: 0.41
[2013-06-10 18:14:38] PyMTL           DEBUG  :    - Group 4, task 3: 0.435
[2013-06-10 18:14:38] PyMTL           DEBUG  :    - Group 4, task 4: 0.345
[2013-06-10 18:14:38] PyMTL           DEBUG  :   Average % of True values in y (across all tasks): 0.5106
[2013-06-10 18:14:39] PyMTL           DEBUG  : Finished repetition: 0, base learner: tree, learner: NoMerging in 0.77s
[2013-06-10 18:14:39] PyMTL           DEBUG  : Merged data has 16 attributes and 2500 examples.
[2013-06-10 18:14:39] PyMTL           DEBUG  : Finished repetition: 0, base learner: tree, learner: MergeAll in 0.25s
[2013-06-10 18:14:39] PyMTL           DEBUG  : Computing candidate pairs for merging (300 pairs)
[2013-06-10 18:15:02] PyMTL           DEBUG  : Processing 63 candidate pairs for merging
[2013-06-10 18:15:28] PyMTL           DEBUG  : Finished repetition: 0, base learner: tree, learner: ERM in 40.00s
[2013-06-10 18:15:29] PyMTL           DEBUG  : Finished repetition: 0, base learner: svm_poly, learner: NoMerging in 0.41s
[2013-06-10 18:15:29] PyMTL           DEBUG  : Merged data has 16 attributes and 2500 examples.
[2013-06-10 18:15:39] PyMTL           DEBUG  : Finished repetition: 0, base learner: svm_poly, learner: MergeAll in 2.90s
[2013-06-10 18:15:39] PyMTL           DEBUG  : Computing candidate pairs for merging (300 pairs)
[2013-06-10 18:16:45] PyMTL           DEBUG  : Processing 60 candidate pairs for merging
[2013-06-10 18:20:14] PyMTL           DEBUG  : Finished repetition: 0, base learner: svm_poly, learner: ERM in 264.67s
[2013-06-10 18:20:14] PyMTL           DEBUG  : Finished repetition: 1, base learner: tree, learner: NoMerging in 0.07s
[2013-06-10 18:20:14] PyMTL           DEBUG  : Merged data has 16 attributes and 2500 examples.
[2013-06-10 18:20:15] PyMTL           DEBUG  : Finished repetition: 1, base learner: tree, learner: MergeAll in 0.08s
[2013-06-10 18:20:15] PyMTL           DEBUG  : Computing candidate pairs for merging (300 pairs)
[2013-06-10 18:20:28] PyMTL           DEBUG  : Processing 58 candidate pairs for merging
[2013-06-10 18:20:50] PyMTL           DEBUG  : Finished repetition: 1, base learner: tree, learner: ERM in 34.89s
[2013-06-10 18:20:50] PyMTL           DEBUG  : Finished repetition: 1, base learner: svm_poly, learner: NoMerging in 0.20s
[2013-06-10 18:20:50] PyMTL           DEBUG  : Merged data has 16 attributes and 2500 examples.
[2013-06-10 18:20:53] PyMTL           DEBUG  : Finished repetition: 1, base learner: svm_poly, learner: MergeAll in 2.88s
[2013-06-10 18:20:53] PyMTL           DEBUG  : Computing candidate pairs for merging (300 pairs)
[2013-06-10 18:21:50] PyMTL           DEBUG  : Processing 51 candidate pairs for merging
[2013-06-10 18:26:08] PyMTL           DEBUG  : Finished repetition: 1, base learner: svm_poly, learner: ERM in 312.13s
[2013-06-10 18:26:08] PyMTL           DEBUG  : Finished repetition: 2, base learner: tree, learner: NoMerging in 0.07s
[2013-06-10 18:26:08] PyMTL           DEBUG  : Merged data has 16 attributes and 2500 examples.
[2013-06-10 18:26:08] PyMTL           DEBUG  : Finished repetition: 2, base learner: tree, learner: MergeAll in 0.08s
[2013-06-10 18:26:08] PyMTL           DEBUG  : Computing candidate pairs for merging (300 pairs)
[2013-06-10 18:26:21] PyMTL           DEBUG  : Processing 59 candidate pairs for merging
[2013-06-10 18:26:44] PyMTL           DEBUG  : Finished repetition: 2, base learner: tree, learner: ERM in 36.31s
[2013-06-10 18:26:45] PyMTL           DEBUG  : Finished repetition: 2, base learner: svm_poly, learner: NoMerging in 0.21s
[2013-06-10 18:26:45] PyMTL           DEBUG  : Merged data has 16 attributes and 2500 examples.
[2013-06-10 18:26:47] PyMTL           DEBUG  : Finished repetition: 2, base learner: svm_poly, learner: MergeAll in 2.89s
[2013-06-10 18:26:47] PyMTL           DEBUG  : Computing candidate pairs for merging (300 pairs)
[2013-06-10 18:27:45] PyMTL           DEBUG  : Processing 57 candidate pairs for merging
[2013-06-10 18:31:50] PyMTL           DEBUG  : Finished repetition: 2, base learner: svm_poly, learner: ERM in 300.29s
[2013-06-10 18:31:51] PyMTL           DEBUG  : Finished repetition: 3, base learner: tree, learner: NoMerging in 0.08s
[2013-06-10 18:31:51] PyMTL           DEBUG  : Merged data has 16 attributes and 2500 examples.
[2013-06-10 18:31:51] PyMTL           DEBUG  : Finished repetition: 3, base learner: tree, learner: MergeAll in 0.08s
[2013-06-10 18:31:51] PyMTL           DEBUG  : Computing candidate pairs for merging (300 pairs)
[2013-06-10 18:32:05] PyMTL           DEBUG  : Processing 73 candidate pairs for merging
[2013-06-10 18:32:28] PyMTL           DEBUG  : Finished repetition: 3, base learner: tree, learner: ERM in 36.56s
[2013-06-10 18:32:28] PyMTL           DEBUG  : Finished repetition: 3, base learner: svm_poly, learner: NoMerging in 0.21s
[2013-06-10 18:32:28] PyMTL           DEBUG  : Merged data has 16 attributes and 2500 examples.
[2013-06-10 18:32:31] PyMTL           DEBUG  : Finished repetition: 3, base learner: svm_poly, learner: MergeAll in 2.94s
[2013-06-10 18:32:31] PyMTL           DEBUG  : Computing candidate pairs for merging (300 pairs)
[2013-06-10 18:33:29] PyMTL           DEBUG  : Processing 52 candidate pairs for merging
[2013-06-10 18:37:36] PyMTL           DEBUG  : Finished repetition: 3, base learner: svm_poly, learner: ERM in 302.12s
[2013-06-10 18:37:36] PyMTL           DEBUG  : Finished repetition: 4, base learner: tree, learner: NoMerging in 0.08s
[2013-06-10 18:37:36] PyMTL           DEBUG  : Merged data has 16 attributes and 2500 examples.
[2013-06-10 18:37:36] PyMTL           DEBUG  : Finished repetition: 4, base learner: tree, learner: MergeAll in 0.09s
[2013-06-10 18:37:36] PyMTL           DEBUG  : Computing candidate pairs for merging (300 pairs)
[2013-06-10 18:37:50] PyMTL           DEBUG  : Processing 57 candidate pairs for merging
[2013-06-10 18:38:15] PyMTL           DEBUG  : Finished repetition: 4, base learner: tree, learner: ERM in 39.22s
[2013-06-10 18:38:16] PyMTL           DEBUG  : Finished repetition: 4, base learner: svm_poly, learner: NoMerging in 0.21s
[2013-06-10 18:38:16] PyMTL           DEBUG  : Merged data has 16 attributes and 2500 examples.
[2013-06-10 18:38:19] PyMTL           DEBUG  : Finished repetition: 4, base learner: svm_poly, learner: MergeAll in 2.91s
[2013-06-10 18:38:19] PyMTL           DEBUG  : Computing candidate pairs for merging (300 pairs)
[2013-06-10 18:39:16] PyMTL           DEBUG  : Processing 63 candidate pairs for merging
[2013-06-10 18:43:25] PyMTL           DEBUG  : Finished repetition: 4, base learner: svm_poly, learner: ERM in 303.50s
[2013-06-10 18:43:26] PyMTL           DEBUG  : Finished repetition: 5, base learner: tree, learner: NoMerging in 0.08s
[2013-06-10 18:43:26] PyMTL           DEBUG  : Merged data has 16 attributes and 2500 examples.
[2013-06-10 18:43:26] PyMTL           DEBUG  : Finished repetition: 5, base learner: tree, learner: MergeAll in 0.08s
[2013-06-10 18:43:26] PyMTL           DEBUG  : Computing candidate pairs for merging (300 pairs)
[2013-06-10 18:43:40] PyMTL           DEBUG  : Processing 63 candidate pairs for merging
[2013-06-10 18:44:10] PyMTL           DEBUG  : Finished repetition: 5, base learner: tree, learner: ERM in 43.58s
[2013-06-10 18:44:10] PyMTL           DEBUG  : Finished repetition: 5, base learner: svm_poly, learner: NoMerging in 0.21s
[2013-06-10 18:44:10] PyMTL           DEBUG  : Merged data has 16 attributes and 2500 examples.
[2013-06-10 18:44:13] PyMTL           DEBUG  : Finished repetition: 5, base learner: svm_poly, learner: MergeAll in 2.88s
[2013-06-10 18:44:13] PyMTL           DEBUG  : Computing candidate pairs for merging (300 pairs)
[2013-06-10 18:45:10] PyMTL           DEBUG  : Processing 48 candidate pairs for merging
[2013-06-10 18:49:08] PyMTL           DEBUG  : Finished repetition: 5, base learner: svm_poly, learner: ERM in 292.61s
[2013-06-10 18:49:08] PyMTL           DEBUG  : Finished repetition: 6, base learner: tree, learner: NoMerging in 0.08s
[2013-06-10 18:49:08] PyMTL           DEBUG  : Merged data has 16 attributes and 2500 examples.
[2013-06-10 18:49:08] PyMTL           DEBUG  : Finished repetition: 6, base learner: tree, learner: MergeAll in 0.09s
[2013-06-10 18:49:08] PyMTL           DEBUG  : Computing candidate pairs for merging (300 pairs)
[2013-06-10 18:49:22] PyMTL           DEBUG  : Processing 64 candidate pairs for merging
[2013-06-10 18:49:44] PyMTL           DEBUG  : Finished repetition: 6, base learner: tree, learner: ERM in 35.53s
[2013-06-10 18:49:44] PyMTL           DEBUG  : Finished repetition: 6, base learner: svm_poly, learner: NoMerging in 0.20s
[2013-06-10 18:49:44] PyMTL           DEBUG  : Merged data has 16 attributes and 2500 examples.
[2013-06-10 18:49:47] PyMTL           DEBUG  : Finished repetition: 6, base learner: svm_poly, learner: MergeAll in 2.91s
[2013-06-10 18:49:47] PyMTL           DEBUG  : Computing candidate pairs for merging (300 pairs)
[2013-06-10 18:50:44] PyMTL           DEBUG  : Processing 49 candidate pairs for merging
[2013-06-10 18:54:50] PyMTL           DEBUG  : Finished repetition: 6, base learner: svm_poly, learner: ERM in 300.47s
[2013-06-10 18:54:50] PyMTL           DEBUG  : Finished repetition: 7, base learner: tree, learner: NoMerging in 0.08s
[2013-06-10 18:54:50] PyMTL           DEBUG  : Merged data has 16 attributes and 2500 examples.
[2013-06-10 18:54:50] PyMTL           DEBUG  : Finished repetition: 7, base learner: tree, learner: MergeAll in 0.08s
[2013-06-10 18:54:50] PyMTL           DEBUG  : Computing candidate pairs for merging (300 pairs)
[2013-06-10 18:55:05] PyMTL           DEBUG  : Processing 63 candidate pairs for merging
[2013-06-10 18:55:35] PyMTL           DEBUG  : Finished repetition: 7, base learner: tree, learner: ERM in 44.09s
[2013-06-10 18:55:35] PyMTL           DEBUG  : Finished repetition: 7, base learner: svm_poly, learner: NoMerging in 0.21s
[2013-06-10 18:55:35] PyMTL           DEBUG  : Merged data has 16 attributes and 2500 examples.
[2013-06-10 18:55:38] PyMTL           DEBUG  : Finished repetition: 7, base learner: svm_poly, learner: MergeAll in 2.95s
[2013-06-10 18:55:38] PyMTL           DEBUG  : Computing candidate pairs for merging (300 pairs)
[2013-06-10 18:56:36] PyMTL           DEBUG  : Processing 55 candidate pairs for merging
[2013-06-10 19:00:39] PyMTL           DEBUG  : Finished repetition: 7, base learner: svm_poly, learner: ERM in 298.01s
[2013-06-10 19:00:39] PyMTL           DEBUG  : Finished repetition: 8, base learner: tree, learner: NoMerging in 0.08s
[2013-06-10 19:00:39] PyMTL           DEBUG  : Merged data has 16 attributes and 2500 examples.
[2013-06-10 19:00:39] PyMTL           DEBUG  : Finished repetition: 8, base learner: tree, learner: MergeAll in 0.08s
[2013-06-10 19:00:39] PyMTL           DEBUG  : Computing candidate pairs for merging (300 pairs)
[2013-06-10 19:00:53] PyMTL           DEBUG  : Processing 70 candidate pairs for merging
[2013-06-10 19:01:18] PyMTL           DEBUG  : Finished repetition: 8, base learner: tree, learner: ERM in 38.74s
[2013-06-10 19:01:18] PyMTL           DEBUG  : Finished repetition: 8, base learner: svm_poly, learner: NoMerging in 0.20s
[2013-06-10 19:01:18] PyMTL           DEBUG  : Merged data has 16 attributes and 2500 examples.
[2013-06-10 19:01:21] PyMTL           DEBUG  : Finished repetition: 8, base learner: svm_poly, learner: MergeAll in 2.93s
[2013-06-10 19:01:21] PyMTL           DEBUG  : Computing candidate pairs for merging (300 pairs)
[2013-06-10 19:02:19] PyMTL           DEBUG  : Processing 54 candidate pairs for merging
[2013-06-10 19:06:12] PyMTL           DEBUG  : Finished repetition: 8, base learner: svm_poly, learner: ERM in 288.17s
[2013-06-10 19:06:12] PyMTL           DEBUG  : Finished repetition: 9, base learner: tree, learner: NoMerging in 0.08s
[2013-06-10 19:06:12] PyMTL           DEBUG  : Merged data has 16 attributes and 2500 examples.
[2013-06-10 19:06:12] PyMTL           DEBUG  : Finished repetition: 9, base learner: tree, learner: MergeAll in 0.08s
[2013-06-10 19:06:12] PyMTL           DEBUG  : Computing candidate pairs for merging (300 pairs)
[2013-06-10 19:06:26] PyMTL           DEBUG  : Processing 71 candidate pairs for merging
[2013-06-10 19:06:52] PyMTL           DEBUG  : Finished repetition: 9, base learner: tree, learner: ERM in 39.24s
[2013-06-10 19:06:52] PyMTL           DEBUG  : Finished repetition: 9, base learner: svm_poly, learner: NoMerging in 0.21s
[2013-06-10 19:06:52] PyMTL           DEBUG  : Merged data has 16 attributes and 2500 examples.
[2013-06-10 19:06:55] PyMTL           DEBUG  : Finished repetition: 9, base learner: svm_poly, learner: MergeAll in 2.98s
[2013-06-10 19:06:55] PyMTL           DEBUG  : Computing candidate pairs for merging (300 pairs)
[2013-06-10 19:07:52] PyMTL           DEBUG  : Processing 55 candidate pairs for merging
[2013-06-10 19:11:27] PyMTL           DEBUG  : Finished repetition: 9, base learner: svm_poly, learner: ERM in 269.46s
[2013-06-10 19:11:27] PyMTL           DEBUG  : Successfully pickled the results of base learner: tree to file: /home/tadej/PyMTL/results/synthetic_data/boolean_func-a16d8n200g5tg5rs12-seed51-repeats10/bl-tree.pkl
[2013-06-10 19:11:27] PyMTL           DEBUG  : Successfully pickled the results of base learner: svm_poly to file: /home/tadej/PyMTL/results/synthetic_data/boolean_func-a16d8n200g5tg5rs12-seed51-repeats10/bl-svm_poly.pkl
