[2013-04-05 14:14:53] ERMRec          INFO   : Kept 200 randomly chosen users, 1419 users discarded
[2013-04-05 14:14:53] ERMRec.learning.learning DEBUG  : Learning data for user 03550 has less than 2 class values. Using DummyClassifier.
[2013-04-05 14:14:53] ERMRec.learning.learning DEBUG  : Learning data for user 00822 has less than 2 class values. Using DummyClassifier.
[2013-04-05 14:14:53] ERMRec          INFO   : Scoring measure AUC could not be computed for 28 out of 200 users (14.0%)
[2013-04-05 14:14:53] ERMRec          DEBUG  : Finished fold: 0, base learner: log_reg, learner: NoMerging in 0.38s
[2013-04-05 14:14:53] ERMRec.learning.learning DEBUG  : Merged data has 152 attributes and 9471 examples.
[2013-04-05 14:14:54] ERMRec          INFO   : Scoring measure AUC could not be computed for 28 out of 200 users (14.0%)
[2013-04-05 14:14:54] ERMRec          DEBUG  : Finished fold: 0, base learner: log_reg, learner: MergeAll in 0.22s
[2013-04-05 14:42:35] ERMRec.learning.learning INFO   : Learning data for merged user M(00822,03550) has less than 2 class values. Using DummyClassifier.
[2013-04-05 14:42:35] ERMRec          INFO   : Scoring measure AUC could not be computed for 28 out of 200 users (14.0%)
[2013-04-05 14:42:35] ERMRec          DEBUG  : Finished fold: 0, base learner: log_reg, learner: ERM in 1647.02s
[2013-04-05 14:42:36] ERMRec.learning.learning DEBUG  : Learning data for user 04514 has less than 2 class values. Using DummyClassifier.
[2013-04-05 14:42:36] ERMRec.learning.learning DEBUG  : Learning data for user 00377 has less than 2 class values. Using DummyClassifier.
[2013-04-05 14:42:36] ERMRec.learning.learning DEBUG  : Learning data for user 04679 has less than 2 class values. Using DummyClassifier.
[2013-04-05 14:42:36] ERMRec          INFO   : Scoring measure AUC could not be computed for 38 out of 200 users (19.0%)
[2013-04-05 14:42:36] ERMRec          DEBUG  : Finished fold: 1, base learner: log_reg, learner: NoMerging in 0.37s
[2013-04-05 14:42:36] ERMRec.learning.learning DEBUG  : Merged data has 152 attributes and 9514 examples.
[2013-04-05 14:42:36] ERMRec          INFO   : Scoring measure AUC could not be computed for 38 out of 200 users (19.0%)
[2013-04-05 14:42:36] ERMRec          DEBUG  : Finished fold: 1, base learner: log_reg, learner: MergeAll in 0.22s
[2013-04-05 15:13:00] ERMRec.learning.learning INFO   : Learning data for merged user M(04514,M(00377,04679)) has less than 2 class values. Using DummyClassifier.
[2013-04-05 15:13:01] ERMRec          INFO   : Scoring measure AUC could not be computed for 38 out of 200 users (19.0%)
[2013-04-05 15:13:01] ERMRec          DEBUG  : Finished fold: 1, base learner: log_reg, learner: ERM in 1808.98s
[2013-04-05 15:13:01] ERMRec.learning.learning DEBUG  : Learning data for user 04863 has less than 2 class values. Using DummyClassifier.
[2013-04-05 15:13:01] ERMRec          INFO   : Scoring measure AUC could not be computed for 38 out of 200 users (19.0%)
[2013-04-05 15:13:01] ERMRec          DEBUG  : Finished fold: 2, base learner: log_reg, learner: NoMerging in 0.37s
[2013-04-05 15:13:01] ERMRec.learning.learning DEBUG  : Merged data has 152 attributes and 9556 examples.
[2013-04-05 15:13:01] ERMRec          INFO   : Scoring measure AUC could not be computed for 38 out of 200 users (19.0%)
[2013-04-05 15:13:01] ERMRec          DEBUG  : Finished fold: 2, base learner: log_reg, learner: MergeAll in 0.21s
[2013-04-05 15:39:14] ERMRec.learning.learning INFO   : Learning data for merged user 04863 has less than 2 class values. Using DummyClassifier.
[2013-04-05 15:39:15] ERMRec          INFO   : Scoring measure AUC could not be computed for 38 out of 200 users (19.0%)
[2013-04-05 15:39:15] ERMRec          DEBUG  : Finished fold: 2, base learner: log_reg, learner: ERM in 1559.52s
[2013-04-05 15:39:15] ERMRec.learning.learning DEBUG  : Learning data for user 06730 has less than 2 class values. Using DummyClassifier.
[2013-04-05 15:39:15] ERMRec.learning.learning DEBUG  : Learning data for user 06671 has less than 2 class values. Using DummyClassifier.
[2013-04-05 15:39:15] ERMRec.learning.learning DEBUG  : Learning data for user 03016 has less than 2 class values. Using DummyClassifier.
[2013-04-05 15:39:15] ERMRec.learning.learning DEBUG  : Learning data for user 04825 has less than 2 class values. Using DummyClassifier.
[2013-04-05 15:39:15] ERMRec          INFO   : Scoring measure AUC could not be computed for 39 out of 200 users (19.5%)
[2013-04-05 15:39:15] ERMRec          DEBUG  : Finished fold: 3, base learner: log_reg, learner: NoMerging in 0.37s
[2013-04-05 15:39:15] ERMRec.learning.learning DEBUG  : Merged data has 152 attributes and 9584 examples.
[2013-04-05 15:39:15] ERMRec          INFO   : Scoring measure AUC could not be computed for 39 out of 200 users (19.5%)
[2013-04-05 15:39:15] ERMRec          DEBUG  : Finished fold: 3, base learner: log_reg, learner: MergeAll in 0.22s
[2013-04-05 16:08:38] ERMRec.learning.learning INFO   : Learning data for merged user 04825 has less than 2 class values. Using DummyClassifier.
[2013-04-05 16:08:38] ERMRec.learning.learning INFO   : Learning data for merged user M(03016,06730) has less than 2 class values. Using DummyClassifier.
[2013-04-05 16:08:38] ERMRec          INFO   : Scoring measure AUC could not be computed for 39 out of 200 users (19.5%)
[2013-04-05 16:08:38] ERMRec          DEBUG  : Finished fold: 3, base learner: log_reg, learner: ERM in 1747.97s
[2013-04-05 16:08:38] ERMRec.learning.learning DEBUG  : Learning data for user 04831 has less than 2 class values. Using DummyClassifier.
[2013-04-05 16:08:38] ERMRec.learning.learning DEBUG  : Learning data for user 00065 has less than 2 class values. Using DummyClassifier.
[2013-04-05 16:08:39] ERMRec          INFO   : Scoring measure AUC could not be computed for 45 out of 200 users (22.5%)
[2013-04-05 16:08:39] ERMRec          DEBUG  : Finished fold: 4, base learner: log_reg, learner: NoMerging in 0.37s
[2013-04-05 16:08:39] ERMRec.learning.learning DEBUG  : Merged data has 152 attributes and 9627 examples.
[2013-04-05 16:08:39] ERMRec          INFO   : Scoring measure AUC could not be computed for 45 out of 200 users (22.5%)
[2013-04-05 16:08:39] ERMRec          DEBUG  : Finished fold: 4, base learner: log_reg, learner: MergeAll in 0.23s
[2013-04-05 16:37:52] ERMRec.learning.learning INFO   : Learning data for merged user 04831 has less than 2 class values. Using DummyClassifier.
[2013-04-05 16:37:52] ERMRec          INFO   : Scoring measure AUC could not be computed for 45 out of 200 users (22.5%)
[2013-04-05 16:37:52] ERMRec          DEBUG  : Finished fold: 4, base learner: log_reg, learner: ERM in 1738.63s
[2013-04-05 16:37:53] ERMRec          DEBUG  : Successfully pickled the results of base learner: log_reg to file: /home/tadej/ERMRec/results/users-m10-seed51-keep200/bl-log_reg.pkl
[2013-04-05 16:37:53] ERMRec          INFO   : Results of base learner: log_reg are already loaded
[2013-04-05 16:37:53] ERMRec          DEBUG  : Divided the users into 25 bins
[2013-04-05 16:37:53] ERMRec          DEBUG  : Percent of users in each bin:
[2013-04-05 16:37:53] ERMRec          DEBUG  :  10  --   20: 36.5%
[2013-04-05 16:37:53] ERMRec          DEBUG  :  20  --   30: 23.5%
[2013-04-05 16:37:53] ERMRec          DEBUG  :  30  --   40: 10.0%
[2013-04-05 16:37:53] ERMRec          DEBUG  :  40  --   50: 6.5%
[2013-04-05 16:37:53] ERMRec          DEBUG  :  50  --   60: 4.5%
[2013-04-05 16:37:53] ERMRec          DEBUG  :  60  --   70: 3.0%
[2013-04-05 16:37:53] ERMRec          DEBUG  :  70  --   80: 2.0%
[2013-04-05 16:37:53] ERMRec          DEBUG  :  80  --   90: 2.0%
[2013-04-05 16:37:53] ERMRec          DEBUG  :  90  --  100: 1.5%
[2013-04-05 16:37:53] ERMRec          DEBUG  : 100  --  110: 1.5%
[2013-04-05 16:37:53] ERMRec          DEBUG  : 110  --  120: 1.0%
[2013-04-05 16:37:53] ERMRec          DEBUG  : 120  --  130: 0.0%
[2013-04-05 16:37:53] ERMRec          WARNING: Bin '120--130' has less than 2 users
[2013-04-05 16:37:53] ERMRec          DEBUG  : 130  --  140: 1.0%
[2013-04-05 16:37:53] ERMRec          DEBUG  : 140  --  150: 0.0%
[2013-04-05 16:37:53] ERMRec          WARNING: Bin '140--150' has less than 2 users
[2013-04-05 16:37:53] ERMRec          DEBUG  : 150  --  160: 0.5%
[2013-04-05 16:37:53] ERMRec          WARNING: Bin '150--160' has less than 2 users
[2013-04-05 16:37:53] ERMRec          DEBUG  : 160  --  170: 0.0%
[2013-04-05 16:37:53] ERMRec          WARNING: Bin '160--170' has less than 2 users
[2013-04-05 16:37:53] ERMRec          DEBUG  : 170  --  180: 0.0%
[2013-04-05 16:37:53] ERMRec          WARNING: Bin '170--180' has less than 2 users
[2013-04-05 16:37:53] ERMRec          DEBUG  : 180  --  190: 0.0%
[2013-04-05 16:37:53] ERMRec          WARNING: Bin '180--190' has less than 2 users
[2013-04-05 16:37:53] ERMRec          DEBUG  : 190  --  200: 0.5%
[2013-04-05 16:37:53] ERMRec          WARNING: Bin '190--200' has less than 2 users
[2013-04-05 16:37:53] ERMRec          DEBUG  : 200  --  210: 0.5%
[2013-04-05 16:37:53] ERMRec          WARNING: Bin '200--210' has less than 2 users
[2013-04-05 16:37:53] ERMRec          DEBUG  : 210  --  220: 0.0%
[2013-04-05 16:37:53] ERMRec          WARNING: Bin '210--220' has less than 2 users
[2013-04-05 16:37:53] ERMRec          DEBUG  : 220  --  230: 0.5%
[2013-04-05 16:37:53] ERMRec          WARNING: Bin '220--230' has less than 2 users
[2013-04-05 16:37:53] ERMRec          DEBUG  : 230  --  240: 0.5%
[2013-04-05 16:37:53] ERMRec          WARNING: Bin '230--240' has less than 2 users
[2013-04-05 16:37:53] ERMRec          DEBUG  : 240  --  250: 0.0%
[2013-04-05 16:37:53] ERMRec          WARNING: Bin '240--250' has less than 2 users
[2013-04-05 16:37:53] ERMRec          DEBUG  : 250  --  inf: 4.5%
