[2013-04-09 16:32:11] ERMRec          INFO   : Kept 100 randomly chosen users, 1519 users discarded
[2013-04-09 16:32:12] ERMRec.learning.learning DEBUG  : Learning data for user 06545 has less than 2 class values. Using DummyClassifier.
[2013-04-09 16:32:12] ERMRec          INFO   : Scoring measure AUC could not be computed for 14 out of 100 users (14.0%)
[2013-04-09 16:32:12] ERMRec          DEBUG  : Finished fold: 0, base learner: log_reg, learner: NoMerging in 0.20s
[2013-04-09 16:32:12] ERMRec.learning.learning DEBUG  : Merged data has 152 attributes and 4727 examples.
[2013-04-09 16:32:12] ERMRec          INFO   : Scoring measure AUC could not be computed for 14 out of 100 users (14.0%)
[2013-04-09 16:32:12] ERMRec          DEBUG  : Finished fold: 0, base learner: log_reg, learner: MergeAll in 0.15s
[2013-04-09 16:39:07] ERMRec.learning.learning INFO   : Learning data for merged user 06545 has less than 2 class values. Using DummyClassifier.
[2013-04-09 16:39:07] ERMRec          INFO   : Scoring measure AUC could not be computed for 14 out of 100 users (14.0%)
[2013-04-09 16:39:07] ERMRec          DEBUG  : Finished fold: 0, base learner: log_reg, learner: ERM in 411.33s
[2013-04-09 16:39:08] ERMRec.learning.learning DEBUG  : Learning data for user 01357 has less than 2 class values. Using DummyClassifier.
[2013-04-09 16:39:08] ERMRec          INFO   : Scoring measure AUC could not be computed for 14 out of 100 users (14.0%)
[2013-04-09 16:39:08] ERMRec          DEBUG  : Finished fold: 1, base learner: log_reg, learner: NoMerging in 0.19s
[2013-04-09 16:39:08] ERMRec.learning.learning DEBUG  : Merged data has 152 attributes and 4752 examples.
[2013-04-09 16:39:08] ERMRec          INFO   : Scoring measure AUC could not be computed for 14 out of 100 users (14.0%)
[2013-04-09 16:39:08] ERMRec          DEBUG  : Finished fold: 1, base learner: log_reg, learner: MergeAll in 0.12s
[2013-04-09 16:47:16] ERMRec.learning.learning INFO   : Learning data for merged user 01357 has less than 2 class values. Using DummyClassifier.
[2013-04-09 16:47:16] ERMRec          INFO   : Scoring measure AUC could not be computed for 14 out of 100 users (14.0%)
[2013-04-09 16:47:16] ERMRec          DEBUG  : Finished fold: 1, base learner: log_reg, learner: ERM in 484.35s
[2013-04-09 16:47:17] ERMRec.learning.learning DEBUG  : Learning data for user 05324 has less than 2 class values. Using DummyClassifier.
[2013-04-09 16:47:17] ERMRec.learning.learning DEBUG  : Learning data for user 01976 has less than 2 class values. Using DummyClassifier.
[2013-04-09 16:47:18] ERMRec          INFO   : Scoring measure AUC could not be computed for 21 out of 100 users (21.0%)
[2013-04-09 16:47:18] ERMRec          DEBUG  : Finished fold: 2, base learner: log_reg, learner: NoMerging in 0.19s
[2013-04-09 16:47:18] ERMRec.learning.learning DEBUG  : Merged data has 152 attributes and 4767 examples.
[2013-04-09 16:47:18] ERMRec          INFO   : Scoring measure AUC could not be computed for 21 out of 100 users (21.0%)
[2013-04-09 16:47:18] ERMRec          DEBUG  : Finished fold: 2, base learner: log_reg, learner: MergeAll in 0.13s
[2013-04-09 16:54:32] ERMRec.learning.learning INFO   : Learning data for merged user 05324 has less than 2 class values. Using DummyClassifier.
[2013-04-09 16:54:32] ERMRec          INFO   : Scoring measure AUC could not be computed for 21 out of 100 users (21.0%)
[2013-04-09 16:54:32] ERMRec          DEBUG  : Finished fold: 2, base learner: log_reg, learner: ERM in 430.95s
[2013-04-09 16:54:33] ERMRec.learning.learning DEBUG  : Learning data for user 01258 has less than 2 class values. Using DummyClassifier.
[2013-04-09 16:54:33] ERMRec.learning.learning DEBUG  : Learning data for user 03016 has less than 2 class values. Using DummyClassifier.
[2013-04-09 16:54:33] ERMRec          INFO   : Scoring measure AUC could not be computed for 22 out of 100 users (22.0%)
[2013-04-09 16:54:33] ERMRec          DEBUG  : Finished fold: 3, base learner: log_reg, learner: NoMerging in 0.19s
[2013-04-09 16:54:33] ERMRec.learning.learning DEBUG  : Merged data has 152 attributes and 4787 examples.
[2013-04-09 16:54:34] ERMRec          INFO   : Scoring measure AUC could not be computed for 22 out of 100 users (22.0%)
[2013-04-09 16:54:34] ERMRec          DEBUG  : Finished fold: 3, base learner: log_reg, learner: MergeAll in 0.13s
[2013-04-09 17:01:46] ERMRec.learning.learning INFO   : Learning data for merged user M(01258,03016) has less than 2 class values. Using DummyClassifier.
[2013-04-09 17:01:46] ERMRec          INFO   : Scoring measure AUC could not be computed for 22 out of 100 users (22.0%)
[2013-04-09 17:01:46] ERMRec          DEBUG  : Finished fold: 3, base learner: log_reg, learner: ERM in 428.60s
[2013-04-09 17:01:47] ERMRec          INFO   : Scoring measure AUC could not be computed for 23 out of 100 users (23.0%)
[2013-04-09 17:01:47] ERMRec          DEBUG  : Finished fold: 4, base learner: log_reg, learner: NoMerging in 0.19s
[2013-04-09 17:01:47] ERMRec.learning.learning DEBUG  : Merged data has 152 attributes and 4803 examples.
[2013-04-09 17:01:47] ERMRec          INFO   : Scoring measure AUC could not be computed for 23 out of 100 users (23.0%)
[2013-04-09 17:01:47] ERMRec          DEBUG  : Finished fold: 4, base learner: log_reg, learner: MergeAll in 0.12s
[2013-04-09 17:10:39] ERMRec          INFO   : Scoring measure AUC could not be computed for 23 out of 100 users (23.0%)
[2013-04-09 17:10:39] ERMRec          DEBUG  : Finished fold: 4, base learner: log_reg, learner: ERM in 527.59s
[2013-04-09 17:10:40] ERMRec          DEBUG  : Successfully pickled the results of base learner: log_reg to file: /home/tadej/ERMRec/results/users-m10-seed58-keep100/bl-log_reg.pkl
[2013-04-09 17:10:40] ERMRec          INFO   : Results of base learner: log_reg are already loaded
