[2013-04-29 11:56:30] PyMTL           DEBUG  : Splitted task '1 vs. other' into 4 sub-tasks.
[2013-04-29 11:56:30] PyMTL           DEBUG  : Splitted task '2 vs. other' into 3 sub-tasks.
[2013-04-29 11:56:30] PyMTL           DEBUG  : Splitted task '3 vs. other' into 4 sub-tasks.
[2013-04-29 11:56:30] PyMTL           DEBUG  : Splitted task '4 vs. other' into 4 sub-tasks.
[2013-04-29 11:56:30] PyMTL           DEBUG  : Splitted task '5 vs. other' into 4 sub-tasks.
[2013-04-29 11:56:30] PyMTL           DEBUG  : Splitted task '6 vs. other' into 5 sub-tasks.
[2013-04-29 11:56:30] PyMTL           DEBUG  : Splitted task '7 vs. other' into 3 sub-tasks.
[2013-04-29 11:56:30] PyMTL           DEBUG  : Splitted task '8 vs. other' into 3 sub-tasks.
[2013-04-29 11:56:30] PyMTL           DEBUG  : Splitted task '9 vs. other' into 5 sub-tasks.
[2013-04-29 11:56:30] PyMTL           DEBUG  : Splitted task '10 vs. other' into 3 sub-tasks.
[2013-04-29 11:56:31] PyMTL           DEBUG  : Finished repetition: 0, base learner: log_reg, learner: NoMerging in 0.90s
[2013-04-29 11:56:31] PyMTL.learning.learning DEBUG  : Merged data has 64 attributes and 10000 examples.
[2013-04-29 11:56:32] PyMTL           DEBUG  : Finished repetition: 0, base learner: log_reg, learner: MergeAll in 0.97s
[2013-04-29 11:56:32] PyMTL.learning.learning DEBUG  : Computing candidate pairs for merging (703 pairs)
[2013-04-29 11:58:09] PyMTL.learning.learning DEBUG  : Processing 56 candidate pairs for merging
[2013-04-29 12:01:13] PyMTL           DEBUG  : Finished repetition: 0, base learner: log_reg, learner: ERM in 279.07s
[2013-04-29 12:01:13] PyMTL           DEBUG  : Splitted task '1 vs. other' into 5 sub-tasks.
[2013-04-29 12:01:13] PyMTL           DEBUG  : Splitted task '2 vs. other' into 5 sub-tasks.
[2013-04-29 12:01:13] PyMTL           DEBUG  : Splitted task '3 vs. other' into 5 sub-tasks.
[2013-04-29 12:01:13] PyMTL           DEBUG  : Splitted task '4 vs. other' into 5 sub-tasks.
[2013-04-29 12:01:13] PyMTL           DEBUG  : Splitted task '5 vs. other' into 4 sub-tasks.
[2013-04-29 12:01:13] PyMTL           DEBUG  : Splitted task '6 vs. other' into 5 sub-tasks.
[2013-04-29 12:01:13] PyMTL           DEBUG  : Splitted task '7 vs. other' into 4 sub-tasks.
[2013-04-29 12:01:13] PyMTL           DEBUG  : Splitted task '8 vs. other' into 4 sub-tasks.
[2013-04-29 12:01:13] PyMTL           DEBUG  : Splitted task '9 vs. other' into 4 sub-tasks.
[2013-04-29 12:01:13] PyMTL           DEBUG  : Splitted task '10 vs. other' into 5 sub-tasks.
[2013-04-29 12:01:14] PyMTL           DEBUG  : Finished repetition: 1, base learner: log_reg, learner: NoMerging in 1.05s
[2013-04-29 12:01:14] PyMTL.learning.learning DEBUG  : Merged data has 64 attributes and 10000 examples.
[2013-04-29 12:01:15] PyMTL           DEBUG  : Finished repetition: 1, base learner: log_reg, learner: MergeAll in 1.13s
[2013-04-29 12:01:15] PyMTL.learning.learning DEBUG  : Computing candidate pairs for merging (1035 pairs)
[2013-04-29 12:03:12] PyMTL.learning.learning DEBUG  : Processing 80 candidate pairs for merging
[2013-04-29 12:07:02] PyMTL           DEBUG  : Finished repetition: 1, base learner: log_reg, learner: ERM in 344.53s
[2013-04-29 12:07:02] PyMTL           DEBUG  : Splitted task '1 vs. other' into 4 sub-tasks.
[2013-04-29 12:07:02] PyMTL           DEBUG  : Splitted task '2 vs. other' into 5 sub-tasks.
[2013-04-29 12:07:02] PyMTL           DEBUG  : Splitted task '3 vs. other' into 5 sub-tasks.
[2013-04-29 12:07:02] PyMTL           DEBUG  : Splitted task '4 vs. other' into 3 sub-tasks.
[2013-04-29 12:07:02] PyMTL           DEBUG  : Splitted task '5 vs. other' into 4 sub-tasks.
[2013-04-29 12:07:02] PyMTL           DEBUG  : Splitted task '6 vs. other' into 5 sub-tasks.
[2013-04-29 12:07:02] PyMTL           DEBUG  : Splitted task '7 vs. other' into 5 sub-tasks.
[2013-04-29 12:07:02] PyMTL           DEBUG  : Splitted task '8 vs. other' into 4 sub-tasks.
[2013-04-29 12:07:02] PyMTL           DEBUG  : Splitted task '9 vs. other' into 4 sub-tasks.
[2013-04-29 12:07:02] PyMTL           DEBUG  : Splitted task '10 vs. other' into 4 sub-tasks.
[2013-04-29 12:07:03] PyMTL           DEBUG  : Finished repetition: 2, base learner: log_reg, learner: NoMerging in 1.00s
[2013-04-29 12:07:03] PyMTL.learning.learning DEBUG  : Merged data has 64 attributes and 10000 examples.
[2013-04-29 12:07:04] PyMTL           DEBUG  : Finished repetition: 2, base learner: log_reg, learner: MergeAll in 1.03s
[2013-04-29 12:07:04] PyMTL.learning.learning DEBUG  : Computing candidate pairs for merging (903 pairs)
[2013-04-29 12:08:53] PyMTL.learning.learning DEBUG  : Processing 72 candidate pairs for merging
[2013-04-29 12:12:29] PyMTL           DEBUG  : Finished repetition: 2, base learner: log_reg, learner: ERM in 321.84s
[2013-04-29 12:12:29] PyMTL           DEBUG  : Splitted task '1 vs. other' into 4 sub-tasks.
[2013-04-29 12:12:29] PyMTL           DEBUG  : Splitted task '2 vs. other' into 4 sub-tasks.
[2013-04-29 12:12:29] PyMTL           DEBUG  : Splitted task '3 vs. other' into 4 sub-tasks.
[2013-04-29 12:12:29] PyMTL           DEBUG  : Splitted task '4 vs. other' into 4 sub-tasks.
[2013-04-29 12:12:29] PyMTL           DEBUG  : Splitted task '5 vs. other' into 3 sub-tasks.
[2013-04-29 12:12:29] PyMTL           DEBUG  : Splitted task '6 vs. other' into 5 sub-tasks.
[2013-04-29 12:12:29] PyMTL           DEBUG  : Splitted task '7 vs. other' into 5 sub-tasks.
[2013-04-29 12:12:29] PyMTL           DEBUG  : Splitted task '8 vs. other' into 5 sub-tasks.
[2013-04-29 12:12:29] PyMTL           DEBUG  : Splitted task '9 vs. other' into 5 sub-tasks.
[2013-04-29 12:12:29] PyMTL           DEBUG  : Splitted task '10 vs. other' into 4 sub-tasks.
[2013-04-29 12:12:30] PyMTL           DEBUG  : Finished repetition: 3, base learner: log_reg, learner: NoMerging in 1.00s
[2013-04-29 12:12:30] PyMTL.learning.learning DEBUG  : Merged data has 64 attributes and 10000 examples.
[2013-04-29 12:12:31] PyMTL           DEBUG  : Finished repetition: 3, base learner: log_reg, learner: MergeAll in 1.05s
[2013-04-29 12:12:31] PyMTL.learning.learning DEBUG  : Computing candidate pairs for merging (903 pairs)
[2013-04-29 12:14:20] PyMTL.learning.learning DEBUG  : Processing 73 candidate pairs for merging
[2013-04-29 12:17:54] PyMTL           DEBUG  : Finished repetition: 3, base learner: log_reg, learner: ERM in 321.04s
[2013-04-29 12:17:54] PyMTL           DEBUG  : Splitted task '1 vs. other' into 4 sub-tasks.
[2013-04-29 12:17:54] PyMTL           DEBUG  : Splitted task '2 vs. other' into 3 sub-tasks.
[2013-04-29 12:17:54] PyMTL           DEBUG  : Splitted task '3 vs. other' into 3 sub-tasks.
[2013-04-29 12:17:54] PyMTL           DEBUG  : Splitted task '4 vs. other' into 4 sub-tasks.
[2013-04-29 12:17:54] PyMTL           DEBUG  : Splitted task '5 vs. other' into 3 sub-tasks.
[2013-04-29 12:17:54] PyMTL           DEBUG  : Splitted task '6 vs. other' into 5 sub-tasks.
[2013-04-29 12:17:54] PyMTL           DEBUG  : Splitted task '7 vs. other' into 5 sub-tasks.
[2013-04-29 12:17:54] PyMTL           DEBUG  : Splitted task '8 vs. other' into 4 sub-tasks.
[2013-04-29 12:17:54] PyMTL           DEBUG  : Splitted task '9 vs. other' into 5 sub-tasks.
[2013-04-29 12:17:54] PyMTL           DEBUG  : Splitted task '10 vs. other' into 5 sub-tasks.
[2013-04-29 12:17:55] PyMTL           DEBUG  : Finished repetition: 4, base learner: log_reg, learner: NoMerging in 0.96s
[2013-04-29 12:17:55] PyMTL.learning.learning DEBUG  : Merged data has 64 attributes and 10000 examples.
[2013-04-29 12:17:56] PyMTL           DEBUG  : Finished repetition: 4, base learner: log_reg, learner: MergeAll in 1.02s
[2013-04-29 12:17:56] PyMTL.learning.learning DEBUG  : Computing candidate pairs for merging (820 pairs)
[2013-04-29 12:19:40] PyMTL.learning.learning DEBUG  : Processing 67 candidate pairs for merging
[2013-04-29 12:22:59] PyMTL           DEBUG  : Finished repetition: 4, base learner: log_reg, learner: ERM in 300.36s
[2013-04-29 12:22:59] PyMTL           DEBUG  : Splitted task '1 vs. other' into 5 sub-tasks.
[2013-04-29 12:22:59] PyMTL           DEBUG  : Splitted task '2 vs. other' into 5 sub-tasks.
[2013-04-29 12:22:59] PyMTL           DEBUG  : Splitted task '3 vs. other' into 4 sub-tasks.
[2013-04-29 12:22:59] PyMTL           DEBUG  : Splitted task '4 vs. other' into 4 sub-tasks.
[2013-04-29 12:22:59] PyMTL           DEBUG  : Splitted task '5 vs. other' into 5 sub-tasks.
[2013-04-29 12:22:59] PyMTL           DEBUG  : Splitted task '6 vs. other' into 3 sub-tasks.
[2013-04-29 12:22:59] PyMTL           DEBUG  : Splitted task '7 vs. other' into 3 sub-tasks.
[2013-04-29 12:22:59] PyMTL           DEBUG  : Splitted task '8 vs. other' into 4 sub-tasks.
[2013-04-29 12:22:59] PyMTL           DEBUG  : Splitted task '9 vs. other' into 3 sub-tasks.
[2013-04-29 12:22:59] PyMTL           DEBUG  : Splitted task '10 vs. other' into 5 sub-tasks.
[2013-04-29 12:23:00] PyMTL           DEBUG  : Finished repetition: 5, base learner: log_reg, learner: NoMerging in 0.96s
[2013-04-29 12:23:00] PyMTL.learning.learning DEBUG  : Merged data has 64 attributes and 10000 examples.
[2013-04-29 12:23:01] PyMTL           DEBUG  : Finished repetition: 5, base learner: log_reg, learner: MergeAll in 1.01s
[2013-04-29 12:23:01] PyMTL.learning.learning DEBUG  : Computing candidate pairs for merging (820 pairs)
[2013-04-29 12:24:44] PyMTL.learning.learning DEBUG  : Processing 67 candidate pairs for merging
[2013-04-29 12:28:05] PyMTL           DEBUG  : Finished repetition: 5, base learner: log_reg, learner: ERM in 301.82s
[2013-04-29 12:28:05] PyMTL           DEBUG  : Splitted task '1 vs. other' into 4 sub-tasks.
[2013-04-29 12:28:05] PyMTL           DEBUG  : Splitted task '2 vs. other' into 4 sub-tasks.
[2013-04-29 12:28:05] PyMTL           DEBUG  : Splitted task '3 vs. other' into 4 sub-tasks.
[2013-04-29 12:28:05] PyMTL           DEBUG  : Splitted task '4 vs. other' into 5 sub-tasks.
[2013-04-29 12:28:05] PyMTL           DEBUG  : Splitted task '5 vs. other' into 3 sub-tasks.
[2013-04-29 12:28:05] PyMTL           DEBUG  : Splitted task '6 vs. other' into 5 sub-tasks.
[2013-04-29 12:28:05] PyMTL           DEBUG  : Splitted task '7 vs. other' into 5 sub-tasks.
[2013-04-29 12:28:05] PyMTL           DEBUG  : Splitted task '8 vs. other' into 3 sub-tasks.
[2013-04-29 12:28:05] PyMTL           DEBUG  : Splitted task '9 vs. other' into 3 sub-tasks.
[2013-04-29 12:28:05] PyMTL           DEBUG  : Splitted task '10 vs. other' into 3 sub-tasks.
[2013-04-29 12:28:06] PyMTL           DEBUG  : Finished repetition: 6, base learner: log_reg, learner: NoMerging in 0.92s
[2013-04-29 12:28:06] PyMTL.learning.learning DEBUG  : Merged data has 64 attributes and 10000 examples.
[2013-04-29 12:28:07] PyMTL           DEBUG  : Finished repetition: 6, base learner: log_reg, learner: MergeAll in 0.97s
[2013-04-29 12:28:07] PyMTL.learning.learning DEBUG  : Computing candidate pairs for merging (741 pairs)
[2013-04-29 12:29:46] PyMTL.learning.learning DEBUG  : Processing 60 candidate pairs for merging
[2013-04-29 12:32:54] PyMTL           DEBUG  : Finished repetition: 6, base learner: log_reg, learner: ERM in 285.37s
[2013-04-29 12:32:54] PyMTL           DEBUG  : Splitted task '1 vs. other' into 4 sub-tasks.
[2013-04-29 12:32:54] PyMTL           DEBUG  : Splitted task '2 vs. other' into 5 sub-tasks.
[2013-04-29 12:32:54] PyMTL           DEBUG  : Splitted task '3 vs. other' into 4 sub-tasks.
[2013-04-29 12:32:54] PyMTL           DEBUG  : Splitted task '4 vs. other' into 4 sub-tasks.
[2013-04-29 12:32:54] PyMTL           DEBUG  : Splitted task '5 vs. other' into 3 sub-tasks.
[2013-04-29 12:32:54] PyMTL           DEBUG  : Splitted task '6 vs. other' into 3 sub-tasks.
[2013-04-29 12:32:54] PyMTL           DEBUG  : Splitted task '7 vs. other' into 3 sub-tasks.
[2013-04-29 12:32:54] PyMTL           DEBUG  : Splitted task '8 vs. other' into 4 sub-tasks.
[2013-04-29 12:32:54] PyMTL           DEBUG  : Splitted task '9 vs. other' into 5 sub-tasks.
[2013-04-29 12:32:54] PyMTL           DEBUG  : Splitted task '10 vs. other' into 5 sub-tasks.
[2013-04-29 12:32:55] PyMTL           DEBUG  : Finished repetition: 7, base learner: log_reg, learner: NoMerging in 0.94s
[2013-04-29 12:32:55] PyMTL.learning.learning DEBUG  : Merged data has 64 attributes and 10000 examples.
[2013-04-29 12:32:56] PyMTL           DEBUG  : Finished repetition: 7, base learner: log_reg, learner: MergeAll in 1.01s
[2013-04-29 12:32:56] PyMTL.learning.learning DEBUG  : Computing candidate pairs for merging (780 pairs)
[2013-04-29 12:34:37] PyMTL.learning.learning DEBUG  : Processing 61 candidate pairs for merging
[2013-04-29 12:37:53] PyMTL           DEBUG  : Finished repetition: 7, base learner: log_reg, learner: ERM in 294.25s
[2013-04-29 12:37:53] PyMTL           DEBUG  : Splitted task '1 vs. other' into 4 sub-tasks.
[2013-04-29 12:37:53] PyMTL           DEBUG  : Splitted task '2 vs. other' into 4 sub-tasks.
[2013-04-29 12:37:53] PyMTL           DEBUG  : Splitted task '3 vs. other' into 5 sub-tasks.
[2013-04-29 12:37:53] PyMTL           DEBUG  : Splitted task '4 vs. other' into 4 sub-tasks.
[2013-04-29 12:37:53] PyMTL           DEBUG  : Splitted task '5 vs. other' into 3 sub-tasks.
[2013-04-29 12:37:53] PyMTL           DEBUG  : Splitted task '6 vs. other' into 5 sub-tasks.
[2013-04-29 12:37:53] PyMTL           DEBUG  : Splitted task '7 vs. other' into 5 sub-tasks.
[2013-04-29 12:37:53] PyMTL           DEBUG  : Splitted task '8 vs. other' into 3 sub-tasks.
[2013-04-29 12:37:53] PyMTL           DEBUG  : Splitted task '9 vs. other' into 5 sub-tasks.
[2013-04-29 12:37:53] PyMTL           DEBUG  : Splitted task '10 vs. other' into 4 sub-tasks.
[2013-04-29 12:37:54] PyMTL           DEBUG  : Finished repetition: 8, base learner: log_reg, learner: NoMerging in 0.97s
[2013-04-29 12:37:54] PyMTL.learning.learning DEBUG  : Merged data has 64 attributes and 10000 examples.
[2013-04-29 12:37:55] PyMTL           DEBUG  : Finished repetition: 8, base learner: log_reg, learner: MergeAll in 1.05s
[2013-04-29 12:37:55] PyMTL.learning.learning DEBUG  : Computing candidate pairs for merging (861 pairs)
[2013-04-29 12:39:41] PyMTL.learning.learning DEBUG  : Processing 69 candidate pairs for merging
[2013-04-29 12:42:57] PyMTL           DEBUG  : Finished repetition: 8, base learner: log_reg, learner: ERM in 300.24s
[2013-04-29 12:42:57] PyMTL           DEBUG  : Splitted task '1 vs. other' into 5 sub-tasks.
[2013-04-29 12:42:57] PyMTL           DEBUG  : Splitted task '2 vs. other' into 5 sub-tasks.
[2013-04-29 12:42:57] PyMTL           DEBUG  : Splitted task '3 vs. other' into 4 sub-tasks.
[2013-04-29 12:42:57] PyMTL           DEBUG  : Splitted task '4 vs. other' into 4 sub-tasks.
[2013-04-29 12:42:57] PyMTL           DEBUG  : Splitted task '5 vs. other' into 3 sub-tasks.
[2013-04-29 12:42:57] PyMTL           DEBUG  : Splitted task '6 vs. other' into 5 sub-tasks.
[2013-04-29 12:42:57] PyMTL           DEBUG  : Splitted task '7 vs. other' into 4 sub-tasks.
[2013-04-29 12:42:57] PyMTL           DEBUG  : Splitted task '8 vs. other' into 3 sub-tasks.
[2013-04-29 12:42:57] PyMTL           DEBUG  : Splitted task '9 vs. other' into 5 sub-tasks.
[2013-04-29 12:42:57] PyMTL           DEBUG  : Splitted task '10 vs. other' into 3 sub-tasks.
[2013-04-29 12:42:58] PyMTL           DEBUG  : Finished repetition: 9, base learner: log_reg, learner: NoMerging in 0.97s
[2013-04-29 12:42:58] PyMTL.learning.learning DEBUG  : Merged data has 64 attributes and 10000 examples.
[2013-04-29 12:42:59] PyMTL           DEBUG  : Finished repetition: 9, base learner: log_reg, learner: MergeAll in 1.03s
[2013-04-29 12:42:59] PyMTL.learning.learning DEBUG  : Computing candidate pairs for merging (820 pairs)
[2013-04-29 12:44:43] PyMTL.learning.learning DEBUG  : Processing 65 candidate pairs for merging
[2013-04-29 12:48:06] PyMTL           DEBUG  : Finished repetition: 9, base learner: log_reg, learner: ERM in 304.89s
[2013-04-29 12:48:06] PyMTL           DEBUG  : Successfully pickled the results of base learner: log_reg to file: /home/tadej/PyMTL/results/usps_digits-seed51-repeats10-subtasks3_5/bl-log_reg.pkl
