[2013-04-30 12:26:01] PyMTL           DEBUG  : Splitted task '0 vs. others' into 4 sub-tasks.
[2013-04-30 12:26:01] PyMTL           DEBUG  : Splitted task '1 vs. others' into 3 sub-tasks.
[2013-04-30 12:26:01] PyMTL           DEBUG  : Splitted task '2 vs. others' into 4 sub-tasks.
[2013-04-30 12:26:01] PyMTL           DEBUG  : Splitted task '3 vs. others' into 4 sub-tasks.
[2013-04-30 12:26:01] PyMTL           DEBUG  : Splitted task '4 vs. others' into 4 sub-tasks.
[2013-04-30 12:26:01] PyMTL           DEBUG  : Splitted task '5 vs. others' into 5 sub-tasks.
[2013-04-30 12:26:01] PyMTL           DEBUG  : Splitted task '6 vs. others' into 3 sub-tasks.
[2013-04-30 12:26:01] PyMTL           DEBUG  : Splitted task '7 vs. others' into 3 sub-tasks.
[2013-04-30 12:26:01] PyMTL           DEBUG  : Splitted task '8 vs. others' into 5 sub-tasks.
[2013-04-30 12:26:01] PyMTL           DEBUG  : Splitted task '9 vs. others' into 3 sub-tasks.
[2013-04-30 12:26:02] PyMTL           DEBUG  : Finished repetition: 0, base learner: log_reg, learner: NoMerging in 0.60s
[2013-04-30 12:26:02] PyMTL.learning.learning DEBUG  : Merged data has 64 attributes and 10000 examples.
[2013-04-30 12:26:03] PyMTL           DEBUG  : Finished repetition: 0, base learner: log_reg, learner: MergeAll in 0.69s
[2013-04-30 12:26:03] PyMTL.learning.learning DEBUG  : Computing candidate pairs for merging (703 pairs)
[2013-04-30 12:27:01] PyMTL.learning.learning DEBUG  : Processing 56 candidate pairs for merging
[2013-04-30 12:28:50] PyMTL           DEBUG  : Finished repetition: 0, base learner: log_reg, learner: ERM in 166.96s
[2013-04-30 12:28:50] PyMTL           DEBUG  : Splitted task '0 vs. others' into 5 sub-tasks.
[2013-04-30 12:28:50] PyMTL           DEBUG  : Splitted task '1 vs. others' into 5 sub-tasks.
[2013-04-30 12:28:50] PyMTL           DEBUG  : Splitted task '2 vs. others' into 5 sub-tasks.
[2013-04-30 12:28:50] PyMTL           DEBUG  : Splitted task '3 vs. others' into 5 sub-tasks.
[2013-04-30 12:28:50] PyMTL           DEBUG  : Splitted task '4 vs. others' into 4 sub-tasks.
[2013-04-30 12:28:50] PyMTL           DEBUG  : Splitted task '5 vs. others' into 5 sub-tasks.
[2013-04-30 12:28:50] PyMTL           DEBUG  : Splitted task '6 vs. others' into 4 sub-tasks.
[2013-04-30 12:28:50] PyMTL           DEBUG  : Splitted task '7 vs. others' into 4 sub-tasks.
[2013-04-30 12:28:50] PyMTL           DEBUG  : Splitted task '8 vs. others' into 4 sub-tasks.
[2013-04-30 12:28:50] PyMTL           DEBUG  : Splitted task '9 vs. others' into 5 sub-tasks.
[2013-04-30 12:28:51] PyMTL           DEBUG  : Finished repetition: 1, base learner: log_reg, learner: NoMerging in 0.72s
[2013-04-30 12:28:51] PyMTL.learning.learning DEBUG  : Merged data has 64 attributes and 10000 examples.
[2013-04-30 12:28:52] PyMTL           DEBUG  : Finished repetition: 1, base learner: log_reg, learner: MergeAll in 0.82s
[2013-04-30 12:28:52] PyMTL.learning.learning DEBUG  : Computing candidate pairs for merging (1035 pairs)
[2013-04-30 12:30:04] PyMTL.learning.learning DEBUG  : Processing 80 candidate pairs for merging
[2013-04-30 12:32:23] PyMTL           DEBUG  : Finished repetition: 1, base learner: log_reg, learner: ERM in 209.59s
[2013-04-30 12:32:23] PyMTL           DEBUG  : Splitted task '0 vs. others' into 4 sub-tasks.
[2013-04-30 12:32:23] PyMTL           DEBUG  : Splitted task '1 vs. others' into 5 sub-tasks.
[2013-04-30 12:32:23] PyMTL           DEBUG  : Splitted task '2 vs. others' into 5 sub-tasks.
[2013-04-30 12:32:23] PyMTL           DEBUG  : Splitted task '3 vs. others' into 3 sub-tasks.
[2013-04-30 12:32:23] PyMTL           DEBUG  : Splitted task '4 vs. others' into 4 sub-tasks.
[2013-04-30 12:32:23] PyMTL           DEBUG  : Splitted task '5 vs. others' into 5 sub-tasks.
[2013-04-30 12:32:23] PyMTL           DEBUG  : Splitted task '6 vs. others' into 5 sub-tasks.
[2013-04-30 12:32:23] PyMTL           DEBUG  : Splitted task '7 vs. others' into 4 sub-tasks.
[2013-04-30 12:32:23] PyMTL           DEBUG  : Splitted task '8 vs. others' into 4 sub-tasks.
[2013-04-30 12:32:23] PyMTL           DEBUG  : Splitted task '9 vs. others' into 4 sub-tasks.
[2013-04-30 12:32:24] PyMTL           DEBUG  : Finished repetition: 2, base learner: log_reg, learner: NoMerging in 0.68s
[2013-04-30 12:32:24] PyMTL.learning.learning DEBUG  : Merged data has 64 attributes and 10000 examples.
[2013-04-30 12:32:24] PyMTL           DEBUG  : Finished repetition: 2, base learner: log_reg, learner: MergeAll in 0.73s
[2013-04-30 12:32:24] PyMTL.learning.learning DEBUG  : Computing candidate pairs for merging (903 pairs)
[2013-04-30 12:33:30] PyMTL.learning.learning DEBUG  : Processing 72 candidate pairs for merging
[2013-04-30 12:35:38] PyMTL           DEBUG  : Finished repetition: 2, base learner: log_reg, learner: ERM in 192.46s
[2013-04-30 12:35:38] PyMTL           DEBUG  : Splitted task '0 vs. others' into 4 sub-tasks.
[2013-04-30 12:35:38] PyMTL           DEBUG  : Splitted task '1 vs. others' into 4 sub-tasks.
[2013-04-30 12:35:38] PyMTL           DEBUG  : Splitted task '2 vs. others' into 4 sub-tasks.
[2013-04-30 12:35:38] PyMTL           DEBUG  : Splitted task '3 vs. others' into 4 sub-tasks.
[2013-04-30 12:35:38] PyMTL           DEBUG  : Splitted task '4 vs. others' into 3 sub-tasks.
[2013-04-30 12:35:38] PyMTL           DEBUG  : Splitted task '5 vs. others' into 5 sub-tasks.
[2013-04-30 12:35:38] PyMTL           DEBUG  : Splitted task '6 vs. others' into 5 sub-tasks.
[2013-04-30 12:35:38] PyMTL           DEBUG  : Splitted task '7 vs. others' into 5 sub-tasks.
[2013-04-30 12:35:38] PyMTL           DEBUG  : Splitted task '8 vs. others' into 5 sub-tasks.
[2013-04-30 12:35:38] PyMTL           DEBUG  : Splitted task '9 vs. others' into 4 sub-tasks.
[2013-04-30 12:35:38] PyMTL           DEBUG  : Finished repetition: 3, base learner: log_reg, learner: NoMerging in 0.68s
[2013-04-30 12:35:38] PyMTL.learning.learning DEBUG  : Merged data has 64 attributes and 10000 examples.
[2013-04-30 12:35:39] PyMTL           DEBUG  : Finished repetition: 3, base learner: log_reg, learner: MergeAll in 0.74s
[2013-04-30 12:35:39] PyMTL.learning.learning DEBUG  : Computing candidate pairs for merging (903 pairs)
[2013-04-30 12:36:45] PyMTL.learning.learning DEBUG  : Processing 73 candidate pairs for merging
[2013-04-30 12:38:53] PyMTL           DEBUG  : Finished repetition: 3, base learner: log_reg, learner: ERM in 192.38s
[2013-04-30 12:38:53] PyMTL           DEBUG  : Splitted task '0 vs. others' into 4 sub-tasks.
[2013-04-30 12:38:53] PyMTL           DEBUG  : Splitted task '1 vs. others' into 3 sub-tasks.
[2013-04-30 12:38:53] PyMTL           DEBUG  : Splitted task '2 vs. others' into 3 sub-tasks.
[2013-04-30 12:38:53] PyMTL           DEBUG  : Splitted task '3 vs. others' into 4 sub-tasks.
[2013-04-30 12:38:53] PyMTL           DEBUG  : Splitted task '4 vs. others' into 3 sub-tasks.
[2013-04-30 12:38:53] PyMTL           DEBUG  : Splitted task '5 vs. others' into 5 sub-tasks.
[2013-04-30 12:38:53] PyMTL           DEBUG  : Splitted task '6 vs. others' into 5 sub-tasks.
[2013-04-30 12:38:53] PyMTL           DEBUG  : Splitted task '7 vs. others' into 4 sub-tasks.
[2013-04-30 12:38:53] PyMTL           DEBUG  : Splitted task '8 vs. others' into 5 sub-tasks.
[2013-04-30 12:38:53] PyMTL           DEBUG  : Splitted task '9 vs. others' into 5 sub-tasks.
[2013-04-30 12:38:53] PyMTL           DEBUG  : Finished repetition: 4, base learner: log_reg, learner: NoMerging in 0.65s
[2013-04-30 12:38:53] PyMTL.learning.learning DEBUG  : Merged data has 64 attributes and 10000 examples.
[2013-04-30 12:38:54] PyMTL           DEBUG  : Finished repetition: 4, base learner: log_reg, learner: MergeAll in 0.71s
[2013-04-30 12:38:54] PyMTL.learning.learning DEBUG  : Computing candidate pairs for merging (820 pairs)
[2013-04-30 12:39:58] PyMTL.learning.learning DEBUG  : Processing 67 candidate pairs for merging
[2013-04-30 12:42:00] PyMTL           DEBUG  : Finished repetition: 4, base learner: log_reg, learner: ERM in 184.61s
[2013-04-30 12:42:00] PyMTL           DEBUG  : Splitted task '0 vs. others' into 5 sub-tasks.
[2013-04-30 12:42:00] PyMTL           DEBUG  : Splitted task '1 vs. others' into 5 sub-tasks.
[2013-04-30 12:42:00] PyMTL           DEBUG  : Splitted task '2 vs. others' into 4 sub-tasks.
[2013-04-30 12:42:00] PyMTL           DEBUG  : Splitted task '3 vs. others' into 4 sub-tasks.
[2013-04-30 12:42:00] PyMTL           DEBUG  : Splitted task '4 vs. others' into 5 sub-tasks.
[2013-04-30 12:42:00] PyMTL           DEBUG  : Splitted task '5 vs. others' into 3 sub-tasks.
[2013-04-30 12:42:00] PyMTL           DEBUG  : Splitted task '6 vs. others' into 3 sub-tasks.
[2013-04-30 12:42:00] PyMTL           DEBUG  : Splitted task '7 vs. others' into 4 sub-tasks.
[2013-04-30 12:42:00] PyMTL           DEBUG  : Splitted task '8 vs. others' into 3 sub-tasks.
[2013-04-30 12:42:00] PyMTL           DEBUG  : Splitted task '9 vs. others' into 5 sub-tasks.
[2013-04-30 12:42:00] PyMTL           DEBUG  : Finished repetition: 5, base learner: log_reg, learner: NoMerging in 0.67s
[2013-04-30 12:42:00] PyMTL.learning.learning DEBUG  : Merged data has 64 attributes and 10000 examples.
[2013-04-30 12:42:01] PyMTL           DEBUG  : Finished repetition: 5, base learner: log_reg, learner: MergeAll in 0.73s
[2013-04-30 12:42:01] PyMTL.learning.learning DEBUG  : Computing candidate pairs for merging (820 pairs)
[2013-04-30 12:43:05] PyMTL.learning.learning DEBUG  : Processing 67 candidate pairs for merging
[2013-04-30 12:45:11] PyMTL           DEBUG  : Finished repetition: 5, base learner: log_reg, learner: ERM in 188.59s
[2013-04-30 12:45:11] PyMTL           DEBUG  : Splitted task '0 vs. others' into 4 sub-tasks.
[2013-04-30 12:45:11] PyMTL           DEBUG  : Splitted task '1 vs. others' into 4 sub-tasks.
[2013-04-30 12:45:11] PyMTL           DEBUG  : Splitted task '2 vs. others' into 4 sub-tasks.
[2013-04-30 12:45:11] PyMTL           DEBUG  : Splitted task '3 vs. others' into 5 sub-tasks.
[2013-04-30 12:45:11] PyMTL           DEBUG  : Splitted task '4 vs. others' into 3 sub-tasks.
[2013-04-30 12:45:11] PyMTL           DEBUG  : Splitted task '5 vs. others' into 5 sub-tasks.
[2013-04-30 12:45:11] PyMTL           DEBUG  : Splitted task '6 vs. others' into 5 sub-tasks.
[2013-04-30 12:45:11] PyMTL           DEBUG  : Splitted task '7 vs. others' into 3 sub-tasks.
[2013-04-30 12:45:11] PyMTL           DEBUG  : Splitted task '8 vs. others' into 3 sub-tasks.
[2013-04-30 12:45:11] PyMTL           DEBUG  : Splitted task '9 vs. others' into 3 sub-tasks.
[2013-04-30 12:45:12] PyMTL           DEBUG  : Finished repetition: 6, base learner: log_reg, learner: NoMerging in 0.64s
[2013-04-30 12:45:12] PyMTL.learning.learning DEBUG  : Merged data has 64 attributes and 10000 examples.
[2013-04-30 12:45:12] PyMTL           DEBUG  : Finished repetition: 6, base learner: log_reg, learner: MergeAll in 0.70s
[2013-04-30 12:45:12] PyMTL.learning.learning DEBUG  : Computing candidate pairs for merging (741 pairs)
[2013-04-30 12:46:12] PyMTL.learning.learning DEBUG  : Processing 60 candidate pairs for merging
[2013-04-30 12:48:06] PyMTL           DEBUG  : Finished repetition: 6, base learner: log_reg, learner: ERM in 172.89s
[2013-04-30 12:48:06] PyMTL           DEBUG  : Splitted task '0 vs. others' into 4 sub-tasks.
[2013-04-30 12:48:06] PyMTL           DEBUG  : Splitted task '1 vs. others' into 5 sub-tasks.
[2013-04-30 12:48:06] PyMTL           DEBUG  : Splitted task '2 vs. others' into 4 sub-tasks.
[2013-04-30 12:48:06] PyMTL           DEBUG  : Splitted task '3 vs. others' into 4 sub-tasks.
[2013-04-30 12:48:06] PyMTL           DEBUG  : Splitted task '4 vs. others' into 3 sub-tasks.
[2013-04-30 12:48:06] PyMTL           DEBUG  : Splitted task '5 vs. others' into 3 sub-tasks.
[2013-04-30 12:48:06] PyMTL           DEBUG  : Splitted task '6 vs. others' into 3 sub-tasks.
[2013-04-30 12:48:06] PyMTL           DEBUG  : Splitted task '7 vs. others' into 4 sub-tasks.
[2013-04-30 12:48:06] PyMTL           DEBUG  : Splitted task '8 vs. others' into 5 sub-tasks.
[2013-04-30 12:48:06] PyMTL           DEBUG  : Splitted task '9 vs. others' into 5 sub-tasks.
[2013-04-30 12:48:07] PyMTL           DEBUG  : Finished repetition: 7, base learner: log_reg, learner: NoMerging in 0.64s
[2013-04-30 12:48:07] PyMTL.learning.learning DEBUG  : Merged data has 64 attributes and 10000 examples.
[2013-04-30 12:48:08] PyMTL           DEBUG  : Finished repetition: 7, base learner: log_reg, learner: MergeAll in 0.71s
[2013-04-30 12:48:08] PyMTL.learning.learning DEBUG  : Computing candidate pairs for merging (780 pairs)
[2013-04-30 12:49:09] PyMTL.learning.learning DEBUG  : Processing 61 candidate pairs for merging
[2013-04-30 12:51:02] PyMTL           DEBUG  : Finished repetition: 7, base learner: log_reg, learner: ERM in 173.47s
[2013-04-30 12:51:02] PyMTL           DEBUG  : Splitted task '0 vs. others' into 4 sub-tasks.
[2013-04-30 12:51:02] PyMTL           DEBUG  : Splitted task '1 vs. others' into 4 sub-tasks.
[2013-04-30 12:51:02] PyMTL           DEBUG  : Splitted task '2 vs. others' into 5 sub-tasks.
[2013-04-30 12:51:02] PyMTL           DEBUG  : Splitted task '3 vs. others' into 4 sub-tasks.
[2013-04-30 12:51:02] PyMTL           DEBUG  : Splitted task '4 vs. others' into 3 sub-tasks.
[2013-04-30 12:51:02] PyMTL           DEBUG  : Splitted task '5 vs. others' into 5 sub-tasks.
[2013-04-30 12:51:02] PyMTL           DEBUG  : Splitted task '6 vs. others' into 5 sub-tasks.
[2013-04-30 12:51:02] PyMTL           DEBUG  : Splitted task '7 vs. others' into 3 sub-tasks.
[2013-04-30 12:51:02] PyMTL           DEBUG  : Splitted task '8 vs. others' into 5 sub-tasks.
[2013-04-30 12:51:02] PyMTL           DEBUG  : Splitted task '9 vs. others' into 4 sub-tasks.
[2013-04-30 12:51:03] PyMTL           DEBUG  : Finished repetition: 8, base learner: log_reg, learner: NoMerging in 0.68s
[2013-04-30 12:51:03] PyMTL.learning.learning DEBUG  : Merged data has 64 attributes and 10000 examples.
[2013-04-30 12:51:03] PyMTL           DEBUG  : Finished repetition: 8, base learner: log_reg, learner: MergeAll in 0.76s
[2013-04-30 12:51:03] PyMTL.learning.learning DEBUG  : Computing candidate pairs for merging (861 pairs)
[2013-04-30 12:52:09] PyMTL.learning.learning DEBUG  : Processing 69 candidate pairs for merging
[2013-04-30 12:54:14] PyMTL           DEBUG  : Finished repetition: 8, base learner: log_reg, learner: ERM in 189.00s
[2013-04-30 12:54:14] PyMTL           DEBUG  : Splitted task '0 vs. others' into 5 sub-tasks.
[2013-04-30 12:54:14] PyMTL           DEBUG  : Splitted task '1 vs. others' into 5 sub-tasks.
[2013-04-30 12:54:14] PyMTL           DEBUG  : Splitted task '2 vs. others' into 4 sub-tasks.
[2013-04-30 12:54:14] PyMTL           DEBUG  : Splitted task '3 vs. others' into 4 sub-tasks.
[2013-04-30 12:54:14] PyMTL           DEBUG  : Splitted task '4 vs. others' into 3 sub-tasks.
[2013-04-30 12:54:14] PyMTL           DEBUG  : Splitted task '5 vs. others' into 5 sub-tasks.
[2013-04-30 12:54:14] PyMTL           DEBUG  : Splitted task '6 vs. others' into 4 sub-tasks.
[2013-04-30 12:54:14] PyMTL           DEBUG  : Splitted task '7 vs. others' into 3 sub-tasks.
[2013-04-30 12:54:14] PyMTL           DEBUG  : Splitted task '8 vs. others' into 5 sub-tasks.
[2013-04-30 12:54:14] PyMTL           DEBUG  : Splitted task '9 vs. others' into 3 sub-tasks.
[2013-04-30 12:54:14] PyMTL           DEBUG  : Finished repetition: 9, base learner: log_reg, learner: NoMerging in 0.66s
[2013-04-30 12:54:14] PyMTL.learning.learning DEBUG  : Merged data has 64 attributes and 10000 examples.
[2013-04-30 12:54:15] PyMTL           DEBUG  : Finished repetition: 9, base learner: log_reg, learner: MergeAll in 0.73s
[2013-04-30 12:54:15] PyMTL.learning.learning DEBUG  : Computing candidate pairs for merging (820 pairs)
[2013-04-30 12:55:19] PyMTL.learning.learning DEBUG  : Processing 65 candidate pairs for merging
[2013-04-30 12:57:25] PyMTL           DEBUG  : Finished repetition: 9, base learner: log_reg, learner: ERM in 189.14s
[2013-04-30 12:57:25] PyMTL           DEBUG  : Successfully pickled the results of base learner: log_reg to file: /home/tadej/Workspace/PyMTL/results/usps_digits-seed51-repeats10-subtasks3_5/bl-log_reg.pkl
