[2013-04-09 15:25:50] ERMRec          INFO   : Kept 100 randomly chosen users, 1519 users discarded
[2013-04-09 15:25:50] ERMRec.learning.learning DEBUG  : Learning data for user 02338 has less than 2 class values. Using DummyClassifier.
[2013-04-09 15:25:50] ERMRec.learning.learning DEBUG  : Learning data for user 04626 has less than 2 class values. Using DummyClassifier.
[2013-04-09 15:25:50] ERMRec.learning.learning DEBUG  : Learning data for user 02186 has less than 2 class values. Using DummyClassifier.
[2013-04-09 15:25:50] ERMRec.learning.learning DEBUG  : Learning data for user 00822 has less than 2 class values. Using DummyClassifier.
[2013-04-09 15:25:50] ERMRec          INFO   : Scoring measure AUC could not be computed for 11 out of 100 users (11.0%)
[2013-04-09 15:25:50] ERMRec          DEBUG  : Finished fold: 0, base learner: log_reg, learner: NoMerging in 0.19s
[2013-04-09 15:25:50] ERMRec.learning.learning DEBUG  : Merged data has 152 attributes and 4381 examples.
[2013-04-09 15:25:50] ERMRec          INFO   : Scoring measure AUC could not be computed for 11 out of 100 users (11.0%)
[2013-04-09 15:25:50] ERMRec          DEBUG  : Finished fold: 0, base learner: log_reg, learner: MergeAll in 0.15s
[2013-04-09 15:31:43] ERMRec.learning.learning INFO   : Learning data for merged user M(00822,M(04626,M(02186,02338))) has less than 2 class values. Using DummyClassifier.
[2013-04-09 15:31:43] ERMRec          INFO   : Scoring measure AUC could not be computed for 11 out of 100 users (11.0%)
[2013-04-09 15:31:43] ERMRec          DEBUG  : Finished fold: 0, base learner: log_reg, learner: ERM in 349.41s
[2013-04-09 15:31:44] ERMRec.learning.learning DEBUG  : Learning data for user 02023 has less than 2 class values. Using DummyClassifier.
[2013-04-09 15:31:44] ERMRec          INFO   : Scoring measure AUC could not be computed for 22 out of 100 users (22.0%)
[2013-04-09 15:31:44] ERMRec          DEBUG  : Finished fold: 1, base learner: log_reg, learner: NoMerging in 0.19s
[2013-04-09 15:31:44] ERMRec.learning.learning DEBUG  : Merged data has 152 attributes and 4400 examples.
[2013-04-09 15:31:44] ERMRec          INFO   : Scoring measure AUC could not be computed for 22 out of 100 users (22.0%)
[2013-04-09 15:31:44] ERMRec          DEBUG  : Finished fold: 1, base learner: log_reg, learner: MergeAll in 0.13s
[2013-04-09 15:37:35] ERMRec.learning.learning INFO   : Learning data for merged user 02023 has less than 2 class values. Using DummyClassifier.
[2013-04-09 15:37:35] ERMRec          INFO   : Scoring measure AUC could not be computed for 22 out of 100 users (22.0%)
[2013-04-09 15:37:35] ERMRec          DEBUG  : Finished fold: 1, base learner: log_reg, learner: ERM in 348.05s
[2013-04-09 15:37:36] ERMRec.learning.learning DEBUG  : Learning data for user 02819 has less than 2 class values. Using DummyClassifier.
[2013-04-09 15:37:36] ERMRec.learning.learning DEBUG  : Learning data for user 00692 has less than 2 class values. Using DummyClassifier.
[2013-04-09 15:37:36] ERMRec          INFO   : Scoring measure AUC could not be computed for 26 out of 100 users (26.0%)
[2013-04-09 15:37:36] ERMRec          DEBUG  : Finished fold: 2, base learner: log_reg, learner: NoMerging in 0.18s
[2013-04-09 15:37:36] ERMRec.learning.learning DEBUG  : Merged data has 152 attributes and 4422 examples.
[2013-04-09 15:37:37] ERMRec          INFO   : Scoring measure AUC could not be computed for 26 out of 100 users (26.0%)
[2013-04-09 15:37:37] ERMRec          DEBUG  : Finished fold: 2, base learner: log_reg, learner: MergeAll in 0.12s
[2013-04-09 15:43:38] ERMRec.learning.learning INFO   : Learning data for merged user M(00692,02819) has less than 2 class values. Using DummyClassifier.
[2013-04-09 15:43:38] ERMRec          INFO   : Scoring measure AUC could not be computed for 26 out of 100 users (26.0%)
[2013-04-09 15:43:38] ERMRec          DEBUG  : Finished fold: 2, base learner: log_reg, learner: ERM in 358.00s
[2013-04-09 15:43:39] ERMRec.learning.learning DEBUG  : Learning data for user 01560 has less than 2 class values. Using DummyClassifier.
[2013-04-09 15:43:39] ERMRec          INFO   : Scoring measure AUC could not be computed for 26 out of 100 users (26.0%)
[2013-04-09 15:43:39] ERMRec          DEBUG  : Finished fold: 3, base learner: log_reg, learner: NoMerging in 0.18s
[2013-04-09 15:43:39] ERMRec.learning.learning DEBUG  : Merged data has 152 attributes and 4437 examples.
[2013-04-09 15:43:39] ERMRec          INFO   : Scoring measure AUC could not be computed for 26 out of 100 users (26.0%)
[2013-04-09 15:43:39] ERMRec          DEBUG  : Finished fold: 3, base learner: log_reg, learner: MergeAll in 0.12s
[2013-04-09 15:49:34] ERMRec.learning.learning INFO   : Learning data for merged user 01560 has less than 2 class values. Using DummyClassifier.
[2013-04-09 15:49:34] ERMRec          INFO   : Scoring measure AUC could not be computed for 26 out of 100 users (26.0%)
[2013-04-09 15:49:34] ERMRec          DEBUG  : Finished fold: 3, base learner: log_reg, learner: ERM in 351.58s
[2013-04-09 15:49:35] ERMRec          INFO   : Scoring measure AUC could not be computed for 29 out of 100 users (29.0%)
[2013-04-09 15:49:35] ERMRec          DEBUG  : Finished fold: 4, base learner: log_reg, learner: NoMerging in 0.17s
[2013-04-09 15:49:35] ERMRec.learning.learning DEBUG  : Merged data has 152 attributes and 4456 examples.
[2013-04-09 15:49:35] ERMRec          INFO   : Scoring measure AUC could not be computed for 29 out of 100 users (29.0%)
[2013-04-09 15:49:35] ERMRec          DEBUG  : Finished fold: 4, base learner: log_reg, learner: MergeAll in 0.13s
[2013-04-09 15:55:28] ERMRec          INFO   : Scoring measure AUC could not be computed for 29 out of 100 users (29.0%)
[2013-04-09 15:55:28] ERMRec          DEBUG  : Finished fold: 4, base learner: log_reg, learner: ERM in 349.25s
[2013-04-09 15:55:29] ERMRec          DEBUG  : Successfully pickled the results of base learner: log_reg to file: /home/tadej/ERMRec/results/users-m10-seed56-keep100/bl-log_reg.pkl
[2013-04-09 15:55:29] ERMRec          INFO   : Results of base learner: log_reg are already loaded
