[2013-05-14 18:56:32] PyMTL           DEBUG  : Finished repetition: 0, base learner: ridge_cv, learner: NoMerging in 0.17s
[2013-05-14 18:56:32] PyMTL.learning.learning DEBUG  : Merged data has 28 attributes and 11471 examples.
[2013-05-14 18:56:32] PyMTL           DEBUG  : Finished repetition: 0, base learner: ridge_cv, learner: MergeAll in 0.08s
[2013-05-14 18:56:32] PyMTL.learning.learning DEBUG  : Computing candidate pairs for merging (9591 pairs)
[2013-05-14 19:00:42] PyMTL.learning.learning DEBUG  : Processing 5765 candidate pairs for merging
[2013-05-14 19:08:21] PyMTL           DEBUG  : Finished repetition: 0, base learner: ridge_cv, learner: ERM in 739.32s
[2013-05-14 19:08:21] PyMTL           DEBUG  : Finished repetition: 1, base learner: ridge_cv, learner: NoMerging in 0.16s
[2013-05-14 19:08:21] PyMTL.learning.learning DEBUG  : Merged data has 28 attributes and 11471 examples.
[2013-05-14 19:08:21] PyMTL           DEBUG  : Finished repetition: 1, base learner: ridge_cv, learner: MergeAll in 0.06s
[2013-05-14 19:08:21] PyMTL.learning.learning DEBUG  : Computing candidate pairs for merging (9591 pairs)
[2013-05-14 19:12:24] PyMTL.learning.learning DEBUG  : Processing 5960 candidate pairs for merging
[2013-05-14 19:19:43] PyMTL           DEBUG  : Finished repetition: 1, base learner: ridge_cv, learner: ERM in 711.62s
[2013-05-14 19:19:43] PyMTL           DEBUG  : Finished repetition: 2, base learner: ridge_cv, learner: NoMerging in 0.16s
[2013-05-14 19:19:43] PyMTL.learning.learning DEBUG  : Merged data has 28 attributes and 11471 examples.
[2013-05-14 19:19:43] PyMTL           DEBUG  : Finished repetition: 2, base learner: ridge_cv, learner: MergeAll in 0.06s
[2013-05-14 19:19:43] PyMTL.learning.learning DEBUG  : Computing candidate pairs for merging (9591 pairs)
[2013-05-14 19:23:40] PyMTL.learning.learning DEBUG  : Processing 6062 candidate pairs for merging
[2013-05-14 19:30:48] PyMTL           DEBUG  : Finished repetition: 2, base learner: ridge_cv, learner: ERM in 695.55s
[2013-05-14 19:30:48] PyMTL           DEBUG  : Finished repetition: 3, base learner: ridge_cv, learner: NoMerging in 0.16s
[2013-05-14 19:30:48] PyMTL.learning.learning DEBUG  : Merged data has 28 attributes and 11471 examples.
[2013-05-14 19:30:48] PyMTL           DEBUG  : Finished repetition: 3, base learner: ridge_cv, learner: MergeAll in 0.07s
[2013-05-14 19:30:48] PyMTL.learning.learning DEBUG  : Computing candidate pairs for merging (9591 pairs)
[2013-05-14 19:34:46] PyMTL.learning.learning DEBUG  : Processing 5627 candidate pairs for merging
[2013-05-14 19:41:45] PyMTL           DEBUG  : Finished repetition: 3, base learner: ridge_cv, learner: ERM in 685.14s
[2013-05-14 19:41:45] PyMTL           DEBUG  : Finished repetition: 4, base learner: ridge_cv, learner: NoMerging in 0.16s
[2013-05-14 19:41:45] PyMTL.learning.learning DEBUG  : Merged data has 28 attributes and 11471 examples.
[2013-05-14 19:41:46] PyMTL           DEBUG  : Finished repetition: 4, base learner: ridge_cv, learner: MergeAll in 0.06s
[2013-05-14 19:41:46] PyMTL.learning.learning DEBUG  : Computing candidate pairs for merging (9591 pairs)
[2013-05-14 19:45:42] PyMTL.learning.learning DEBUG  : Processing 5738 candidate pairs for merging
[2013-05-14 19:53:21] PyMTL           DEBUG  : Finished repetition: 4, base learner: ridge_cv, learner: ERM in 732.94s
[2013-05-14 19:53:21] PyMTL           DEBUG  : Finished repetition: 5, base learner: ridge_cv, learner: NoMerging in 0.16s
[2013-05-14 19:53:21] PyMTL.learning.learning DEBUG  : Merged data has 28 attributes and 11471 examples.
[2013-05-14 19:53:21] PyMTL           DEBUG  : Finished repetition: 5, base learner: ridge_cv, learner: MergeAll in 0.06s
[2013-05-14 19:53:21] PyMTL.learning.learning DEBUG  : Computing candidate pairs for merging (9591 pairs)
[2013-05-14 19:57:19] PyMTL.learning.learning DEBUG  : Processing 5899 candidate pairs for merging
[2013-05-14 20:04:25] PyMTL           DEBUG  : Finished repetition: 5, base learner: ridge_cv, learner: ERM in 694.86s
[2013-05-14 20:04:25] PyMTL           DEBUG  : Finished repetition: 6, base learner: ridge_cv, learner: NoMerging in 0.16s
[2013-05-14 20:04:25] PyMTL.learning.learning DEBUG  : Merged data has 28 attributes and 11471 examples.
[2013-05-14 20:04:25] PyMTL           DEBUG  : Finished repetition: 6, base learner: ridge_cv, learner: MergeAll in 0.06s
[2013-05-14 20:04:25] PyMTL.learning.learning DEBUG  : Computing candidate pairs for merging (9591 pairs)
[2013-05-14 20:08:22] PyMTL.learning.learning DEBUG  : Processing 5741 candidate pairs for merging
[2013-05-14 20:15:25] PyMTL           DEBUG  : Finished repetition: 6, base learner: ridge_cv, learner: ERM in 694.71s
[2013-05-14 20:15:26] PyMTL           DEBUG  : Finished repetition: 7, base learner: ridge_cv, learner: NoMerging in 0.15s
[2013-05-14 20:15:26] PyMTL.learning.learning DEBUG  : Merged data has 28 attributes and 11471 examples.
[2013-05-14 20:15:26] PyMTL           DEBUG  : Finished repetition: 7, base learner: ridge_cv, learner: MergeAll in 0.08s
[2013-05-14 20:15:26] PyMTL.learning.learning DEBUG  : Computing candidate pairs for merging (9591 pairs)
[2013-05-14 20:19:22] PyMTL.learning.learning DEBUG  : Processing 6040 candidate pairs for merging
[2013-05-14 20:26:25] PyMTL           DEBUG  : Finished repetition: 7, base learner: ridge_cv, learner: ERM in 693.30s
[2013-05-14 20:26:25] PyMTL           DEBUG  : Finished repetition: 8, base learner: ridge_cv, learner: NoMerging in 0.15s
[2013-05-14 20:26:25] PyMTL.learning.learning DEBUG  : Merged data has 28 attributes and 11471 examples.
[2013-05-14 20:26:25] PyMTL           DEBUG  : Finished repetition: 8, base learner: ridge_cv, learner: MergeAll in 0.07s
[2013-05-14 20:26:25] PyMTL.learning.learning DEBUG  : Computing candidate pairs for merging (9591 pairs)
[2013-05-14 20:30:22] PyMTL.learning.learning DEBUG  : Processing 6152 candidate pairs for merging
[2013-05-14 20:37:22] PyMTL           DEBUG  : Finished repetition: 8, base learner: ridge_cv, learner: ERM in 690.50s
[2013-05-14 20:37:22] PyMTL           DEBUG  : Finished repetition: 9, base learner: ridge_cv, learner: NoMerging in 0.15s
[2013-05-14 20:37:22] PyMTL.learning.learning DEBUG  : Merged data has 28 attributes and 11471 examples.
[2013-05-14 20:37:22] PyMTL           DEBUG  : Finished repetition: 9, base learner: ridge_cv, learner: MergeAll in 0.07s
[2013-05-14 20:37:22] PyMTL.learning.learning DEBUG  : Computing candidate pairs for merging (9591 pairs)
[2013-05-14 20:41:20] PyMTL.learning.learning DEBUG  : Processing 5875 candidate pairs for merging
[2013-05-14 20:48:22] PyMTL           DEBUG  : Finished repetition: 9, base learner: ridge_cv, learner: ERM in 692.51s
[2013-05-14 20:48:22] PyMTL           DEBUG  : Successfully pickled the results of base learner: ridge_cv to file: /home/tadej/Workspace/PyMTL/results/school-seed63-repeats10/bl-ridge_cv.pkl
