[2013-06-03 15:18:54] PyMTL           DEBUG  : Report about the generated synthetic Boolean MTL problem:
[2013-06-03 15:18:54] PyMTL           DEBUG  :   Boolean function of each group:
[2013-06-03 15:18:54] PyMTL           DEBUG  :    - Group 0: (x₆ ∧ ¬ x₁ ∧ ¬ x₂) ∨ (x₁ ∧ x₁₄ ∧ ¬ x₄ ∧ ¬ x₇) ∨ (x₁₄ ∧ x₆ ∧ x₉ ∧ ¬ x₁₀) ∨ (x₃ ∧ x₄ ∧ 
¬ x₆ ∧ ¬ x₉) ∨ (x₁ ∧ x₁₁ ∧ x₁₃ ∧ x₅ ∧ ¬ x₁₂) ∨ (x₁₂ ∧ x₁₄ ∧ x₄ ∧ x₅ ∧ x₇) ∨ (x₁₃ ∧ ¬ 
x₁₀ ∧ ¬ x₁₄ ∧ ¬ x₂ ∧ ¬ x₉) ∨ (x₃ ∧ x₄ ∧ ¬ x₁₄ ∧ ¬ x₆ ∧ ¬ x₉) ∨ (x₁ ∧ x₁₅ ∧ x₆ ∧ x₇ ∧ 
¬ x₅ ∧ ¬ x₈) ∨ (x₁₀ ∧ x₃ ∧ x₄ ∧ x₅ ∧ x₆ ∧ ¬ x₁₅) ∨ (x₁₁ ∧ x₁₆ ∧ x₂ ∧ x₈ ∧ ¬ x₁₀ ∧ ¬ x
₇) ∨ (¬ x₁₀ ∧ ¬ x₁₂ ∧ ¬ x₁₃ ∧ ¬ x₁₆ ∧ ¬ x₂ ∧ ¬ x₄) ∨ (x₁ ∧ x₁₀ ∧ x₁₄ ∧ x₃ ∧ x₈ ∧ ¬ x₄
 ∧ ¬ x₉) ∨ (x₁ ∧ x₁₂ ∧ x₁₃ ∧ x₁₅ ∧ x₉ ∧ ¬ x₁₆ ∧ ¬ x₂) ∨ (x₁ ∧ x₁₆ ∧ x₃ ∧ x₇ ∧ x₈ ∧ ¬ 
x₁₁ ∧ ¬ x₆) ∨ (x₁ ∧ x₂ ∧ x₃ ∧ ¬ x₁₅ ∧ ¬ x₅ ∧ ¬ x₆ ∧ ¬ x₉) ∨ (x₁₀ ∧ x₃ ∧ ¬ x₁ ∧ ¬ x₁₆ 
∧ ¬ x₂ ∧ ¬ x₇ ∧ ¬ x₈) ∨ (x₁₁ ∧ x₁₂ ∧ x₃ ∧ x₉ ∧ ¬ x₁ ∧ ¬ x₁₃ ∧ ¬ x₅) ∨ (x₁₁ ∧ x₁₂ ∧ x₅
 ∧ x₆ ∧ ¬ x₁₃ ∧ ¬ x₂ ∧ ¬ x₇) ∨ (x₁₂ ∧ x₁₃ ∧ x₄ ∧ x₉ ∧ ¬ x₁₀ ∧ ¬ x₁₅ ∧ ¬ x₈) ∨ (x₁₃ ∧ 
x₆ ∧ ¬ x₁₂ ∧ ¬ x₃ ∧ ¬ x₇ ∧ ¬ x₈ ∧ ¬ x₉) ∨ (x₁₄ ∧ x₂ ∧ x₉ ∧ ¬ x₁ ∧ ¬ x₁₂ ∧ ¬ x₁₆ ∧ ¬ x
₈) ∨ (x₁₆ ∧ x₂ ∧ x₇ ∧ x₈ ∧ ¬ x₁ ∧ ¬ x₁₄ ∧ ¬ x₉) ∨ (x₁₆ ∧ x₃ ∧ ¬ x₁₂ ∧ ¬ x₁₄ ∧ ¬ x₇ ∧ 
¬ x₈ ∧ ¬ x₉) ∨ (x₂ ∧ x₃ ∧ x₄ ∧ ¬ x₁₂ ∧ ¬ x₁₆ ∧ ¬ x₆ ∧ ¬ x₇) ∨ (x₂ ∧ ¬ x₁₁ ∧ ¬ x₃ ∧ ¬ 
x₄ ∧ ¬ x₆ ∧ ¬ x₈ ∧ ¬ x₉) ∨ (x₃ ∧ x₆ ∧ ¬ x₁ ∧ ¬ x₁₁ ∧ ¬ x₁₃ ∧ ¬ x₁₅ ∧ ¬ x₁₆) ∨ (¬ x₁ ∧
 ¬ x₁₂ ∧ ¬ x₁₅ ∧ ¬ x₂ ∧ ¬ x₆ ∧ ¬ x₇ ∧ ¬ x₈) ∨ (x₁ ∧ x₁₀ ∧ x₁₆ ∧ x₄ ∧ x₉ ∧ ¬ x₁₁ ∧ ¬ x
₁₂ ∧ ¬ x₃) ∨ (x₁ ∧ x₁₆ ∧ x₃ ∧ x₅ ∧ x₈ ∧ ¬ x₁₃ ∧ ¬ x₂ ∧ ¬ x₉) ∨ (x₁ ∧ x₆ ∧ x₇ ∧ x₉ ∧ ¬
 x₁₀ ∧ ¬ x₁₂ ∧ ¬ x₃ ∧ ¬ x₅) ∨ (x₁₀ ∧ x₁₄ ∧ x₁₆ ∧ x₂ ∧ x₄ ∧ x₈ ∧ ¬ x₁₂ ∧ ¬ x₃) ∨ (x₁₀ 
∧ x₁₄ ∧ x₂ ∧ x₃ ∧ x₇ ∧ ¬ x₁₁ ∧ ¬ x₄ ∧ ¬ x₈) ∨ (x₁₀ ∧ x₁₅ ∧ x₇ ∧ x₉ ∧ ¬ x₁₆ ∧ ¬ x₃ ∧ ¬
 x₄ ∧ ¬ x₈) ∨ (x₁₀ ∧ x₃ ∧ x₆ ∧ x₉ ∧ ¬ x₁₄ ∧ ¬ x₁₅ ∧ ¬ x₄ ∧ ¬ x₅) ∨ (x₁₁ ∧ x₁₂ ∧ x₁₅ ∧
 x₁₆ ∧ x₄ ∧ x₈ ∧ ¬ x₁₀ ∧ ¬ x₉) ∨ (x₁₅ ∧ x₃ ∧ x₉ ∧ ¬ x₁ ∧ ¬ x₁₀ ∧ ¬ x₁₃ ∧ ¬ x₄ ∧ ¬ x₅)
 ∨ (x₁₆ ∧ x₃ ∧ x₅ ∧ x₆ ∧ x₉ ∧ ¬ x₁₁ ∧ ¬ x₁₃ ∧ ¬ x₄) ∨ (x₄ ∧ x₉ ∧ ¬ x₁ ∧ ¬ x₁₁ ∧ ¬ x₁₂
 ∧ ¬ x₃ ∧ ¬ x₅ ∧ ¬ x₇) ∨ (x₁ ∧ x₁₀ ∧ x₁₁ ∧ x₆ ∧ x₈ ∧ ¬ x₁₂ ∧ ¬ x₁₅ ∧ ¬ x₂ ∧ ¬ x₃) ∨ (
x₁ ∧ x₁₄ ∧ x₁₅ ∧ x₁₆ ∧ ¬ x₂ ∧ ¬ x₄ ∧ ¬ x₅ ∧ ¬ x₆ ∧ ¬ x₈) ∨ (x₁ ∧ x₆ ∧ ¬ x₁₂ ∧ ¬ x₁₃ ∧
 ¬ x₁₆ ∧ ¬ x₃ ∧ ¬ x₄ ∧ ¬ x₅ ∧ ¬ x₉) ∨ (x₁₀ ∧ x₁₁ ∧ x₁₃ ∧ x₃ ∧ x₅ ∧ x₈ ∧ x₉ ∧ ¬ x₁₂ ∧ 
¬ x₁₆) ∨ (x₁₀ ∧ x₁₄ ∧ x₃ ∧ ¬ x₁ ∧ ¬ x₁₁ ∧ ¬ x₁₂ ∧ ¬ x₁₃ ∧ ¬ x₁₆ ∧ ¬ x₂) ∨ (x₁₀ ∧ x₃ ∧
 x₄ ∧ ¬ x₁ ∧ ¬ x₁₁ ∧ ¬ x₁₂ ∧ ¬ x₁₆ ∧ ¬ x₇ ∧ ¬ x₈) ∨ (x₁₁ ∧ x₁₆ ∧ x₇ ∧ ¬ x₁ ∧ ¬ x₁₀ ∧ 
¬ x₁₃ ∧ ¬ x₁₄ ∧ ¬ x₅ ∧ ¬ x₆) ∨ (x₁₃ ∧ x₁₄ ∧ x₁₅ ∧ x₂ ∧ x₉ ∧ ¬ x₁₀ ∧ ¬ x₁₆ ∧ ¬ x₃ ∧ ¬ 
x₆) ∨ (x₁₃ ∧ x₂ ∧ x₃ ∧ x₅ ∧ x₆ ∧ x₈ ∧ ¬ x₁₀ ∧ ¬ x₄ ∧ ¬ x₇) ∨ (x₁₃ ∧ x₇ ∧ x₉ ∧ ¬ x₁₀ ∧
 ¬ x₁₁ ∧ ¬ x₁₂ ∧ ¬ x₁₄ ∧ ¬ x₂ ∧ ¬ x₆) ∨ (x₁ ∧ x₁₁ ∧ x₃ ∧ x₅ ∧ x₇ ∧ x₈ ∧ ¬ x₁₀ ∧ ¬ x₁₅
 ∧ ¬ x₁₆ ∧ ¬ x₂) ∨ (x₁ ∧ x₁₂ ∧ x₁₃ ∧ x₁₆ ∧ x₆ ∧ x₉ ∧ ¬ x₁₀ ∧ ¬ x₁₁ ∧ ¬ x₁₅ ∧ ¬ x₅) ∨ 
(x₁ ∧ x₁₂ ∧ x₂ ∧ x₄ ∧ ¬ x₁₁ ∧ ¬ x₁₄ ∧ ¬ x₁₆ ∧ ¬ x₅ ∧ ¬ x₆ ∧ ¬ x₉) ∨ (x₁ ∧ x₁₃ ∧ x₃ ∧ 
x₉ ∧ ¬ x₁₁ ∧ ¬ x₁₂ ∧ ¬ x₁₆ ∧ ¬ x₂ ∧ ¬ x₅ ∧ ¬ x₈) ∨ (x₁₀ ∧ x₁₁ ∧ x₁₃ ∧ x₁₄ ∧ x₃ ∧ x₅ ∧
 x₇ ∧ ¬ x₁₂ ∧ ¬ x₂ ∧ ¬ x₆) ∨ (x₁₃ ∧ x₂ ∧ x₃ ∧ ¬ x₁₀ ∧ ¬ x₁₄ ∧ ¬ x₁₆ ∧ ¬ x₄ ∧ ¬ x₆ ∧ ¬
 x₇ ∧ ¬ x₈) ∨ (x₁₄ ∧ x₁₅ ∧ x₄ ∧ x₅ ∧ x₉ ∧ ¬ x₁₁ ∧ ¬ x₁₂ ∧ ¬ x₁₃ ∧ ¬ x₆ ∧ ¬ x₇) ∨ (x₁₅
 ∧ x₇ ∧ x₈ ∧ x₉ ∧ ¬ x₁ ∧ ¬ x₁₀ ∧ ¬ x₁₁ ∧ ¬ x₂ ∧ ¬ x₄ ∧ ¬ x₆) ∨ (x₁ ∧ x₁₁ ∧ x₁₂ ∧ x₁₄ 
∧ x₄ ∧ x₅ ∧ x₆ ∧ x₇ ∧ ¬ x₁₃ ∧ ¬ x₃ ∧ ¬ x₉) ∨ (x₁ ∧ x₁₃ ∧ x₁₄ ∧ x₁₅ ∧ x₉ ∧ ¬ x₁₁ ∧ ¬ x
₃ ∧ ¬ x₄ ∧ ¬ x₆ ∧ ¬ x₇ ∧ ¬ x₈) ∨ (x₁ ∧ x₁₃ ∧ x₉ ∧ ¬ x₁₄ ∧ ¬ x₁₅ ∧ ¬ x₁₆ ∧ ¬ x₂ ∧ ¬ x₅
 ∧ ¬ x₆ ∧ ¬ x₇ ∧ ¬ x₈) ∨ (x₁₀ ∧ x₁₁ ∧ x₁₂ ∧ x₅ ∧ ¬ x₁ ∧ ¬ x₁₅ ∧ ¬ x₂ ∧ ¬ x₃ ∧ ¬ x₇ ∧ 
¬ x₈ ∧ ¬ x₉) ∨ (x₇ ∧ ¬ x₁ ∧ ¬ x₁₀ ∧ ¬ x₁₂ ∧ ¬ x₁₄ ∧ ¬ x₂ ∧ ¬ x₃ ∧ ¬ x₄ ∧ ¬ x₆ ∧ ¬ x₈ 
∧ ¬ x₉) ∨ (x₁₀ ∧ x₁₁ ∧ x₁₂ ∧ x₁₄ ∧ ¬ x₁₃ ∧ ¬ x₁₅ ∧ ¬ x₁₆ ∧ ¬ x₂ ∧ ¬ x₃ ∧ ¬ x₄ ∧ ¬ x₅ 
∧ ¬ x₇ ∧ ¬ x₈) ∨ (x₁₄ ∧ x₃ ∧ ¬ x₁ ∧ ¬ x₁₁ ∧ ¬ x₁₂ ∧ ¬ x₁₃ ∧ ¬ x₁₅ ∧ ¬ x₁₆ ∧ ¬ x₂ ∧ ¬ 
x₄ ∧ ¬ x₅ ∧ ¬ x₇ ∧ ¬ x₈)
[2013-06-03 15:18:54] PyMTL           DEBUG  :    - Group 1: (x₁ ∧ x₁₄ ∧ x₂ ∧ ¬ x₁₆ ∧ ¬ x₅) ∨ (x₁₃ ∧ x₈ ∧ ¬ x₁ ∧ ¬ x₁₂ ∧ ¬ x₂) ∨ (x₁₃ ∧ ¬ x₁₄ ∧ ¬ 
x₁₆ ∧ ¬ x₃ ∧ ¬ x₆) ∨ (x₁₄ ∧ x₁₅ ∧ ¬ x₁ ∧ ¬ x₁₀ ∧ ¬ x₈) ∨ (x₆ ∧ ¬ x₁₂ ∧ ¬ x₃ ∧ ¬ x₅ ∧ 
¬ x₇) ∨ (x₁₃ ∧ x₁₄ ∧ x₃ ∧ x₄ ∧ ¬ x₁₀ ∧ ¬ x₁₅) ∨ (x₁₃ ∧ x₃ ∧ ¬ x₁ ∧ ¬ x₁₁ ∧ ¬ x₇ ∧ ¬ x
₈) ∨ (x₁₄ ∧ x₁₅ ∧ x₃ ∧ ¬ x₁₂ ∧ ¬ x₁₆ ∧ ¬ x₂) ∨ (x₁₄ ∧ x₅ ∧ x₆ ∧ x₉ ∧ ¬ x₁₅ ∧ ¬ x₈) ∨ 
(x₁₅ ∧ x₃ ∧ x₆ ∧ x₇ ∧ ¬ x₁ ∧ ¬ x₁₄) ∨ (x₁₅ ∧ x₄ ∧ x₈ ∧ ¬ x₁₁ ∧ ¬ x₁₂ ∧ ¬ x₂) ∨ (x₁₅ ∧
 ¬ x₁₃ ∧ ¬ x₁₆ ∧ ¬ x₃ ∧ ¬ x₄ ∧ ¬ x₅) ∨ (x₁₆ ∧ x₂ ∧ x₈ ∧ ¬ x₁₀ ∧ ¬ x₁₂ ∧ ¬ x₁₃) ∨ (x₁₆
 ∧ x₂ ∧ ¬ x₁₁ ∧ ¬ x₁₅ ∧ ¬ x₃ ∧ ¬ x₈) ∨ (x₁₆ ∧ x₃ ∧ ¬ x₁ ∧ ¬ x₁₂ ∧ ¬ x₁₄ ∧ ¬ x₇) ∨ (x₁
 ∧ x₁₀ ∧ x₁₂ ∧ x₆ ∧ x₈ ∧ ¬ x₃ ∧ ¬ x₄) ∨ (x₁ ∧ x₁₁ ∧ x₁₂ ∧ x₁₃ ∧ ¬ x₅ ∧ ¬ x₇ ∧ ¬ x₈) ∨
 (x₁ ∧ x₁₁ ∧ x₁₂ ∧ x₂ ∧ x₆ ∧ ¬ x₁₅ ∧ ¬ x₁₆) ∨ (x₁ ∧ x₁₂ ∧ x₁₃ ∧ x₃ ∧ x₆ ∧ x₉ ∧ ¬ x₅) 
∨ (x₁ ∧ x₁₆ ∧ x₉ ∧ ¬ x₁₀ ∧ ¬ x₁₁ ∧ ¬ x₁₄ ∧ ¬ x₅) ∨ (x₁ ∧ x₈ ∧ ¬ x₁₀ ∧ ¬ x₁₃ ∧ ¬ x₁₆ ∧
 ¬ x₃ ∧ ¬ x₄) ∨ (x₁₃ ∧ x₁₅ ∧ x₁₆ ∧ ¬ x₁₀ ∧ ¬ x₁₁ ∧ ¬ x₄ ∧ ¬ x₇) ∨ (x₁₄ ∧ x₁₆ ∧ x₂ ∧ x
₃ ∧ ¬ x₄ ∧ ¬ x₆ ∧ ¬ x₉) ∨ (x₁₅ ∧ x₈ ∧ ¬ x₂ ∧ ¬ x₃ ∧ ¬ x₅ ∧ ¬ x₆ ∧ ¬ x₇) ∨ (x₁₆ ∧ x₂ ∧
 ¬ x₁ ∧ ¬ x₁₁ ∧ ¬ x₁₄ ∧ ¬ x₁₅ ∧ ¬ x₆) ∨ (x₂ ∧ x₃ ∧ x₄ ∧ x₅ ∧ ¬ x₁₁ ∧ ¬ x₁₄ ∧ ¬ x₇) ∨ 
(x₃ ∧ x₄ ∧ x₆ ∧ ¬ x₁₂ ∧ ¬ x₁₃ ∧ ¬ x₇ ∧ ¬ x₈) ∨ (x₁ ∧ x₁₁ ∧ x₁₅ ∧ ¬ x₁₄ ∧ ¬ x₂ ∧ ¬ x₃ 
∧ ¬ x₄ ∧ ¬ x₇) ∨ (x₁ ∧ x₁₅ ∧ x₂ ∧ x₅ ∧ ¬ x₁₁ ∧ ¬ x₁₂ ∧ ¬ x₁₆ ∧ ¬ x₄) ∨ (x₁ ∧ x₁₅ ∧ x₆
 ∧ ¬ x₁₁ ∧ ¬ x₁₂ ∧ ¬ x₁₃ ∧ ¬ x₁₆ ∧ ¬ x₄) ∨ (x₁ ∧ x₁₆ ∧ x₃ ∧ x₆ ∧ x₇ ∧ ¬ x₄ ∧ ¬ x₅ ∧ ¬
 x₉) ∨ (x₁₀ ∧ x₁₂ ∧ x₃ ∧ x₅ ∧ ¬ x₁ ∧ ¬ x₁₁ ∧ ¬ x₂ ∧ ¬ x₉) ∨ (x₁₁ ∧ x₁₂ ∧ x₁₄ ∧ x₁₅ ∧ 
x₇ ∧ ¬ x₁₀ ∧ ¬ x₈ ∧ ¬ x₉) ∨ (x₁₁ ∧ x₁₃ ∧ x₁₆ ∧ x₂ ∧ ¬ x₁ ∧ ¬ x₁₀ ∧ ¬ x₄ ∧ ¬ x₆) ∨ (x₁
₁ ∧ x₁₅ ∧ x₇ ∧ ¬ x₁₀ ∧ ¬ x₁₄ ∧ ¬ x₂ ∧ ¬ x₄ ∧ ¬ x₆) ∨ (x₁₁ ∧ x₆ ∧ x₇ ∧ x₈ ∧ ¬ x₁₆ ∧ ¬ 
x₂ ∧ ¬ x₃ ∧ ¬ x₉) ∨ (x₁₂ ∧ x₁₆ ∧ x₂ ∧ x₅ ∧ x₇ ∧ ¬ x₃ ∧ ¬ x₈ ∧ ¬ x₉) ∨ (x₁₃ ∧ x₁₅ ∧ x₆
 ∧ x₉ ∧ ¬ x₁₂ ∧ ¬ x₁₆ ∧ ¬ x₃ ∧ ¬ x₇) ∨ (x₁₃ ∧ x₂ ∧ x₃ ∧ x₆ ∧ x₇ ∧ ¬ x₁₀ ∧ ¬ x₄ ∧ ¬ x₈
) ∨ (x₁₅ ∧ x₃ ∧ x₇ ∧ x₉ ∧ ¬ x₁₁ ∧ ¬ x₁₆ ∧ ¬ x₅ ∧ ¬ x₆) ∨ (x₁₅ ∧ x₄ ∧ x₆ ∧ ¬ x₁₀ ∧ ¬ x
₁₁ ∧ ¬ x₁₄ ∧ ¬ x₇ ∧ ¬ x₉) ∨ (x₁₆ ∧ x₉ ∧ ¬ x₁₀ ∧ ¬ x₁₁ ∧ ¬ x₄ ∧ ¬ x₅ ∧ ¬ x₆ ∧ ¬ x₇) ∨ 
(x₂ ∧ x₃ ∧ x₅ ∧ ¬ x₁₀ ∧ ¬ x₁₁ ∧ ¬ x₁₂ ∧ ¬ x₁₅ ∧ ¬ x₇) ∨ (x₁ ∧ x₁₄ ∧ ¬ x₁₂ ∧ ¬ x₁₅ ∧ ¬
 x₁₆ ∧ ¬ x₂ ∧ ¬ x₃ ∧ ¬ x₇ ∧ ¬ x₉) ∨ (x₁₀ ∧ x₁₆ ∧ x₈ ∧ x₉ ∧ ¬ x₁₁ ∧ ¬ x₁₂ ∧ ¬ x₁₃ ∧ ¬ 
x₁₅ ∧ ¬ x₆) ∨ (x₁₁ ∧ x₁₂ ∧ x₇ ∧ ¬ x₁₆ ∧ ¬ x₂ ∧ ¬ x₃ ∧ ¬ x₄ ∧ ¬ x₅ ∧ ¬ x₉) ∨ (x₁₁ ∧ x₁
₄ ∧ x₁₆ ∧ x₃ ∧ x₄ ∧ x₈ ∧ ¬ x₁ ∧ ¬ x₅ ∧ ¬ x₆) ∨ (x₁₃ ∧ x₁₆ ∧ x₄ ∧ x₇ ∧ x₉ ∧ ¬ x₁₀ ∧ ¬ 
x₁₁ ∧ ¬ x₁₅ ∧ ¬ x₃) ∨ (x₁₃ ∧ x₂ ∧ x₆ ∧ ¬ x₁ ∧ ¬ x₁₀ ∧ ¬ x₁₁ ∧ ¬ x₁₂ ∧ ¬ x₄ ∧ ¬ x₅) ∨ 
(x₁ ∧ x₁₀ ∧ x₁₁ ∧ x₁₃ ∧ x₁₄ ∧ x₁₅ ∧ x₃ ∧ x₄ ∧ x₇ ∧ ¬ x₉) ∨ (x₁ ∧ x₁₀ ∧ x₆ ∧ x₇ ∧ ¬ x₁
₂ ∧ ¬ x₁₃ ∧ ¬ x₁₄ ∧ ¬ x₁₅ ∧ ¬ x₁₆ ∧ ¬ x₃) ∨ (x₁ ∧ x₁₁ ∧ x₁₅ ∧ ¬ x₁₀ ∧ ¬ x₁₄ ∧ ¬ x₁₆ ∧
 ¬ x₂ ∧ ¬ x₄ ∧ ¬ x₅ ∧ ¬ x₇) ∨ (x₁ ∧ x₄ ∧ x₆ ∧ x₉ ∧ ¬ x₁₃ ∧ ¬ x₁₆ ∧ ¬ x₂ ∧ ¬ x₃ ∧ ¬ x₅
 ∧ ¬ x₇) ∨ (x₁₂ ∧ x₁₃ ∧ x₄ ∧ x₇ ∧ ¬ x₁₁ ∧ ¬ x₁₆ ∧ ¬ x₃ ∧ ¬ x₅ ∧ ¬ x₈ ∧ ¬ x₉) ∨ (x₁₅ ∧
 x₁₆ ∧ x₂ ∧ x₆ ∧ x₇ ∧ x₉ ∧ ¬ x₁ ∧ ¬ x₁₁ ∧ ¬ x₃ ∧ ¬ x₈) ∨ (x₁₅ ∧ x₃ ∧ x₅ ∧ ¬ x₁₀ ∧ ¬ x
₁₁ ∧ ¬ x₁₂ ∧ ¬ x₂ ∧ ¬ x₆ ∧ ¬ x₇ ∧ ¬ x₉) ∨ (x₁ ∧ x₁₁ ∧ x₁₂ ∧ x₇ ∧ x₈ ∧ x₉ ∧ ¬ x₁₀ ∧ ¬ 
x₁₃ ∧ ¬ x₁₄ ∧ ¬ x₂ ∧ ¬ x₆) ∨ (x₁ ∧ x₂ ∧ x₄ ∧ x₅ ∧ x₆ ∧ x₈ ∧ ¬ x₁₁ ∧ ¬ x₁₂ ∧ ¬ x₁₄ ∧ ¬
 x₁₅ ∧ ¬ x₃) ∨ (x₁₀ ∧ x₁₂ ∧ x₁₃ ∧ x₁₅ ∧ x₁₆ ∧ x₃ ∧ ¬ x₅ ∧ ¬ x₆ ∧ ¬ x₇ ∧ ¬ x₈ ∧ ¬ x₉) 
∨ (x₁₁ ∧ x₁₃ ∧ x₁₄ ∧ x₁₆ ∧ x₂ ∧ x₅ ∧ x₈ ∧ x₉ ∧ ¬ x₁ ∧ ¬ x₁₀ ∧ ¬ x₁₂) ∨ (x₁₂ ∧ x₂ ∧ x₈
 ∧ ¬ x₁ ∧ ¬ x₁₁ ∧ ¬ x₁₃ ∧ ¬ x₁₅ ∧ ¬ x₁₆ ∧ ¬ x₃ ∧ ¬ x₄ ∧ ¬ x₇) ∨ (x₁₄ ∧ x₁₅ ∧ x₆ ∧ x₇ 
∧ x₈ ∧ x₉ ∧ ¬ x₁ ∧ ¬ x₁₀ ∧ ¬ x₁₁ ∧ ¬ x₃ ∧ ¬ x₄) ∨ (x₁ ∧ x₁₀ ∧ x₁₁ ∧ x₁₃ ∧ x₄ ∧ x₅ ∧ x
₇ ∧ ¬ x₁₆ ∧ ¬ x₃ ∧ ¬ x₆ ∧ ¬ x₈ ∧ ¬ x₉) ∨ (x₁₂ ∧ x₁₆ ∧ x₃ ∧ x₆ ∧ x₇ ∧ x₉ ∧ ¬ x₁₀ ∧ ¬ x
₁₁ ∧ ¬ x₁₃ ∧ ¬ x₂ ∧ ¬ x₄ ∧ ¬ x₈)
[2013-06-03 15:18:54] PyMTL           DEBUG  :   % of True values in y for each task:
[2013-06-03 15:18:54] PyMTL           DEBUG  :    - Group 0, task 0: 0.515
[2013-06-03 15:18:54] PyMTL           DEBUG  :    - Group 0, task 1: 0.495
[2013-06-03 15:18:54] PyMTL           DEBUG  :    - Group 0, task 2: 0.49
[2013-06-03 15:18:54] PyMTL           DEBUG  :    - Group 0, task 3: 0.44
[2013-06-03 15:18:54] PyMTL           DEBUG  :    - Group 0, task 4: 0.47
[2013-06-03 15:18:54] PyMTL           DEBUG  :    - Group 0, task 5: 0.445
[2013-06-03 15:18:54] PyMTL           DEBUG  :    - Group 0, task 6: 0.465
[2013-06-03 15:18:54] PyMTL           DEBUG  :    - Group 0, task 7: 0.475
[2013-06-03 15:18:54] PyMTL           DEBUG  :    - Group 0, task 8: 0.51
[2013-06-03 15:18:54] PyMTL           DEBUG  :    - Group 0, task 9: 0.525
[2013-06-03 15:18:54] PyMTL           DEBUG  :    - Group 1, task 0: 0.355
[2013-06-03 15:18:54] PyMTL           DEBUG  :    - Group 1, task 1: 0.365
[2013-06-03 15:18:54] PyMTL           DEBUG  :    - Group 1, task 2: 0.395
[2013-06-03 15:18:54] PyMTL           DEBUG  :    - Group 1, task 3: 0.375
[2013-06-03 15:18:54] PyMTL           DEBUG  :    - Group 1, task 4: 0.43
[2013-06-03 15:18:54] PyMTL           DEBUG  :    - Group 1, task 5: 0.425
[2013-06-03 15:18:54] PyMTL           DEBUG  :    - Group 1, task 6: 0.35
[2013-06-03 15:18:54] PyMTL           DEBUG  :    - Group 1, task 7: 0.36
[2013-06-03 15:18:54] PyMTL           DEBUG  :    - Group 1, task 8: 0.405
[2013-06-03 15:18:54] PyMTL           DEBUG  :    - Group 1, task 9: 0.385
[2013-06-03 15:18:54] PyMTL           DEBUG  :   Average % of True values in y (across all tasks): 0.43375
[2013-06-03 15:18:54] PyMTL           DEBUG  : Finished repetition: 0, base learner: tree, learner: NoMerging in 0.04s
[2013-06-03 15:18:54] PyMTL           DEBUG  : Merged data has 16 attributes and 2000 examples.
[2013-06-03 15:18:54] PyMTL           DEBUG  : Finished repetition: 0, base learner: tree, learner: MergeAll in 0.04s
[2013-06-03 15:18:54] PyMTL           DEBUG  : Computing candidate pairs for merging (190 pairs)
[2013-06-03 15:19:00] PyMTL           DEBUG  : Processing 66 candidate pairs for merging
[2013-06-03 15:19:13] PyMTL           DEBUG  : Finished repetition: 0, base learner: tree, learner: ERM in 18.64s
[2013-06-03 15:19:13] PyMTL           DEBUG  : Finished repetition: 0, base learner: svm_poly, learner: NoMerging in 0.11s
[2013-06-03 15:19:13] PyMTL           DEBUG  : Merged data has 16 attributes and 2000 examples.
[2013-06-03 15:19:14] PyMTL           DEBUG  : Finished repetition: 0, base learner: svm_poly, learner: MergeAll in 0.90s
[2013-06-03 15:19:14] PyMTL           DEBUG  : Computing candidate pairs for merging (190 pairs)
[2013-06-03 15:19:37] PyMTL           DEBUG  : Processing 77 candidate pairs for merging
[2013-06-03 15:21:45] PyMTL           DEBUG  : Finished repetition: 0, base learner: svm_poly, learner: ERM in 150.78s
[2013-06-03 15:21:45] PyMTL           DEBUG  : Finished repetition: 1, base learner: tree, learner: NoMerging in 0.04s
[2013-06-03 15:21:45] PyMTL           DEBUG  : Merged data has 16 attributes and 2000 examples.
[2013-06-03 15:21:45] PyMTL           DEBUG  : Finished repetition: 1, base learner: tree, learner: MergeAll in 0.04s
[2013-06-03 15:21:45] PyMTL           DEBUG  : Computing candidate pairs for merging (190 pairs)
[2013-06-03 15:21:51] PyMTL           DEBUG  : Processing 71 candidate pairs for merging
[2013-06-03 15:22:03] PyMTL           DEBUG  : Finished repetition: 1, base learner: tree, learner: ERM in 17.69s
[2013-06-03 15:22:03] PyMTL           DEBUG  : Finished repetition: 1, base learner: svm_poly, learner: NoMerging in 0.12s
[2013-06-03 15:22:03] PyMTL           DEBUG  : Merged data has 16 attributes and 2000 examples.
[2013-06-03 15:22:04] PyMTL           DEBUG  : Finished repetition: 1, base learner: svm_poly, learner: MergeAll in 0.92s
[2013-06-03 15:22:04] PyMTL           DEBUG  : Computing candidate pairs for merging (190 pairs)
[2013-06-03 15:22:28] PyMTL           DEBUG  : Processing 71 candidate pairs for merging
[2013-06-03 15:24:36] PyMTL           DEBUG  : Finished repetition: 1, base learner: svm_poly, learner: ERM in 151.64s
[2013-06-03 15:24:36] PyMTL           DEBUG  : Finished repetition: 2, base learner: tree, learner: NoMerging in 0.04s
[2013-06-03 15:24:36] PyMTL           DEBUG  : Merged data has 16 attributes and 2000 examples.
[2013-06-03 15:24:36] PyMTL           DEBUG  : Finished repetition: 2, base learner: tree, learner: MergeAll in 0.05s
[2013-06-03 15:24:36] PyMTL           DEBUG  : Computing candidate pairs for merging (190 pairs)
[2013-06-03 15:24:42] PyMTL           DEBUG  : Processing 70 candidate pairs for merging
[2013-06-03 15:24:54] PyMTL           DEBUG  : Finished repetition: 2, base learner: tree, learner: ERM in 17.61s
[2013-06-03 15:24:54] PyMTL           DEBUG  : Finished repetition: 2, base learner: svm_poly, learner: NoMerging in 0.12s
[2013-06-03 15:24:54] PyMTL           DEBUG  : Merged data has 16 attributes and 2000 examples.
[2013-06-03 15:24:55] PyMTL           DEBUG  : Finished repetition: 2, base learner: svm_poly, learner: MergeAll in 0.89s
[2013-06-03 15:24:55] PyMTL           DEBUG  : Computing candidate pairs for merging (190 pairs)
[2013-06-03 15:25:19] PyMTL           DEBUG  : Processing 85 candidate pairs for merging
[2013-06-03 15:27:39] PyMTL           DEBUG  : Finished repetition: 2, base learner: svm_poly, learner: ERM in 162.98s
[2013-06-03 15:27:39] PyMTL           DEBUG  : Successfully pickled the results of base learner: tree to file: /home/tadej/Workspace/PyMTL/results/synthetic_data/boolean_func-a16d8n200g2tg10rs12-seed51-repeats3/bl-tree.pkl
[2013-06-03 15:27:39] PyMTL           DEBUG  : Successfully pickled the results of base learner: svm_poly to file: /home/tadej/Workspace/PyMTL/results/synthetic_data/boolean_func-a16d8n200g2tg10rs12-seed51-repeats3/bl-svm_poly.pkl
