[2013-05-16 17:46:26] PyMTL.learning.learning DEBUG  : Learning data for task Subject 122 has less than 2 class values. Using DummyClassifier.
[2013-05-16 17:46:26] PyMTL           DEBUG  : Finished repetition: 0, base learner: ridge, learner: NoMerging in 0.10s
[2013-05-16 17:46:26] PyMTL.learning.learning DEBUG  : Merged data has 14 attributes and 2850 examples.
[2013-05-16 17:46:26] PyMTL           DEBUG  : Finished repetition: 0, base learner: ridge, learner: MergeAll in 0.05s
[2013-05-16 17:46:26] PyMTL.learning.learning DEBUG  : Computing candidate pairs for merging (17955 pairs)
[2013-05-16 17:49:39] PyMTL.learning.learning DEBUG  : Processing 5216 candidate pairs for merging
[2013-05-16 17:52:59] PyMTL           DEBUG  : Finished repetition: 0, base learner: ridge, learner: ERM in 390.12s
[2013-05-16 17:52:59] PyMTL.learning.learning DEBUG  : Learning data for task Subject 122 has less than 2 class values. Using DummyClassifier.
[2013-05-16 17:52:59] PyMTL           DEBUG  : Finished repetition: 1, base learner: ridge, learner: NoMerging in 0.11s
[2013-05-16 17:52:59] PyMTL.learning.learning DEBUG  : Merged data has 14 attributes and 2850 examples.
[2013-05-16 17:52:59] PyMTL           DEBUG  : Finished repetition: 1, base learner: ridge, learner: MergeAll in 0.04s
[2013-05-16 17:52:59] PyMTL.learning.learning DEBUG  : Computing candidate pairs for merging (17955 pairs)
[2013-05-16 17:56:05] PyMTL.learning.learning DEBUG  : Processing 5354 candidate pairs for merging
[2013-05-16 17:59:05] PyMTL.learning.learning INFO   : Learning data for merged task Subject 122 has less than 2 class values. Using DummyClassifier.
[2013-05-16 17:59:05] PyMTL           DEBUG  : Finished repetition: 1, base learner: ridge, learner: ERM in 364.01s
[2013-05-16 17:59:05] PyMTL.learning.learning DEBUG  : Learning data for task Subject 122 has less than 2 class values. Using DummyClassifier.
[2013-05-16 17:59:05] PyMTL           DEBUG  : Finished repetition: 2, base learner: ridge, learner: NoMerging in 0.11s
[2013-05-16 17:59:05] PyMTL.learning.learning DEBUG  : Merged data has 14 attributes and 2850 examples.
[2013-05-16 17:59:05] PyMTL           DEBUG  : Finished repetition: 2, base learner: ridge, learner: MergeAll in 0.04s
[2013-05-16 17:59:05] PyMTL.learning.learning DEBUG  : Computing candidate pairs for merging (17955 pairs)
[2013-05-16 18:02:06] PyMTL.learning.learning DEBUG  : Processing 5513 candidate pairs for merging
[2013-05-16 18:05:04] PyMTL.learning.learning INFO   : Learning data for merged task Subject 122 has less than 2 class values. Using DummyClassifier.
[2013-05-16 18:05:04] PyMTL           DEBUG  : Finished repetition: 2, base learner: ridge, learner: ERM in 356.49s
[2013-05-16 18:05:04] PyMTL.learning.learning DEBUG  : Learning data for task Subject 122 has less than 2 class values. Using DummyClassifier.
[2013-05-16 18:05:04] PyMTL           DEBUG  : Finished repetition: 3, base learner: ridge, learner: NoMerging in 0.11s
[2013-05-16 18:05:04] PyMTL.learning.learning DEBUG  : Merged data has 14 attributes and 2850 examples.
[2013-05-16 18:05:04] PyMTL           DEBUG  : Finished repetition: 3, base learner: ridge, learner: MergeAll in 0.05s
[2013-05-16 18:05:04] PyMTL.learning.learning DEBUG  : Computing candidate pairs for merging (17955 pairs)
[2013-05-16 18:08:04] PyMTL.learning.learning DEBUG  : Processing 5299 candidate pairs for merging
[2013-05-16 18:11:00] PyMTL.learning.learning INFO   : Learning data for merged task Subject 122 has less than 2 class values. Using DummyClassifier.
[2013-05-16 18:11:00] PyMTL           DEBUG  : Finished repetition: 3, base learner: ridge, learner: ERM in 353.75s
[2013-05-16 18:11:00] PyMTL.learning.learning DEBUG  : Learning data for task Subject 122 has less than 2 class values. Using DummyClassifier.
[2013-05-16 18:11:00] PyMTL           DEBUG  : Finished repetition: 4, base learner: ridge, learner: NoMerging in 0.11s
[2013-05-16 18:11:00] PyMTL.learning.learning DEBUG  : Merged data has 14 attributes and 2850 examples.
[2013-05-16 18:11:00] PyMTL           DEBUG  : Finished repetition: 4, base learner: ridge, learner: MergeAll in 0.04s
[2013-05-16 18:11:00] PyMTL.learning.learning DEBUG  : Computing candidate pairs for merging (17955 pairs)
[2013-05-16 18:14:01] PyMTL.learning.learning DEBUG  : Processing 5571 candidate pairs for merging
[2013-05-16 18:16:56] PyMTL.learning.learning INFO   : Learning data for merged task Subject 122 has less than 2 class values. Using DummyClassifier.
[2013-05-16 18:16:56] PyMTL           DEBUG  : Finished repetition: 4, base learner: ridge, learner: ERM in 353.68s
[2013-05-16 18:16:56] PyMTL.learning.learning DEBUG  : Learning data for task Subject 50 has less than 2 class values. Using DummyClassifier.
[2013-05-16 18:16:56] PyMTL.learning.learning DEBUG  : Learning data for task Subject 122 has less than 2 class values. Using DummyClassifier.
[2013-05-16 18:16:56] PyMTL           DEBUG  : Finished repetition: 5, base learner: ridge, learner: NoMerging in 0.10s
[2013-05-16 18:16:56] PyMTL.learning.learning DEBUG  : Merged data has 14 attributes and 2850 examples.
[2013-05-16 18:16:56] PyMTL           DEBUG  : Finished repetition: 5, base learner: ridge, learner: MergeAll in 0.06s
[2013-05-16 18:16:56] PyMTL.learning.learning DEBUG  : Computing candidate pairs for merging (17955 pairs)
[2013-05-16 18:19:56] PyMTL.learning.learning DEBUG  : Processing 5587 candidate pairs for merging
[2013-05-16 18:22:49] PyMTL.learning.learning INFO   : Learning data for merged task M(Subject 122,Subject 50) has less than 2 class values. Using DummyClassifier.
[2013-05-16 18:22:49] PyMTL           DEBUG  : Finished repetition: 5, base learner: ridge, learner: ERM in 351.10s
[2013-05-16 18:22:49] PyMTL.learning.learning DEBUG  : Learning data for task Subject 122 has less than 2 class values. Using DummyClassifier.
[2013-05-16 18:22:49] PyMTL           DEBUG  : Finished repetition: 6, base learner: ridge, learner: NoMerging in 0.11s
[2013-05-16 18:22:49] PyMTL.learning.learning DEBUG  : Merged data has 14 attributes and 2850 examples.
[2013-05-16 18:22:49] PyMTL           DEBUG  : Finished repetition: 6, base learner: ridge, learner: MergeAll in 0.04s
[2013-05-16 18:22:49] PyMTL.learning.learning DEBUG  : Computing candidate pairs for merging (17955 pairs)
[2013-05-16 18:25:50] PyMTL.learning.learning DEBUG  : Processing 5312 candidate pairs for merging
[2013-05-16 18:28:52] PyMTL.learning.learning INFO   : Learning data for merged task Subject 122 has less than 2 class values. Using DummyClassifier.
[2013-05-16 18:28:52] PyMTL           DEBUG  : Finished repetition: 6, base learner: ridge, learner: ERM in 360.32s
[2013-05-16 18:28:52] PyMTL.learning.learning DEBUG  : Learning data for task Subject 122 has less than 2 class values. Using DummyClassifier.
[2013-05-16 18:28:52] PyMTL           DEBUG  : Finished repetition: 7, base learner: ridge, learner: NoMerging in 0.11s
[2013-05-16 18:28:52] PyMTL.learning.learning DEBUG  : Merged data has 14 attributes and 2850 examples.
[2013-05-16 18:28:52] PyMTL           DEBUG  : Finished repetition: 7, base learner: ridge, learner: MergeAll in 0.04s
[2013-05-16 18:28:52] PyMTL.learning.learning DEBUG  : Computing candidate pairs for merging (17955 pairs)
[2013-05-16 18:31:52] PyMTL.learning.learning DEBUG  : Processing 5147 candidate pairs for merging
[2013-05-16 18:34:48] PyMTL           DEBUG  : Finished repetition: 7, base learner: ridge, learner: ERM in 353.42s
[2013-05-16 18:34:48] PyMTL.learning.learning DEBUG  : Learning data for task Subject 122 has less than 2 class values. Using DummyClassifier.
[2013-05-16 18:34:48] PyMTL           DEBUG  : Finished repetition: 8, base learner: ridge, learner: NoMerging in 0.11s
[2013-05-16 18:34:48] PyMTL.learning.learning DEBUG  : Merged data has 14 attributes and 2850 examples.
[2013-05-16 18:34:48] PyMTL           DEBUG  : Finished repetition: 8, base learner: ridge, learner: MergeAll in 0.05s
[2013-05-16 18:34:48] PyMTL.learning.learning DEBUG  : Computing candidate pairs for merging (17955 pairs)
[2013-05-16 18:37:49] PyMTL.learning.learning DEBUG  : Processing 5462 candidate pairs for merging
[2013-05-16 18:40:47] PyMTL.learning.learning INFO   : Learning data for merged task Subject 122 has less than 2 class values. Using DummyClassifier.
[2013-05-16 18:40:47] PyMTL           DEBUG  : Finished repetition: 8, base learner: ridge, learner: ERM in 357.03s
[2013-05-16 18:40:47] PyMTL.learning.learning DEBUG  : Learning data for task Subject 122 has less than 2 class values. Using DummyClassifier.
[2013-05-16 18:40:47] PyMTL           DEBUG  : Finished repetition: 9, base learner: ridge, learner: NoMerging in 0.11s
[2013-05-16 18:40:47] PyMTL.learning.learning DEBUG  : Merged data has 14 attributes and 2850 examples.
[2013-05-16 18:40:47] PyMTL           DEBUG  : Finished repetition: 9, base learner: ridge, learner: MergeAll in 0.04s
[2013-05-16 18:40:47] PyMTL.learning.learning DEBUG  : Computing candidate pairs for merging (17955 pairs)
[2013-05-16 18:43:49] PyMTL.learning.learning DEBUG  : Processing 5158 candidate pairs for merging
[2013-05-16 18:46:45] PyMTL.learning.learning INFO   : Learning data for merged task Subject 122 has less than 2 class values. Using DummyClassifier.
[2013-05-16 18:46:45] PyMTL           DEBUG  : Finished repetition: 9, base learner: ridge, learner: ERM in 355.34s
[2013-05-16 18:46:45] PyMTL           DEBUG  : Successfully pickled the results of base learner: ridge to file: /home/tadej/Workspace/PyMTL/results/computer_survey-seed71-repeats10/bl-ridge.pkl
