[2013-04-30 16:57:46] PyMTL           DEBUG  : Finished repetition: 0, base learner: log_reg, learner: NoMerging in 0.28s
[2013-04-30 16:57:46] PyMTL.learning.learning DEBUG  : Merged data has 87 attributes and 10000 examples.
[2013-04-30 16:57:46] PyMTL           DEBUG  : Finished repetition: 0, base learner: log_reg, learner: MergeAll in 0.38s
[2013-04-30 16:57:46] PyMTL.learning.learning DEBUG  : Computing candidate pairs for merging (45 pairs)
[2013-04-30 16:58:08] PyMTL.learning.learning DEBUG  : Processing 0 candidate pairs for merging
[2013-04-30 16:58:08] PyMTL           DEBUG  : Finished repetition: 0, base learner: log_reg, learner: ERM in 22.06s
[2013-04-30 16:58:09] PyMTL           DEBUG  : Finished repetition: 1, base learner: log_reg, learner: NoMerging in 0.31s
[2013-04-30 16:58:09] PyMTL.learning.learning DEBUG  : Merged data has 87 attributes and 10000 examples.
[2013-04-30 16:58:09] PyMTL           DEBUG  : Finished repetition: 1, base learner: log_reg, learner: MergeAll in 0.39s
[2013-04-30 16:58:09] PyMTL.learning.learning DEBUG  : Computing candidate pairs for merging (45 pairs)
[2013-04-30 16:58:31] PyMTL.learning.learning DEBUG  : Processing 0 candidate pairs for merging
[2013-04-30 16:58:31] PyMTL           DEBUG  : Finished repetition: 1, base learner: log_reg, learner: ERM in 21.74s
[2013-04-30 16:58:31] PyMTL           DEBUG  : Finished repetition: 2, base learner: log_reg, learner: NoMerging in 0.29s
[2013-04-30 16:58:31] PyMTL.learning.learning DEBUG  : Merged data has 87 attributes and 10000 examples.
[2013-04-30 16:58:32] PyMTL           DEBUG  : Finished repetition: 2, base learner: log_reg, learner: MergeAll in 0.41s
[2013-04-30 16:58:32] PyMTL.learning.learning DEBUG  : Computing candidate pairs for merging (45 pairs)
[2013-04-30 16:58:54] PyMTL.learning.learning DEBUG  : Processing 0 candidate pairs for merging
[2013-04-30 16:58:55] PyMTL           DEBUG  : Finished repetition: 2, base learner: log_reg, learner: ERM in 22.99s
[2013-04-30 16:58:55] PyMTL           DEBUG  : Finished repetition: 3, base learner: log_reg, learner: NoMerging in 0.29s
[2013-04-30 16:58:55] PyMTL.learning.learning DEBUG  : Merged data has 87 attributes and 10000 examples.
[2013-04-30 16:58:55] PyMTL           DEBUG  : Finished repetition: 3, base learner: log_reg, learner: MergeAll in 0.44s
[2013-04-30 16:58:55] PyMTL.learning.learning DEBUG  : Computing candidate pairs for merging (45 pairs)
[2013-04-30 16:59:17] PyMTL.learning.learning DEBUG  : Processing 0 candidate pairs for merging
[2013-04-30 16:59:18] PyMTL           DEBUG  : Finished repetition: 3, base learner: log_reg, learner: ERM in 22.14s
[2013-04-30 16:59:18] PyMTL           DEBUG  : Finished repetition: 4, base learner: log_reg, learner: NoMerging in 0.28s
[2013-04-30 16:59:18] PyMTL.learning.learning DEBUG  : Merged data has 87 attributes and 10000 examples.
[2013-04-30 16:59:18] PyMTL           DEBUG  : Finished repetition: 4, base learner: log_reg, learner: MergeAll in 0.42s
[2013-04-30 16:59:19] PyMTL.learning.learning DEBUG  : Computing candidate pairs for merging (45 pairs)
[2013-04-30 16:59:41] PyMTL.learning.learning DEBUG  : Processing 0 candidate pairs for merging
[2013-04-30 16:59:41] PyMTL           DEBUG  : Finished repetition: 4, base learner: log_reg, learner: ERM in 22.49s
[2013-04-30 16:59:41] PyMTL           DEBUG  : Finished repetition: 5, base learner: log_reg, learner: NoMerging in 0.28s
[2013-04-30 16:59:41] PyMTL.learning.learning DEBUG  : Merged data has 87 attributes and 10000 examples.
[2013-04-30 16:59:42] PyMTL           DEBUG  : Finished repetition: 5, base learner: log_reg, learner: MergeAll in 0.36s
[2013-04-30 16:59:42] PyMTL.learning.learning DEBUG  : Computing candidate pairs for merging (45 pairs)
[2013-04-30 17:00:03] PyMTL.learning.learning DEBUG  : Processing 0 candidate pairs for merging
[2013-04-30 17:00:04] PyMTL           DEBUG  : Finished repetition: 5, base learner: log_reg, learner: ERM in 21.83s
[2013-04-30 17:00:04] PyMTL           DEBUG  : Finished repetition: 6, base learner: log_reg, learner: NoMerging in 0.28s
[2013-04-30 17:00:04] PyMTL.learning.learning DEBUG  : Merged data has 87 attributes and 10000 examples.
[2013-04-30 17:00:04] PyMTL           DEBUG  : Finished repetition: 6, base learner: log_reg, learner: MergeAll in 0.35s
[2013-04-30 17:00:04] PyMTL.learning.learning DEBUG  : Computing candidate pairs for merging (45 pairs)
[2013-04-30 17:00:27] PyMTL.learning.learning DEBUG  : Processing 0 candidate pairs for merging
[2013-04-30 17:00:28] PyMTL           DEBUG  : Finished repetition: 6, base learner: log_reg, learner: ERM in 22.94s
[2013-04-30 17:00:28] PyMTL           DEBUG  : Finished repetition: 7, base learner: log_reg, learner: NoMerging in 0.29s
[2013-04-30 17:00:28] PyMTL.learning.learning DEBUG  : Merged data has 87 attributes and 10000 examples.
[2013-04-30 17:00:28] PyMTL           DEBUG  : Finished repetition: 7, base learner: log_reg, learner: MergeAll in 0.35s
[2013-04-30 17:00:28] PyMTL.learning.learning DEBUG  : Computing candidate pairs for merging (45 pairs)
[2013-04-30 17:00:51] PyMTL.learning.learning DEBUG  : Processing 0 candidate pairs for merging
[2013-04-30 17:00:51] PyMTL           DEBUG  : Finished repetition: 7, base learner: log_reg, learner: ERM in 22.45s
[2013-04-30 17:00:51] PyMTL           DEBUG  : Finished repetition: 8, base learner: log_reg, learner: NoMerging in 0.28s
[2013-04-30 17:00:51] PyMTL.learning.learning DEBUG  : Merged data has 87 attributes and 10000 examples.
[2013-04-30 17:00:52] PyMTL           DEBUG  : Finished repetition: 8, base learner: log_reg, learner: MergeAll in 0.42s
[2013-04-30 17:00:52] PyMTL.learning.learning DEBUG  : Computing candidate pairs for merging (45 pairs)
[2013-04-30 17:01:14] PyMTL.learning.learning DEBUG  : Processing 0 candidate pairs for merging
[2013-04-30 17:01:14] PyMTL           DEBUG  : Finished repetition: 8, base learner: log_reg, learner: ERM in 22.36s
[2013-04-30 17:01:14] PyMTL           DEBUG  : Finished repetition: 9, base learner: log_reg, learner: NoMerging in 0.28s
[2013-04-30 17:01:14] PyMTL.learning.learning DEBUG  : Merged data has 87 attributes and 10000 examples.
[2013-04-30 17:01:15] PyMTL           DEBUG  : Finished repetition: 9, base learner: log_reg, learner: MergeAll in 0.37s
[2013-04-30 17:01:15] PyMTL.learning.learning DEBUG  : Computing candidate pairs for merging (45 pairs)
[2013-04-30 17:01:37] PyMTL.learning.learning DEBUG  : Processing 0 candidate pairs for merging
[2013-04-30 17:01:37] PyMTL           DEBUG  : Finished repetition: 9, base learner: log_reg, learner: ERM in 22.24s
[2013-04-30 17:01:37] PyMTL           DEBUG  : Successfully pickled the results of base learner: log_reg to file: /home/tadej/Workspace/PyMTL/results/mnist_digits-seed51-repeats10/bl-log_reg.pkl
